{"level":"info","message":"🚀 Athena Query Backend Server running on port 8000","service":"athena-query-backend","timestamp":"2025-09-09 18:13:56"}
{"level":"info","message":"📊 Environment: development","service":"athena-query-backend","timestamp":"2025-09-09 18:13:56"}
{"level":"info","message":"🌐 Frontend URL: http://localhost:3000","service":"athena-query-backend","timestamp":"2025-09-09 18:13:56"}
{"level":"info","message":"::1 - - [09/Sep/2025:10:14:03 +0000] \"GET /api/health HTTP/1.1\" 200 187 \"-\" \"Mozilla/5.0 (Windows NT; Windows NT 10.0; zh-CN) WindowsPowerShell/5.1.22621.5697\"","service":"athena-query-backend","timestamp":"2025-09-09 18:14:03"}
{"level":"info","message":"Health check completed","requestId":"req_1757412850042_abxlm843u","service":"athena-query-backend","services":{"athena":"configured","aws":"configured","s3":"configured"},"timestamp":"2025-09-09 18:14:10"}
{"level":"info","message":"::1 - - [09/Sep/2025:10:14:10 +0000] \"GET /api/health/detailed HTTP/1.1\" 200 347 \"-\" \"Mozilla/5.0 (Windows NT; Windows NT 10.0; zh-CN) WindowsPowerShell/5.1.22621.5697\"","service":"athena-query-backend","timestamp":"2025-09-09 18:14:10"}
{"database":"sales_db","level":"info","message":"Generating SQL","queryText":"????30??????","requestId":"req_1757412863265_htdhd3npc","service":"athena-query-backend","timestamp":"2025-09-09 18:14:23"}
{"database":"sales_db","level":"info","limit":1000,"message":"Generating SQL from natural language","queryText":"????30??????","service":"athena-query-backend","timestamp":"2025-09-09 18:14:23"}
{"estimatedCost":0.01,"estimatedTime":2,"intent":"general","level":"info","message":"SQL generated successfully","service":"athena-query-backend","timestamp":"2025-09-09 18:14:23"}
{"estimatedCost":0.01,"estimatedTime":2,"level":"info","message":"SQL generated successfully","requestId":"req_1757412863265_htdhd3npc","service":"athena-query-backend","timestamp":"2025-09-09 18:14:23"}
{"level":"info","message":"::1 - - [09/Sep/2025:10:14:23 +0000] \"POST /api/query/generate-sql HTTP/1.1\" 200 389 \"-\" \"Mozilla/5.0 (Windows NT; Windows NT 10.0; zh-CN) WindowsPowerShell/5.1.22621.5697\"","service":"athena-query-backend","timestamp":"2025-09-09 18:14:23"}
{"database":"sales_db","level":"info","message":"Executing query","requestId":"req_1757412869481_nycxnp00y","service":"athena-query-backend","sql":"SELECT * FROM sales_data LIMIT 10","timestamp":"2025-09-09 18:14:29"}
{"error":"Failed to start query execution: The security token included in the request is invalid.","level":"error","message":"Query execution failed","requestId":"req_1757412869481_nycxnp00y","service":"athena-query-backend","sql":"SELECT * FROM sales_data LIMIT 10","timestamp":"2025-09-09 18:14:30"}
{"level":"error","message":"Request req_1757412869481_nycxnp00y failed: Query execution failed: Failed to start query execution: The security token included in the request is invalid.","service":"athena-query-backend","stack":"Error: Query execution failed: Failed to start query execution: The security token included in the request is invalid.\n    at AthenaService.executeQuery (D:\\cursor\\Auto data\\backend\\services\\athenaService.js:81:13)\n    at process.processTicksAndRejections (node:internal/process/task_queues:105:5)\n    at async D:\\cursor\\Auto data\\backend\\routes\\query.js:105:20","timestamp":"2025-09-09 18:14:30"}
{"level":"info","message":"::1 - - [09/Sep/2025:10:14:30 +0000] \"POST /api/query/execute HTTP/1.1\" 500 568 \"-\" \"Mozilla/5.0 (Windows NT; Windows NT 10.0; zh-CN) WindowsPowerShell/5.1.22621.5697\"","service":"athena-query-backend","timestamp":"2025-09-09 18:14:30"}
{"level":"info","message":"🚀 Athena Query Backend Server running on port 8000","service":"athena-query-backend","timestamp":"2025-09-09 18:19:32"}
{"level":"info","message":"📊 Environment: development","service":"athena-query-backend","timestamp":"2025-09-09 18:19:32"}
{"level":"info","message":"🌐 Frontend URL: http://localhost:3000","service":"athena-query-backend","timestamp":"2025-09-09 18:19:32"}
{"level":"info","message":"🚀 Athena Query Backend Server running on port 8000","service":"athena-query-backend","timestamp":"2025-09-09 18:19:47"}
{"level":"info","message":"📊 Environment: development","service":"athena-query-backend","timestamp":"2025-09-09 18:19:47"}
{"level":"info","message":"🌐 Frontend URL: http://localhost:3000","service":"athena-query-backend","timestamp":"2025-09-09 18:19:47"}
{"level":"info","message":"🚀 Athena Query Backend Server running on port 8000","service":"athena-query-backend","timestamp":"2025-09-09 18:20:32"}
{"level":"info","message":"📊 Environment: development","service":"athena-query-backend","timestamp":"2025-09-09 18:20:32"}
{"level":"info","message":"🌐 Frontend URL: http://localhost:3000","service":"athena-query-backend","timestamp":"2025-09-09 18:20:32"}
{"level":"info","message":"🚀 Athena Query Backend Server running on port 8000","service":"athena-query-backend","timestamp":"2025-09-09 18:24:35"}
{"level":"info","message":"📊 Environment: development","service":"athena-query-backend","timestamp":"2025-09-09 18:24:35"}
{"level":"info","message":"🌐 Frontend URL: http://localhost:3000","service":"athena-query-backend","timestamp":"2025-09-09 18:24:35"}
{"ip":"::1","level":"info","message":"Request completed","method":"POST","requestId":"req_1757413485301_lpn4mmftr","responseTime":"undefinedms","service":"athena-query-backend","timestamp":"2025-09-09 18:24:45","url":"/data","userAgent":"Mozilla/5.0 (Windows NT; Windows NT 10.0; zh-CN) WindowsPowerShell/5.1.22621.5697"}
{"dataLength":1,"format":"excel","level":"info","message":"Starting data export","options":{"filename":"test_export","includeMetadata":true,"maxRowsPerFile":1000000,"maxRowsPerSheet":1000000,"sheetName":"Query Results","strategy":"auto"},"requestId":"req_1757413485301_pbnbsqsii","service":"athena-query-backend","timestamp":"2025-09-09 18:24:45"}
{"level":"info","message":"Athena query executed","requestId":"req_1757413485301_pbnbsqsii","service":"athena-query-backend","sql":"undefined","timestamp":"2025-09-09 18:24:45"}
{"level":"info","message":"Athena query executed","requestId":"req_1757413485301_pbnbsqsii","service":"athena-query-backend","sql":"undefined","timestamp":"2025-09-09 18:24:45"}
{"level":"info","message":"Data export completed","requestId":"req_1757413485301_pbnbsqsii","result":{"files":[{"filename":"test_export.xlsx","path":"D:\\cursor\\Auto data\\backend\\exports\\test_export.xlsx","rows":1,"size":7414}],"strategy":"single","success":true,"totalFiles":1,"totalRows":1},"service":"athena-query-backend","timestamp":"2025-09-09 18:24:45"}
{"level":"info","message":"::1 - - [09/Sep/2025:10:24:45 +0000] \"POST /api/export/data HTTP/1.1\" 200 416 \"-\" \"Mozilla/5.0 (Windows NT; Windows NT 10.0; zh-CN) WindowsPowerShell/5.1.22621.5697\"","service":"athena-query-backend","timestamp":"2025-09-09 18:24:45"}
