{"error":"Failed to start query execution: The security token included in the request is invalid.","level":"error","message":"Query execution failed","requestId":"req_1757412869481_nycxnp00y","service":"athena-query-backend","sql":"SELECT * FROM sales_data LIMIT 10","timestamp":"2025-09-09 18:14:30"}
{"level":"error","message":"Request req_1757412869481_nycxnp00y failed: Query execution failed: Failed to start query execution: The security token included in the request is invalid.","service":"athena-query-backend","stack":"Error: Query execution failed: Failed to start query execution: The security token included in the request is invalid.\n    at AthenaService.executeQuery (D:\\cursor\\Auto data\\backend\\services\\athenaService.js:81:13)\n    at process.processTicksAndRejections (node:internal/process/task_queues:105:5)\n    at async D:\\cursor\\Auto data\\backend\\routes\\query.js:105:20","timestamp":"2025-09-09 18:14:30"}
{"level":"error","message":"❌ 数据库连接失败:","service":"query-backend","timestamp":"2025-09-10 15:00:15"}
{"level":"error","message":"❌ MySQL数据库连接失败:","service":"query-backend","timestamp":"2025-09-10 15:02:45"}
{"level":"error","message":"❌ MySQL数据库连接失败:","service":"query-backend","timestamp":"2025-09-10 16:25:40"}
{"level":"error","message":"❌ MySQL数据库连接失败:","service":"query-backend","timestamp":"2025-09-10 16:31:48"}
{"level":"error","message":"❌ MySQL数据库连接失败:","service":"query-backend","timestamp":"2025-09-10 16:44:49"}
{"level":"error","message":"创建用户会话失败: Unexpected non-whitespace character after JSON at position 1 (line 1 column 2)","service":"query-backend","stack":"SyntaxError: Unexpected non-whitespace character after JSON at position 1 (line 1 column 2)\n    at JSON.parse (<anonymous>)\n    at MockDatabase.execute (D:\\cursor\\Auto data\\backend\\config\\mockDatabase.js:162:39)\n    at Object.execute (D:\\cursor\\Auto data\\backend\\config\\database.js:56:31)\n    at createUserSession (D:\\cursor\\Auto data\\backend\\middleware\\auth.js:284:14)\n    at D:\\cursor\\Auto data\\backend\\routes\\auth.js:175:29","timestamp":"2025-09-10 16:45:00"}
{"level":"error","message":"登录接口错误: 创建会话失败","service":"query-backend","stack":"Error: 创建会话失败\n    at createUserSession (D:\\cursor\\Auto data\\backend\\middleware\\auth.js:303:11)\n    at async D:\\cursor\\Auto data\\backend\\routes\\auth.js:175:23","timestamp":"2025-09-10 16:45:00"}
{"level":"error","message":"❌ MySQL数据库连接失败:","service":"query-backend","timestamp":"2025-09-10 16:46:08"}
{"level":"error","message":"❌ MySQL数据库连接失败:","service":"query-backend","timestamp":"2025-09-10 16:47:04"}
{"level":"error","message":"❌ MySQL数据库连接失败:","service":"query-backend","timestamp":"2025-09-10 16:47:57"}
{"level":"error","message":"❌ MySQL数据库连接失败:","service":"query-backend","timestamp":"2025-09-10 16:48:54"}
{"level":"error","message":"❌ MySQL数据库连接失败:","service":"query-backend","timestamp":"2025-09-10 16:49:58"}
{"level":"error","message":"❌ MySQL数据库连接失败:","service":"query-backend","timestamp":"2025-09-10 16:51:54"}
{"level":"error","message":"❌ MySQL数据库连接失败:","service":"query-backend","timestamp":"2025-09-10 16:53:10"}
{"level":"error","message":"❌ MySQL数据库连接失败:","service":"query-backend","timestamp":"2025-09-10 17:06:01"}
{"level":"error","message":"❌ MySQL数据库连接失败:","service":"query-backend","timestamp":"2025-09-10 17:06:54"}
{"level":"error","message":"❌ MySQL数据库连接失败:","service":"query-backend","timestamp":"2025-09-10 17:07:46"}
{"level":"error","message":"❌ MySQL数据库连接失败:","service":"query-backend","timestamp":"2025-09-10 17:08:43"}
{"level":"error","message":"❌ MySQL数据库连接失败:","service":"query-backend","timestamp":"2025-09-10 17:09:35"}
{"error":"Failed to start query execution: The security token included in the request is invalid.","level":"error","message":"Query execution failed","requestId":"req_1757497161506_upz74ka08","service":"query-backend","sql":"SELECT * FROM sales_data WHERE order_date >= '2023-01-01' ORDER BY order_date DESC LIMIT 1000;","timestamp":"2025-09-10 17:39:22"}
{"level":"error","message":"Request req_1757497161506_upz74ka08 failed: Query execution failed: Failed to start query execution: The security token included in the request is invalid.","service":"query-backend","stack":"Error: Query execution failed: Failed to start query execution: The security token included in the request is invalid.\n    at AthenaService.executeQuery (D:\\cursor\\Auto data\\backend\\services\\athenaService.js:81:13)\n    at process.processTicksAndRejections (node:internal/process/task_queues:105:5)\n    at async D:\\cursor\\Auto data\\backend\\routes\\query.js:106:20","timestamp":"2025-09-10 17:39:22"}
{"error":"Failed to start query execution: The security token included in the request is invalid.","level":"error","message":"Query execution failed","requestId":"req_1757497174745_bbrzxjk0d","service":"query-backend","sql":"SELECT * FROM sales_data WHERE order_date >= '2023-01-01' ORDER BY order_date DESC LIMIT 1000;","timestamp":"2025-09-10 17:39:35"}
{"level":"error","message":"Request req_1757497174745_bbrzxjk0d failed: Query execution failed: Failed to start query execution: The security token included in the request is invalid.","service":"query-backend","stack":"Error: Query execution failed: Failed to start query execution: The security token included in the request is invalid.\n    at AthenaService.executeQuery (D:\\cursor\\Auto data\\backend\\services\\athenaService.js:81:13)\n    at process.processTicksAndRejections (node:internal/process/task_queues:105:5)\n    at async D:\\cursor\\Auto data\\backend\\routes\\query.js:106:20","timestamp":"2025-09-10 17:39:35"}
{"error":"Failed to start query execution: The security token included in the request is invalid.","level":"error","message":"Query execution failed","requestId":"req_1757497210928_8ierim021","service":"query-backend","sql":"SELECT * FROM sales_data WHERE order_date >= '2025-09-01' ORDER BY order_date DESC LIMIT 1000;","timestamp":"2025-09-10 17:40:11"}
{"level":"error","message":"Request req_1757497210928_8ierim021 failed: Query execution failed: Failed to start query execution: The security token included in the request is invalid.","service":"query-backend","stack":"Error: Query execution failed: Failed to start query execution: The security token included in the request is invalid.\n    at AthenaService.executeQuery (D:\\cursor\\Auto data\\backend\\services\\athenaService.js:81:13)\n    at process.processTicksAndRejections (node:internal/process/task_queues:105:5)\n    at async D:\\cursor\\Auto data\\backend\\routes\\query.js:106:20","timestamp":"2025-09-10 17:40:11"}
