2025-09-04 10:56:48,960 - ERROR - [ERROR] 邮件发送失败: 账单 - AAFUN - 2025年09月 -> [WinError 10060] 由于连接方在一段时间后没有正确答复或连接的主机没有反应，连接尝试失败。
2025-09-04 11:24:54,264 - ERROR - [ERROR] 邮件发送失败: 账单 - AAFUN - 2025年08月 -> Connection unexpectedly closed: timed out
2025-09-04 11:25:24,317 - ERROR - [ERROR] 邮件发送失败: 账单 - Betfarms - 2025年08月 -> Connection unexpectedly closed: timed out
2025-09-04 11:29:17,668 - ERROR - [ERROR] 邮件发送失败: 账单 - AAFUN - 2025年08月 -> Connection unexpectedly closed
2025-09-04 11:29:19,446 - ERROR - [ERROR] 邮件发送失败: 账单 - Betfarms - 2025年08月 -> Connection unexpectedly closed
2025-09-04 11:29:21,554 - ERROR - [ERROR] 邮件发送失败: 账单 - JackpotParty - 2025年08月 -> Connection unexpectedly closed
2025-09-04 11:29:23,374 - ERROR - [ERROR] 邮件发送失败: 账单 - Mxlobo - 2025年08月 -> Connection unexpectedly closed
2025-09-04 11:29:24,177 - ERROR - [ERROR] 邮件发送失败: 账单 - sortebot - 2025年08月 -> Connection unexpectedly closed
2025-09-04 11:29:24,989 - ERROR - [ERROR] 邮件发送失败: 账单 - Unicorn66 - 2025年08月 -> Connection unexpectedly closed
2025-09-04 11:29:26,766 - ERROR - [ERROR] 邮件发送失败: 账单 - VG - 2025年08月 -> Connection unexpectedly closed
2025-09-04 11:31:42,138 - ERROR - [ERROR] 邮件发送失败: 账单 - AAFUN - 2025年08月 -> Connection unexpectedly closed: timed out
2025-09-04 11:32:12,331 - ERROR - [ERROR] 邮件发送失败: 账单 - Betfarms - 2025年08月 -> Connection unexpectedly closed: timed out
2025-09-04 11:35:03,072 - ERROR - [ERROR] 邮件发送失败: 账单 - AAFUN - 2025年08月 -> Connection unexpectedly closed: timed out
2025-09-04 11:35:33,123 - ERROR - [ERROR] 邮件发送失败: 账单 - Betfarms - 2025年08月 -> Connection unexpectedly closed: timed out
2025-09-04 11:35:36,016 - ERROR - [ERROR] Telegram文件发送失败: complete_invoice_pdfs\Betfarms_2025年08月_賬單.pdf -> 401 Client Error: Unauthorized for url: https://api.telegram.org/bot8377174189:AAG50ZXtA946xmKh9Um-6-uXbncAZWffaSwz/sendDocument
2025-09-04 11:35:36,971 - ERROR - [ERROR] Telegram文件发送失败: complete_invoice_pdfs\Game Plus_2025年08月_賬單.pdf -> 401 Client Error: Unauthorized for url: https://api.telegram.org/bot8377174189:AAG50ZXtA946xmKh9Um-6-uXbncAZWffaSwz/sendDocument
2025-09-04 11:36:07,041 - ERROR - [ERROR] 邮件发送失败: 账单 - JackpotParty - 2025年08月 -> Connection unexpectedly closed: timed out
2025-09-04 11:36:08,015 - ERROR - [ERROR] Telegram文件发送失败: complete_invoice_pdfs\JackpotParty_2025年08月_賬單.pdf -> 401 Client Error: Unauthorized for url: https://api.telegram.org/bot8377174189:AAG50ZXtA946xmKh9Um-6-uXbncAZWffaSwz/sendDocument
2025-09-04 11:36:38,064 - ERROR - [ERROR] 邮件发送失败: 账单 - Mxlobo - 2025年08月 -> Connection unexpectedly closed: timed out
2025-09-04 11:36:39,046 - ERROR - [ERROR] Telegram文件发送失败: complete_invoice_pdfs\Nicegame_2025年08月_賬單.pdf -> 401 Client Error: Unauthorized for url: https://api.telegram.org/bot8377174189:AAG50ZXtA946xmKh9Um-6-uXbncAZWffaSwz/sendDocument
2025-09-04 11:36:40,047 - ERROR - [ERROR] Telegram文件发送失败: complete_invoice_pdfs\slotsmaker_2025年08月_賬單.pdf -> 401 Client Error: Unauthorized for url: https://api.telegram.org/bot8377174189:AAG50ZXtA946xmKh9Um-6-uXbncAZWffaSwz/sendDocument
2025-09-04 11:37:10,089 - ERROR - [ERROR] 邮件发送失败: 账单 - sortebot - 2025年08月 -> Connection unexpectedly closed: timed out
2025-09-04 11:37:40,146 - ERROR - [ERROR] 邮件发送失败: 账单 - Unicorn66 - 2025年08月 -> Connection unexpectedly closed: timed out
2025-09-04 11:37:41,203 - ERROR - [ERROR] Telegram文件发送失败: complete_invoice_pdfs\Unicorn66_2025年08月_賬單.pdf -> 401 Client Error: Unauthorized for url: https://api.telegram.org/bot8377174189:AAG50ZXtA946xmKh9Um-6-uXbncAZWffaSwz/sendDocument
2025-09-04 11:38:11,246 - ERROR - [ERROR] 邮件发送失败: 账单 - VG - 2025年08月 -> Connection unexpectedly closed: timed out
2025-09-04 11:38:48,234 - INFO - [SUCCESS] 邮件发送成功: 账单 - AAFUN - 2025年08月 -> poon@gaming-panda.com
2025-09-04 11:38:51,338 - INFO - [SUCCESS] 邮件发送成功: 账单 - Betfarms - 2025年08月 -> poon@gaming-panda.com
2025-09-04 11:38:52,638 - ERROR - [ERROR] Telegram文件发送失败: complete_invoice_pdfs\Betfarms_2025年08月_賬單.pdf -> 401 Client Error: Unauthorized for url: https://api.telegram.org/bot8377174189:AAG50ZXtA946xmKh9Um-6-uXbncAZWffaSwz/sendDocument
2025-09-04 11:38:53,615 - ERROR - [ERROR] Telegram文件发送失败: complete_invoice_pdfs\Game Plus_2025年08月_賬單.pdf -> 401 Client Error: Unauthorized for url: https://api.telegram.org/bot8377174189:AAG50ZXtA946xmKh9Um-6-uXbncAZWffaSwz/sendDocument
2025-09-04 11:38:56,807 - INFO - [SUCCESS] 邮件发送成功: 账单 - JackpotParty - 2025年08月 -> poon@gaming-panda.com
2025-09-04 11:38:57,807 - ERROR - [ERROR] Telegram文件发送失败: complete_invoice_pdfs\JackpotParty_2025年08月_賬單.pdf -> 401 Client Error: Unauthorized for url: https://api.telegram.org/bot8377174189:AAG50ZXtA946xmKh9Um-6-uXbncAZWffaSwz/sendDocument
2025-09-04 11:39:00,964 - INFO - [SUCCESS] 邮件发送成功: 账单 - Mxlobo - 2025年08月 -> poon@gaming-panda.com
2025-09-04 11:39:01,975 - ERROR - [ERROR] Telegram文件发送失败: complete_invoice_pdfs\Nicegame_2025年08月_賬單.pdf -> 401 Client Error: Unauthorized for url: https://api.telegram.org/bot8377174189:AAG50ZXtA946xmKh9Um-6-uXbncAZWffaSwz/sendDocument
2025-09-04 11:39:02,929 - ERROR - [ERROR] Telegram文件发送失败: complete_invoice_pdfs\slotsmaker_2025年08月_賬單.pdf -> 401 Client Error: Unauthorized for url: https://api.telegram.org/bot8377174189:AAG50ZXtA946xmKh9Um-6-uXbncAZWffaSwz/sendDocument
2025-09-04 11:39:06,076 - INFO - [SUCCESS] 邮件发送成功: 账单 - sortebot - 2025年08月 -> poon@gaming-panda.com
2025-09-04 11:39:09,169 - INFO - [SUCCESS] 邮件发送成功: 账单 - Unicorn66 - 2025年08月 -> poon@gaming-panda.com
2025-09-04 11:39:10,102 - ERROR - [ERROR] Telegram文件发送失败: complete_invoice_pdfs\Unicorn66_2025年08月_賬單.pdf -> 401 Client Error: Unauthorized for url: https://api.telegram.org/bot8377174189:AAG50ZXtA946xmKh9Um-6-uXbncAZWffaSwz/sendDocument
2025-09-04 11:39:13,338 - INFO - [SUCCESS] 邮件发送成功: 账单 - VG - 2025年08月 -> poon@gaming-panda.com
2025-09-04 11:47:29,616 - INFO - [SUCCESS] 邮件发送成功: 账单 - AAFUN - 2025年08月 -> poon@gaming-panda.com
2025-09-04 11:47:32,751 - INFO - [SUCCESS] 邮件发送成功: 账单 - Betfarms - 2025年08月 -> poon@gaming-panda.com
2025-09-04 11:47:34,027 - ERROR - [ERROR] Telegram文件发送失败: complete_invoice_pdfs\Betfarms_2025年08月_賬單.pdf -> 401 Client Error: Unauthorized for url: https://api.telegram.org/bot8377174189:AAG50ZXtA946xmKh9Um-6-uXbncAZWffaSwz/sendDocument
2025-09-04 11:47:34,977 - ERROR - [ERROR] Telegram文件发送失败: complete_invoice_pdfs\Game Plus_2025年08月_賬單.pdf -> 401 Client Error: Unauthorized for url: https://api.telegram.org/bot8377174189:AAG50ZXtA946xmKh9Um-6-uXbncAZWffaSwz/sendDocument
2025-09-04 11:47:37,825 - INFO - [SUCCESS] 邮件发送成功: 账单 - JackpotParty - 2025年08月 -> poon@gaming-panda.com
2025-09-04 11:48:02,799 - INFO - [SUCCESS] 邮件发送成功: 账单 - AAFUN - 2025年08月 -> poon@gaming-panda.com
2025-09-04 11:48:05,774 - INFO - [SUCCESS] 邮件发送成功: 账单 - Betfarms - 2025年08月 -> poon@gaming-panda.com
2025-09-04 11:48:07,056 - ERROR - [ERROR] Telegram文件发送失败: complete_invoice_pdfs\Betfarms_2025年08月_賬單.pdf -> 401 Client Error: Unauthorized for url: https://api.telegram.org/bot8377174189:AAG50ZXtA946xmKh9Um-6-uXbncAZWffaSwz/sendDocument
2025-09-04 11:48:32,493 - INFO - [SUCCESS] 邮件发送成功: 账单 - AAFUN - 2025年08月 -> poon@gaming-panda.com
2025-09-04 11:48:37,255 - INFO - [SUCCESS] 邮件发送成功: 账单 - Betfarms - 2025年08月 -> poon@gaming-panda.com
2025-09-04 11:48:38,612 - ERROR - [ERROR] Telegram文件发送失败: complete_invoice_pdfs\Betfarms_2025年08月_賬單.pdf -> 401 Client Error: Unauthorized for url: https://api.telegram.org/bot8377174189:AAG50ZXtA946xmKh9Um-6-uXbncAZWffaSwz/sendDocument
2025-09-04 11:48:39,582 - ERROR - [ERROR] Telegram文件发送失败: complete_invoice_pdfs\Game Plus_2025年08月_賬單.pdf -> 401 Client Error: Unauthorized for url: https://api.telegram.org/bot8377174189:AAG50ZXtA946xmKh9Um-6-uXbncAZWffaSwz/sendDocument
2025-09-04 11:48:42,556 - INFO - [SUCCESS] 邮件发送成功: 账单 - JackpotParty - 2025年08月 -> poon@gaming-panda.com
2025-09-04 11:48:43,535 - ERROR - [ERROR] Telegram文件发送失败: complete_invoice_pdfs\JackpotParty_2025年08月_賬單.pdf -> 401 Client Error: Unauthorized for url: https://api.telegram.org/bot8377174189:AAG50ZXtA946xmKh9Um-6-uXbncAZWffaSwz/sendDocument
2025-09-04 11:48:46,529 - INFO - [SUCCESS] 邮件发送成功: 账单 - Mxlobo - 2025年08月 -> poon@gaming-panda.com
2025-09-04 11:48:47,516 - ERROR - [ERROR] Telegram文件发送失败: complete_invoice_pdfs\Nicegame_2025年08月_賬單.pdf -> 401 Client Error: Unauthorized for url: https://api.telegram.org/bot8377174189:AAG50ZXtA946xmKh9Um-6-uXbncAZWffaSwz/sendDocument
2025-09-04 11:48:48,425 - ERROR - [ERROR] Telegram文件发送失败: complete_invoice_pdfs\slotsmaker_2025年08月_賬單.pdf -> 401 Client Error: Unauthorized for url: https://api.telegram.org/bot8377174189:AAG50ZXtA946xmKh9Um-6-uXbncAZWffaSwz/sendDocument
2025-09-04 11:48:51,520 - INFO - [SUCCESS] 邮件发送成功: 账单 - sortebot - 2025年08月 -> poon@gaming-panda.com
2025-09-04 11:48:54,820 - INFO - [SUCCESS] 邮件发送成功: 账单 - Unicorn66 - 2025年08月 -> poon@gaming-panda.com
2025-09-04 11:48:55,702 - ERROR - [ERROR] Telegram文件发送失败: complete_invoice_pdfs\Unicorn66_2025年08月_賬單.pdf -> 401 Client Error: Unauthorized for url: https://api.telegram.org/bot8377174189:AAG50ZXtA946xmKh9Um-6-uXbncAZWffaSwz/sendDocument
2025-09-04 11:48:58,743 - INFO - [SUCCESS] 邮件发送成功: 账单 - VG - 2025年08月 -> poon@gaming-panda.com
2025-09-04 11:59:10,934 - INFO - [SUCCESS] 邮件发送成功: 账单 - AAFUN - 2025年08月 -> poon@gaming-panda.com
2025-09-04 11:59:14,757 - INFO - [SUCCESS] 邮件发送成功: 账单 - Betfarms - 2025年08月 -> poon@gaming-panda.com
2025-09-04 11:59:16,534 - ERROR - [ERROR] Telegram文件发送失败: complete_invoice_pdfs\Betfarms_2025年08月_賬單.pdf -> 401 Client Error: Unauthorized for url: https://api.telegram.org/bot8377174189:AAG50ZXtA946xmKh9Um-6-uXbncAZWffaSwz/sendDocument
2025-09-04 11:59:17,867 - ERROR - [ERROR] Telegram文件发送失败: complete_invoice_pdfs\Game Plus_2025年08月_賬單.pdf -> 401 Client Error: Unauthorized for url: https://api.telegram.org/bot8377174189:AAG50ZXtA946xmKh9Um-6-uXbncAZWffaSwz/sendDocument
2025-09-04 11:59:21,503 - INFO - [SUCCESS] 邮件发送成功: 账单 - JackpotParty - 2025年08月 -> poon@gaming-panda.com
2025-09-04 12:02:20,735 - INFO - [SUCCESS] 邮件发送成功: 账单 - AAFUN - 2025年08月 -> poon@gaming-panda.com
2025-09-04 12:02:26,641 - INFO - [SUCCESS] 邮件发送成功: 账单 - AAFUN - 2025年08月 -> poon@gaming-panda.com
2025-09-04 12:02:29,644 - INFO - [SUCCESS] 邮件发送成功: 账单 - Betfarms - 2025年08月 -> poon@gaming-panda.com
2025-09-04 12:02:30,931 - ERROR - [ERROR] Telegram文件发送失败: complete_invoice_pdfs\Betfarms_2025年08月_賬單.pdf -> 401 Client Error: Unauthorized for url: https://api.telegram.org/bot8377174189:AAG50ZXtA946xmKh9Um-6-uXbncAZWffaSwz/sendDocument
2025-09-04 12:02:31,951 - ERROR - [ERROR] Telegram文件发送失败: complete_invoice_pdfs\Game Plus_2025年08月_賬單.pdf -> 401 Client Error: Unauthorized for url: https://api.telegram.org/bot8377174189:AAG50ZXtA946xmKh9Um-6-uXbncAZWffaSwz/sendDocument
2025-09-04 12:02:34,854 - INFO - [SUCCESS] 邮件发送成功: 账单 - JackpotParty - 2025年08月 -> poon@gaming-panda.com
2025-09-04 12:02:35,837 - ERROR - [ERROR] Telegram文件发送失败: complete_invoice_pdfs\JackpotParty_2025年08月_賬單.pdf -> 401 Client Error: Unauthorized for url: https://api.telegram.org/bot8377174189:AAG50ZXtA946xmKh9Um-6-uXbncAZWffaSwz/sendDocument
2025-09-04 12:02:38,756 - INFO - [SUCCESS] 邮件发送成功: 账单 - Mxlobo - 2025年08月 -> poon@gaming-panda.com
2025-09-04 12:02:39,725 - ERROR - [ERROR] Telegram文件发送失败: complete_invoice_pdfs\Nicegame_2025年08月_賬單.pdf -> 401 Client Error: Unauthorized for url: https://api.telegram.org/bot8377174189:AAG50ZXtA946xmKh9Um-6-uXbncAZWffaSwz/sendDocument
2025-09-04 12:02:40,781 - ERROR - [ERROR] Telegram文件发送失败: complete_invoice_pdfs\slotsmaker_2025年08月_賬單.pdf -> 401 Client Error: Unauthorized for url: https://api.telegram.org/bot8377174189:AAG50ZXtA946xmKh9Um-6-uXbncAZWffaSwz/sendDocument
2025-09-04 12:02:43,791 - INFO - [SUCCESS] 邮件发送成功: 账单 - sortebot - 2025年08月 -> poon@gaming-panda.com
2025-09-04 12:02:46,774 - INFO - [SUCCESS] 邮件发送成功: 账单 - Unicorn66 - 2025年08月 -> poon@gaming-panda.com
2025-09-04 12:02:47,675 - ERROR - [ERROR] Telegram文件发送失败: complete_invoice_pdfs\Unicorn66_2025年08月_賬單.pdf -> 401 Client Error: Unauthorized for url: https://api.telegram.org/bot8377174189:AAG50ZXtA946xmKh9Um-6-uXbncAZWffaSwz/sendDocument
2025-09-04 12:02:50,640 - INFO - [SUCCESS] 邮件发送成功: 账单 - VG - 2025年08月 -> poon@gaming-panda.com
2025-09-04 12:05:04,247 - INFO - [SUCCESS] 邮件发送成功: 账单 - AAFUN - 2025年08月 -> poon@gaming-panda.com
2025-09-04 12:05:07,260 - INFO - [SUCCESS] 邮件发送成功: 账单 - Betfarms - 2025年08月 -> poon@gaming-panda.com
2025-09-04 12:05:08,564 - ERROR - [ERROR] Telegram文件发送失败: complete_invoice_pdfs\Betfarms_2025年08月_賬單.pdf -> 401 Client Error: Unauthorized for url: https://api.telegram.org/bot8377174189:AAG50ZXtA946xmKh9Um-6-uXbncAZWffaSwz/sendDocument
2025-09-04 12:05:09,515 - ERROR - [ERROR] Telegram文件发送失败: complete_invoice_pdfs\Game Plus_2025年08月_賬單.pdf -> 401 Client Error: Unauthorized for url: https://api.telegram.org/bot8377174189:AAG50ZXtA946xmKh9Um-6-uXbncAZWffaSwz/sendDocument
2025-09-04 12:05:12,431 - INFO - [SUCCESS] 邮件发送成功: 账单 - JackpotParty - 2025年08月 -> poon@gaming-panda.com
2025-09-04 12:05:13,404 - ERROR - [ERROR] Telegram文件发送失败: complete_invoice_pdfs\JackpotParty_2025年08月_賬單.pdf -> 401 Client Error: Unauthorized for url: https://api.telegram.org/bot8377174189:AAG50ZXtA946xmKh9Um-6-uXbncAZWffaSwz/sendDocument
2025-09-04 12:05:16,432 - INFO - [SUCCESS] 邮件发送成功: 账单 - Mxlobo - 2025年08月 -> poon@gaming-panda.com
2025-09-04 12:05:17,433 - ERROR - [ERROR] Telegram文件发送失败: complete_invoice_pdfs\Nicegame_2025年08月_賬單.pdf -> 401 Client Error: Unauthorized for url: https://api.telegram.org/bot8377174189:AAG50ZXtA946xmKh9Um-6-uXbncAZWffaSwz/sendDocument
2025-09-04 12:05:18,424 - ERROR - [ERROR] Telegram文件发送失败: complete_invoice_pdfs\slotsmaker_2025年08月_賬單.pdf -> 401 Client Error: Unauthorized for url: https://api.telegram.org/bot8377174189:AAG50ZXtA946xmKh9Um-6-uXbncAZWffaSwz/sendDocument
2025-09-04 12:05:21,385 - INFO - [SUCCESS] 邮件发送成功: 账单 - sortebot - 2025年08月 -> poon@gaming-panda.com
2025-09-04 12:05:25,300 - INFO - [SUCCESS] 邮件发送成功: 账单 - Unicorn66 - 2025年08月 -> poon@gaming-panda.com
2025-09-04 12:05:26,319 - ERROR - [ERROR] Telegram文件发送失败: complete_invoice_pdfs\Unicorn66_2025年08月_賬單.pdf -> 401 Client Error: Unauthorized for url: https://api.telegram.org/bot8377174189:AAG50ZXtA946xmKh9Um-6-uXbncAZWffaSwz/sendDocument
2025-09-04 12:05:29,232 - INFO - [SUCCESS] 邮件发送成功: 账单 - VG - 2025年08月 -> poon@gaming-panda.com
2025-09-04 12:09:10,048 - INFO - [SUCCESS] 邮件发送成功: 账单 - AAFUN - 2025年08月 -> poon@gaming-panda.com
2025-09-04 12:09:13,065 - INFO - [SUCCESS] 邮件发送成功: 账单 - Betfarms - 2025年08月 -> poon@gaming-panda.com
2025-09-04 12:09:14,447 - ERROR - [ERROR] Telegram文件发送失败: complete_invoice_pdfs\Betfarms_2025年08月_賬單.pdf -> 401 Client Error: Unauthorized for url: https://api.telegram.org/bot8377174189:AAG50ZXtA946xmKh9Um-6-uXbncAZWffaSwz/sendDocument
2025-09-04 12:09:15,429 - ERROR - [ERROR] Telegram文件发送失败: complete_invoice_pdfs\Game Plus_2025年08月_賬單.pdf -> 401 Client Error: Unauthorized for url: https://api.telegram.org/bot8377174189:AAG50ZXtA946xmKh9Um-6-uXbncAZWffaSwz/sendDocument
2025-09-04 12:09:18,291 - INFO - [SUCCESS] 邮件发送成功: 账单 - JackpotParty - 2025年08月 -> poon@gaming-panda.com
2025-09-04 12:09:19,234 - ERROR - [ERROR] Telegram文件发送失败: complete_invoice_pdfs\JackpotParty_2025年08月_賬單.pdf -> 401 Client Error: Unauthorized for url: https://api.telegram.org/bot8377174189:AAG50ZXtA946xmKh9Um-6-uXbncAZWffaSwz/sendDocument
2025-09-04 12:09:22,168 - INFO - [SUCCESS] 邮件发送成功: 账单 - Mxlobo - 2025年08月 -> poon@gaming-panda.com
2025-09-04 12:09:23,098 - ERROR - [ERROR] Telegram文件发送失败: complete_invoice_pdfs\Nicegame_2025年08月_賬單.pdf -> 401 Client Error: Unauthorized for url: https://api.telegram.org/bot8377174189:AAG50ZXtA946xmKh9Um-6-uXbncAZWffaSwz/sendDocument
2025-09-04 12:09:24,118 - ERROR - [ERROR] Telegram文件发送失败: complete_invoice_pdfs\slotsmaker_2025年08月_賬單.pdf -> 401 Client Error: Unauthorized for url: https://api.telegram.org/bot8377174189:AAG50ZXtA946xmKh9Um-6-uXbncAZWffaSwz/sendDocument
2025-09-04 12:11:09,435 - INFO - [SUCCESS] 邮件发送成功: 账单 - AAFUN - 2025年08月 -> poon@gaming-panda.com
2025-09-04 12:11:12,356 - INFO - [SUCCESS] 邮件发送成功: 账单 - Betfarms - 2025年08月 -> poon@gaming-panda.com
2025-09-04 12:11:16,787 - INFO - [SUCCESS] 邮件发送成功: 账单 - JackpotParty - 2025年08月 -> poon@gaming-panda.com
2025-09-04 12:11:20,352 - INFO - [SUCCESS] 邮件发送成功: 账单 - Mxlobo - 2025年08月 -> poon@gaming-panda.com
2025-09-04 12:11:24,585 - INFO - [SUCCESS] 邮件发送成功: 账单 - sortebot - 2025年08月 -> poon@gaming-panda.com
2025-09-04 12:11:29,275 - INFO - [SUCCESS] 邮件发送成功: 账单 - Unicorn66 - 2025年08月 -> poon@gaming-panda.com
2025-09-04 12:11:32,825 - INFO - [SUCCESS] 邮件发送成功: 账单 - VG - 2025年08月 -> poon@gaming-panda.com
2025-09-04 12:21:46,080 - INFO - [SUCCESS] 邮件发送成功: 账单 - AAFUN - 2025年08月 -> poon@gaming-panda.com
2025-09-04 12:21:48,981 - INFO - [SUCCESS] 邮件发送成功: 账单 - Betfarms - 2025年08月 -> poon@gaming-panda.com
2025-09-04 14:37:04,065 - ERROR - [ERROR] 邮件发送失败: 账单 - AAFUN - 2025年07月 -> Connection unexpectedly closed
2025-09-04 14:37:05,903 - ERROR - [ERROR] 邮件发送失败: 账单 - Betfarms - 2025年07月 -> Connection unexpectedly closed
2025-09-04 14:37:08,297 - ERROR - [ERROR] Telegram文件发送失败: complete_invoice_pdfs\Betfarms_2025年07月_賬單.pdf -> 400 Client Error: Bad Request for url: https://api.telegram.org/bot8377174189:AAG50ZXtA946xmKh9Um-6-uXbncAZWffaSw/sendDocument
2025-09-04 14:37:09,957 - ERROR - [ERROR] Telegram文件发送失败: complete_invoice_pdfs\Game Plus_2025年07月_賬單.pdf -> 400 Client Error: Bad Request for url: https://api.telegram.org/bot8377174189:AAG50ZXtA946xmKh9Um-6-uXbncAZWffaSw/sendDocument
2025-09-04 14:37:11,800 - ERROR - [ERROR] 邮件发送失败: 账单 - Mxlobo - 2025年07月 -> Connection unexpectedly closed
2025-09-04 14:37:13,348 - ERROR - [ERROR] Telegram文件发送失败: complete_invoice_pdfs\Nicegame_2025年07月_賬單.pdf -> 400 Client Error: Bad Request for url: https://api.telegram.org/bot8377174189:AAG50ZXtA946xmKh9Um-6-uXbncAZWffaSw/sendDocument
2025-09-04 14:37:15,188 - ERROR - [ERROR] 邮件发送失败: 账单 - sortebot - 2025年07月 -> Connection unexpectedly closed
2025-09-04 14:37:18,343 - INFO - [SUCCESS] Telegram文件发送成功: complete_invoice_pdfs\sortebot_2025年07月_賬單.pdf -> -1002987680134
2025-09-04 14:37:20,250 - ERROR - [ERROR] 邮件发送失败: 账单 - Unicorn66 - 2025年07月 -> Connection unexpectedly closed
2025-09-04 14:37:22,832 - INFO - [SUCCESS] Telegram文件发送成功: complete_invoice_pdfs\Unicorn66_2025年07月_賬單.pdf -> -1002995523623
2025-09-04 14:37:23,684 - ERROR - [ERROR] 邮件发送失败: 账单 - VG - 2025年07月 -> Connection unexpectedly closed
2025-09-04 14:46:17,430 - ERROR - [ERROR] 邮件发送失败: 账单 - AAFUN - 2025年08月 -> Connection unexpectedly closed
2025-09-04 14:46:19,287 - ERROR - [ERROR] 邮件发送失败: 账单 - Betfarms - 2025年08月 -> Connection unexpectedly closed
2025-09-04 14:46:21,167 - ERROR - [ERROR] Telegram文件发送失败: complete_invoice_pdfs\Betfarms_2025年08月_賬單.pdf -> 400 Client Error: Bad Request for url: https://api.telegram.org/bot8377174189:AAG50ZXtA946xmKh9Um-6-uXbncAZWffaSw/sendDocument
2025-09-04 14:46:22,813 - ERROR - [ERROR] Telegram文件发送失败: complete_invoice_pdfs\Game Plus_2025年08月_賬單.pdf -> 400 Client Error: Bad Request for url: https://api.telegram.org/bot8377174189:AAG50ZXtA946xmKh9Um-6-uXbncAZWffaSw/sendDocument
2025-09-04 14:46:24,631 - ERROR - [ERROR] 邮件发送失败: 账单 - JackpotParty - 2025年08月 -> Connection unexpectedly closed
2025-09-04 14:46:27,341 - INFO - [SUCCESS] Telegram文件发送成功: complete_invoice_pdfs\JackpotParty_2025年08月_賬單.pdf -> -1002995523623
2025-09-04 14:46:29,211 - ERROR - [ERROR] 邮件发送失败: 账单 - Mxlobo - 2025年08月 -> Connection unexpectedly closed
2025-09-04 14:46:31,102 - ERROR - [ERROR] Telegram文件发送失败: complete_invoice_pdfs\Nicegame_2025年08月_賬單.pdf -> 400 Client Error: Bad Request for url: https://api.telegram.org/bot8377174189:AAG50ZXtA946xmKh9Um-6-uXbncAZWffaSw/sendDocument
2025-09-04 14:46:33,696 - INFO - [SUCCESS] Telegram文件发送成功: complete_invoice_pdfs\slotsmaker_2025年08月_賬單.pdf -> -1002995523623
2025-09-04 14:46:35,518 - ERROR - [ERROR] 邮件发送失败: 账单 - sortebot - 2025年08月 -> Connection unexpectedly closed
2025-09-04 14:46:39,362 - ERROR - [ERROR] 邮件发送失败: 账单 - Unicorn66 - 2025年08月 -> Connection unexpectedly closed
2025-09-04 14:46:41,910 - INFO - [SUCCESS] Telegram文件发送成功: complete_invoice_pdfs\Unicorn66_2025年08月_賬單.pdf -> -1002995523623
2025-09-04 14:46:43,717 - ERROR - [ERROR] 邮件发送失败: 账单 - VG - 2025年08月 -> Connection unexpectedly closed
2025-09-04 14:51:21,149 - INFO - [INFO] 邮件发送尝试 1/3: 测试邮件 - 改进的发送器
2025-09-04 14:51:23,482 - INFO - [SUCCESS] 邮件发送成功: 测试邮件 - 改进的发送器 -> poon@gaming-panda.com (尝试 1)
2025-09-04 14:56:34,575 - INFO - [SUCCESS] 邮件发送成功: 账单 - AAFUN - 2025年08月 -> poon@gaming-panda.com
2025-09-04 14:56:39,203 - INFO - [SUCCESS] Telegram文件发送成功: complete_invoice_pdfs/AAFUN_2025年08月_賬單.pdf -> -1002995523623
2025-09-04 14:57:14,581 - INFO - [SUCCESS] 邮件发送成功: 账单 - AAFUN - 2025年08月 -> poon@gaming-panda.com
2025-09-04 14:57:17,588 - INFO - [SUCCESS] Telegram文件发送成功: complete_invoice_pdfs/AAFUN_2025年08月_賬單.pdf -> -1002995523623
2025-09-04 15:02:33,512 - INFO - [SUCCESS] 邮件发送成功: 账单 - AAFUN - 2025年08月 -> poon@gaming-panda.com
2025-09-04 15:02:36,625 - INFO - [SUCCESS] 邮件发送成功: 账单 - Betfarms - 2025年08月 -> poon@gaming-panda.com
2025-09-04 15:02:44,471 - INFO - [SUCCESS] 邮件发送成功: 账单 - JackpotParty - 2025年08月 -> poon@gaming-panda.com
2025-09-04 15:02:50,524 - INFO - [SUCCESS] 邮件发送成功: 账单 - Mxlobo - 2025年08月 -> poon@gaming-panda.com
2025-09-04 15:02:57,794 - INFO - [SUCCESS] 邮件发送成功: 账单 - sortebot - 2025年08月 -> poon@gaming-panda.com
2025-09-04 15:03:02,963 - INFO - [SUCCESS] 邮件发送成功: 账单 - Unicorn66 - 2025年08月 -> poon@gaming-panda.com
2025-09-04 15:03:08,265 - INFO - [SUCCESS] 邮件发送成功: 账单 - VG - 2025年08月 -> poon@gaming-panda.com
2025-09-04 15:05:08,904 - INFO - [SUCCESS] 邮件发送成功: 账单 - AAFUN - 2025年08月 -> poon@gaming-panda.com
2025-09-04 15:05:12,115 - INFO - [SUCCESS] 邮件发送成功: 账单 - Betfarms - 2025年08月 -> poon@gaming-panda.com
2025-09-04 15:05:14,632 - ERROR - [ERROR] Telegram文件发送失败: complete_invoice_pdfs\Betfarms_2025年08月_賬單.pdf -> 400 Client Error: Bad Request for url: https://api.telegram.org/bot8377174189:AAG50ZXtA946xmKh9Um-6-uXbncAZWffaSw/sendDocument
2025-09-04 15:05:16,388 - ERROR - [ERROR] Telegram文件发送失败: complete_invoice_pdfs\Game Plus_2025年08月_賬單.pdf -> 400 Client Error: Bad Request for url: https://api.telegram.org/bot8377174189:AAG50ZXtA946xmKh9Um-6-uXbncAZWffaSw/sendDocument
2025-09-04 15:05:19,407 - INFO - [SUCCESS] 邮件发送成功: 账单 - JackpotParty - 2025年08月 -> poon@gaming-panda.com
2025-09-04 15:05:22,052 - INFO - [SUCCESS] Telegram文件发送成功: complete_invoice_pdfs\JackpotParty_2025年08月_賬單.pdf -> -1002995523623
2025-09-04 15:05:25,135 - INFO - [SUCCESS] 邮件发送成功: 账单 - Mxlobo - 2025年08月 -> poon@gaming-panda.com
2025-09-04 15:05:26,847 - ERROR - [ERROR] Telegram文件发送失败: complete_invoice_pdfs\Nicegame_2025年08月_賬單.pdf -> 400 Client Error: Bad Request for url: https://api.telegram.org/bot8377174189:AAG50ZXtA946xmKh9Um-6-uXbncAZWffaSw/sendDocument
2025-09-04 15:05:29,037 - INFO - [SUCCESS] Telegram文件发送成功: complete_invoice_pdfs\slotsmaker_2025年08月_賬單.pdf -> -1002995523623
2025-09-04 15:05:32,001 - INFO - [SUCCESS] 邮件发送成功: 账单 - sortebot - 2025年08月 -> poon@gaming-panda.com
2025-09-04 15:05:34,612 - INFO - [SUCCESS] Telegram文件发送成功: complete_invoice_pdfs\sortebot_2025年08月_賬單.pdf -> -1002987680134
2025-09-04 15:05:37,566 - INFO - [SUCCESS] 邮件发送成功: 账单 - Unicorn66 - 2025年08月 -> poon@gaming-panda.com
2025-09-04 15:05:39,688 - INFO - [SUCCESS] Telegram文件发送成功: complete_invoice_pdfs\Unicorn66_2025年08月_賬單.pdf -> -1002995523623
2025-09-04 15:05:42,854 - INFO - [SUCCESS] 邮件发送成功: 账单 - VG - 2025年08月 -> poon@gaming-panda.com
2025-09-04 15:10:05,133 - INFO - [SUCCESS] 邮件发送成功: 账单 - AAFUN - 2025年07月 -> poon@gaming-panda.com
2025-09-04 15:10:07,671 - INFO - [SUCCESS] Telegram文件发送成功: complete_invoice_pdfs\AAFUN_2025年07月_賬單.pdf -> -1003052721567
2025-09-04 15:10:10,907 - INFO - [SUCCESS] 邮件发送成功: 账单 - Betfarms - 2025年07月 -> poon@gaming-panda.com
2025-09-04 15:10:13,451 - INFO - [SUCCESS] Telegram文件发送成功: complete_invoice_pdfs\Betfarms_2025年07月_賬單.pdf -> -1002665548336
2025-09-04 15:10:16,583 - INFO - [SUCCESS] Telegram文件发送成功: complete_invoice_pdfs\Epoch Game_2025年07月_賬單.pdf -> -1003052721567
2025-09-04 15:10:19,258 - INFO - [SUCCESS] Telegram文件发送成功: complete_invoice_pdfs\Game Plus_2025年07月_賬單.pdf -> -1002665548336
2025-09-04 15:10:21,760 - INFO - [SUCCESS] Telegram文件发送成功: complete_invoice_pdfs\JBgame_2025年07月_賬單.pdf -> -1003052721567
2025-09-04 15:10:27,884 - INFO - [SUCCESS] 邮件发送成功: 账单 - Mxlobo - 2025年07月 -> poon@gaming-panda.com
2025-09-04 15:10:30,087 - INFO - [SUCCESS] Telegram文件发送成功: complete_invoice_pdfs\Mxlobo_2025年07月_賬單.pdf -> -1003052721567
2025-09-04 15:10:32,161 - INFO - [SUCCESS] Telegram文件发送成功: complete_invoice_pdfs\MxnGame777_2025年07月_賬單.pdf -> -1003052721567
2025-09-04 15:10:34,658 - INFO - [SUCCESS] Telegram文件发送成功: complete_invoice_pdfs\Nicegame_2025年07月_賬單.pdf -> -1002665548336
2025-09-04 15:10:36,741 - INFO - [SUCCESS] Telegram文件发送成功: complete_invoice_pdfs\PUBCGAME_2025年07月_賬單.pdf -> -1003052721567
2025-09-04 15:10:43,948 - INFO - [SUCCESS] Telegram文件发送成功: complete_invoice_pdfs\slotsapi_2025年07月_賬單.pdf -> -1003052721567
2025-09-04 15:10:47,143 - INFO - [SUCCESS] 邮件发送成功: 账单 - sortebot - 2025年07月 -> poon@gaming-panda.com
2025-09-04 15:10:49,660 - INFO - [SUCCESS] Telegram文件发送成功: complete_invoice_pdfs\sortebot_2025年07月_賬單.pdf -> -1002987680134
2025-09-04 15:10:51,727 - INFO - [SUCCESS] Telegram文件发送成功: complete_invoice_pdfs\Togame_2025年07月_賬單.pdf -> -1003052721567
2025-09-04 15:10:54,897 - INFO - [SUCCESS] 邮件发送成功: 账单 - Unicorn66 - 2025年07月 -> poon@gaming-panda.com
2025-09-04 15:10:57,099 - INFO - [SUCCESS] Telegram文件发送成功: complete_invoice_pdfs\Unicorn66_2025年07月_賬單.pdf -> -1002995523623
2025-09-04 15:10:59,328 - INFO - [SUCCESS] Telegram文件发送成功: complete_invoice_pdfs\VG_2025年07月_賬單.pdf -> -1002888231635
2025-09-04 15:11:01,592 - INFO - [SUCCESS] Telegram文件发送成功: complete_invoice_pdfs\winwinbet_2025年07月_賬單.pdf -> -1002888231635
2025-09-04 15:15:02,423 - INFO - [SUCCESS] 邮件发送成功: 月度账单通知 - Unicorn66 - 2025年07月 -> poon@gaming-panda.com
2025-09-04 15:19:17,246 - INFO - [SUCCESS] 邮件发送成功: 月度账单通知 - Unicorn66 - 2025年07月 -> poon@gaming-panda.com
2025-09-04 15:21:29,941 - INFO - [SUCCESS] 邮件发送成功: 月度账单通知 - Unicorn66 - 2025年07月 -> poon@gaming-panda.com
2025-09-04 15:27:31,755 - INFO - [SUCCESS] 邮件发送成功: 月度账单通知 - Unicorn66 - 2025年07月 -> poon@gaming-panda.com
2025-09-04 15:39:43,171 - INFO - [SUCCESS] 邮件发送成功: 月度账单通知 - AAFUN - 2025年08月 -> poon@gaming-panda.com
2025-09-04 15:39:45,703 - INFO - [SUCCESS] Telegram文件发送成功: complete_invoice_pdfs\AAFUN_2025年08月_賬單.pdf -> -1003052721567
2025-09-04 15:39:48,746 - INFO - [SUCCESS] 邮件发送成功: 月度账单通知 - Betfarms - 2025年08月 -> poon@gaming-panda.com
2025-09-04 15:39:51,265 - INFO - [SUCCESS] Telegram文件发送成功: complete_invoice_pdfs\Betfarms_2025年08月_賬單.pdf -> -1002665548336
2025-09-04 15:39:53,373 - INFO - [SUCCESS] Telegram文件发送成功: complete_invoice_pdfs\Brabet_2025年08月_賬單.pdf -> -1002888231635
2025-09-04 15:39:55,544 - INFO - [SUCCESS] Telegram文件发送成功: complete_invoice_pdfs\Epoch Game_2025年08月_賬單.pdf -> -1003052721567
2025-09-04 15:39:58,122 - INFO - [SUCCESS] Telegram文件发送成功: complete_invoice_pdfs\Game Plus_2025年08月_賬單.pdf -> -1002665548336
2025-09-04 15:40:01,255 - INFO - [SUCCESS] 邮件发送成功: 月度账单通知 - JackpotParty - 2025年08月 -> poon@gaming-panda.com
2025-09-04 15:40:03,424 - INFO - [SUCCESS] Telegram文件发送成功: complete_invoice_pdfs\JackpotParty_2025年08月_賬單.pdf -> -1002995523623
2025-09-04 15:40:05,638 - INFO - [SUCCESS] Telegram文件发送成功: complete_invoice_pdfs\jayagaming_2025年08月_賬單.pdf -> -1002888231635
2025-09-04 15:40:09,846 - INFO - [SUCCESS] Telegram文件发送成功: complete_invoice_pdfs\JBgame_2025年08月_賬單.pdf -> -1003052721567
2025-09-04 15:40:17,261 - INFO - [SUCCESS] Telegram文件发送成功: complete_invoice_pdfs\JWgame_2025年08月_賬單.pdf -> -1003052721567
2025-09-04 15:40:20,412 - INFO - [SUCCESS] 邮件发送成功: 月度账单通知 - Mxlobo - 2025年08月 -> poon@gaming-panda.com
2025-09-04 15:40:23,434 - INFO - [SUCCESS] Telegram文件发送成功: complete_invoice_pdfs\Mxlobo_2025年08月_賬單.pdf -> -1003052721567
2025-09-04 15:40:25,804 - INFO - [SUCCESS] Telegram文件发送成功: complete_invoice_pdfs\Nicegame_2025年08月_賬單.pdf -> -1002665548336
2025-09-04 15:40:31,877 - INFO - [SUCCESS] Telegram文件发送成功: complete_invoice_pdfs\RichGroup_2025年08月_賬單.pdf -> -1003052721567
2025-09-04 15:40:40,438 - ERROR - [ERROR] Telegram文件发送失败: complete_invoice_pdfs\slotsmaker_2025年08月_賬單.pdf -> HTTPSConnectionPool(host='api.telegram.org', port=443): Max retries exceeded with url: /bot8377174189:AAG50ZXtA946xmKh9Um-6-uXbncAZWffaSw/sendDocument (Caused by SSLError(SSLEOFError(8, '[SSL: UNEXPECTED_EOF_WHILE_READING] EOF occurred in violation of protocol (_ssl.c:1032)')))
2025-09-04 15:40:43,562 - INFO - [SUCCESS] 邮件发送成功: 月度账单通知 - sortebot - 2025年08月 -> poon@gaming-panda.com
2025-09-04 15:40:47,256 - ERROR - [ERROR] Telegram文件发送失败: complete_invoice_pdfs\sortebot_2025年08月_賬單.pdf -> HTTPSConnectionPool(host='api.telegram.org', port=443): Max retries exceeded with url: /bot8377174189:AAG50ZXtA946xmKh9Um-6-uXbncAZWffaSw/sendDocument (Caused by SSLError(SSLEOFError(8, '[SSL: UNEXPECTED_EOF_WHILE_READING] EOF occurred in violation of protocol (_ssl.c:1032)')))
2025-09-04 15:40:52,465 - ERROR - [ERROR] Telegram文件发送失败: complete_invoice_pdfs\Togame_2025年08月_賬單.pdf -> HTTPSConnectionPool(host='api.telegram.org', port=443): Max retries exceeded with url: /bot8377174189:AAG50ZXtA946xmKh9Um-6-uXbncAZWffaSw/sendDocument (Caused by SSLError(SSLEOFError(8, '[SSL: UNEXPECTED_EOF_WHILE_READING] EOF occurred in violation of protocol (_ssl.c:1032)')))
2025-09-04 15:40:55,558 - INFO - [SUCCESS] 邮件发送成功: 月度账单通知 - Unicorn66 - 2025年08月 -> poon@gaming-panda.com
2025-09-04 15:41:02,421 - INFO - [SUCCESS] Telegram文件发送成功: complete_invoice_pdfs\VG_2025年08月_賬單.pdf -> -1002888231635
2025-09-04 16:13:50,016 - INFO - [SUCCESS] 邮件发送成功: 月度账单通知 - AAFUN - 2025年08月 -> poon@gaming-panda.com
2025-09-04 16:13:52,529 - INFO - [SUCCESS] Telegram文件发送成功: complete_invoice_pdfs\AAFUN_2025年08月_賬單.pdf -> -1003052721567
2025-09-04 16:13:55,706 - INFO - [SUCCESS] 邮件发送成功: 月度账单通知 - Betfarms - 2025年08月 -> poon@gaming-panda.com
2025-09-04 16:13:58,277 - INFO - [SUCCESS] Telegram文件发送成功: complete_invoice_pdfs\Betfarms_2025年08月_賬單.pdf -> -1002665548336
2025-09-04 16:14:00,772 - INFO - [SUCCESS] Telegram文件发送成功: complete_invoice_pdfs\Brabet_2025年08月_賬單.pdf -> -1002888231635
2025-09-04 16:14:03,251 - INFO - [SUCCESS] Telegram文件发送成功: complete_invoice_pdfs\Epoch Game_2025年08月_賬單.pdf -> -1003052721567
2025-09-04 16:14:05,428 - INFO - [SUCCESS] Telegram文件发送成功: complete_invoice_pdfs\Game Plus_2025年08月_賬單.pdf -> -1002665548336
2025-09-04 16:14:09,417 - INFO - [SUCCESS] 邮件发送成功: 月度账单通知 - JackpotParty - 2025年08月 -> poon@gaming-panda.com
2025-09-04 16:14:11,530 - INFO - [SUCCESS] Telegram文件发送成功: complete_invoice_pdfs\JackpotParty_2025年08月_賬單.pdf -> -1002995523623
2025-09-04 16:14:14,249 - INFO - [SUCCESS] Telegram文件发送成功: complete_invoice_pdfs\jayagaming_2025年08月_賬單.pdf -> -1002888231635
2025-09-04 16:14:16,909 - INFO - [SUCCESS] Telegram文件发送成功: complete_invoice_pdfs\JBgame_2025年08月_賬單.pdf -> -1003052721567
2025-09-04 16:14:19,914 - INFO - [SUCCESS] Telegram文件发送成功: complete_invoice_pdfs\Jogar_2025年08月_賬單.pdf -> -1003052721567
2025-09-04 16:14:21,992 - INFO - [SUCCESS] Telegram文件发送成功: complete_invoice_pdfs\JWgame_2025年08月_賬單.pdf -> -1003052721567
2025-09-04 16:14:25,133 - INFO - [SUCCESS] 邮件发送成功: 月度账单通知 - Mxlobo - 2025年08月 -> poon@gaming-panda.com
2025-09-04 16:14:27,291 - INFO - [SUCCESS] Telegram文件发送成功: complete_invoice_pdfs\Mxlobo_2025年08月_賬單.pdf -> -1003052721567
2025-09-04 16:14:29,671 - INFO - [SUCCESS] Telegram文件发送成功: complete_invoice_pdfs\Nicegame_2025年08月_賬單.pdf -> -1002665548336
2025-09-04 16:14:33,296 - INFO - [SUCCESS] Telegram文件发送成功: complete_invoice_pdfs\PUBCGAME_2025年08月_賬單.pdf -> -1003052721567
2025-09-04 16:14:35,576 - INFO - [SUCCESS] Telegram文件发送成功: complete_invoice_pdfs\RichGroup_2025年08月_賬單.pdf -> -1003052721567
2025-09-04 16:14:44,266 - ERROR - [ERROR] Telegram文件发送失败: complete_invoice_pdfs\slotsmaker_2025年08月_賬單.pdf -> HTTPSConnectionPool(host='api.telegram.org', port=443): Max retries exceeded with url: /bot8377174189:AAG50ZXtA946xmKh9Um-6-uXbncAZWffaSw/sendDocument (Caused by SSLError(SSLEOFError(8, '[SSL: UNEXPECTED_EOF_WHILE_READING] EOF occurred in violation of protocol (_ssl.c:1032)')))
2025-09-04 16:14:47,369 - INFO - [SUCCESS] 邮件发送成功: 月度账单通知 - sortebot - 2025年08月 -> poon@gaming-panda.com
2025-09-04 16:14:49,592 - INFO - [SUCCESS] Telegram文件发送成功: complete_invoice_pdfs\sortebot_2025年08月_賬單.pdf -> -1002987680134
2025-09-04 16:14:52,418 - INFO - [SUCCESS] Telegram文件发送成功: complete_invoice_pdfs\Togame_2025年08月_賬單.pdf -> -1003052721567
2025-09-04 16:14:55,390 - INFO - [SUCCESS] 邮件发送成功: 月度账单通知 - Unicorn66 - 2025年08月 -> poon@gaming-panda.com
2025-09-04 16:14:57,824 - INFO - [SUCCESS] Telegram文件发送成功: complete_invoice_pdfs\Unicorn66_2025年08月_賬單.pdf -> -1002995523623
2025-09-04 16:15:00,888 - INFO - [SUCCESS] Telegram文件发送成功: complete_invoice_pdfs\VG_2025年08月_賬單.pdf -> -1002888231635
2025-09-04 16:15:03,046 - INFO - [SUCCESS] Telegram文件发送成功: complete_invoice_pdfs\winwinbet_2025年08月_賬單.pdf -> -1002888231635
2025-09-04 16:19:16,593 - INFO - [SUCCESS] 邮件发送成功: 月度账单通知 - AAFUN - 2025年08月 -> poon@gaming-panda.com
2025-09-04 16:19:23,087 - INFO - [SUCCESS] 邮件发送成功: 月度账单通知 - Betfarms - 2025年08月 -> poon@gaming-panda.com
2025-09-04 16:19:44,250 - INFO - [SUCCESS] 邮件发送成功: 月度账单通知 - JackpotParty - 2025年08月 -> poon@gaming-panda.com
2025-09-04 16:20:10,236 - INFO - [SUCCESS] 邮件发送成功: 月度账单通知 - Mxlobo - 2025年08月 -> poon@gaming-panda.com
2025-09-04 16:20:25,305 - INFO - [SUCCESS] Telegram文件发送成功: complete_invoice_pdfs\RichGroup_2025年08月_賬單.pdf -> -1003052721567
2025-09-04 16:20:27,891 - INFO - [SUCCESS] Telegram文件发送成功: complete_invoice_pdfs\slotsapi_2025年08月_賬單.pdf -> -1003052721567
2025-09-04 16:20:30,057 - INFO - [SUCCESS] Telegram文件发送成功: complete_invoice_pdfs\slotsmaker_2025年08月_賬單.pdf -> -1002995523623
2025-09-04 16:20:33,100 - INFO - [SUCCESS] 邮件发送成功: 月度账单通知 - sortebot - 2025年08月 -> poon@gaming-panda.com
2025-09-04 16:20:35,161 - INFO - [SUCCESS] Telegram文件发送成功: complete_invoice_pdfs\sortebot_2025年08月_賬單.pdf -> -1002987680134
2025-09-04 16:20:37,348 - INFO - [SUCCESS] Telegram文件发送成功: complete_invoice_pdfs\Togame_2025年08月_賬單.pdf -> -1003052721567
2025-09-04 16:20:42,421 - INFO - [SUCCESS] 邮件发送成功: 月度账单通知 - Unicorn66 - 2025年08月 -> poon@gaming-panda.com
2025-09-04 16:20:47,214 - INFO - [SUCCESS] Telegram文件发送成功: complete_invoice_pdfs\Unicorn66_2025年08月_賬單.pdf -> -1002995523623
2025-09-04 16:20:50,661 - INFO - [SUCCESS] Telegram文件发送成功: complete_invoice_pdfs\VG_2025年08月_賬單.pdf -> -1002888231635
2025-09-04 16:32:52,306 - INFO - [SUCCESS] 邮件发送成功: 月度账单通知 - AAFUN - 2025年08月 -> poon@gaming-panda.com
2025-09-04 16:32:58,608 - INFO - [SUCCESS] 邮件发送成功: 月度账单通知 - Betfarms - 2025年08月 -> poon@gaming-panda.com
2025-09-04 16:33:05,834 - INFO - [SUCCESS] Telegram文件发送成功: complete_invoice_pdfs\Brabet_2025年08月_賬單.pdf -> -1002888231635
2025-09-04 16:33:08,441 - INFO - [SUCCESS] Telegram文件发送成功: complete_invoice_pdfs\Epoch Game_2025年08月_賬單.pdf -> -1003052721567
2025-09-04 16:33:14,505 - INFO - [SUCCESS] 邮件发送成功: 月度账单通知 - JackpotParty - 2025年08月 -> poon@gaming-panda.com
2025-09-04 16:33:17,019 - INFO - [SUCCESS] Telegram文件发送成功: complete_invoice_pdfs\JackpotParty_2025年08月_賬單.pdf -> -1002995523623
2025-09-04 16:33:19,593 - INFO - [SUCCESS] Telegram文件发送成功: complete_invoice_pdfs\jayagaming_2025年08月_賬單.pdf -> -1002888231635
2025-09-04 16:33:22,017 - INFO - [SUCCESS] Telegram文件发送成功: complete_invoice_pdfs\JBgame_2025年08月_賬單.pdf -> -1003052721567
2025-09-04 16:33:28,768 - INFO - [SUCCESS] Telegram文件发送成功: complete_invoice_pdfs\JWgame_2025年08月_賬單.pdf -> -1003052721567
2025-09-04 16:33:31,806 - INFO - [SUCCESS] 邮件发送成功: 月度账单通知 - Mxlobo - 2025年08月 -> poon@gaming-panda.com
2025-09-04 16:33:35,578 - INFO - [SUCCESS] Telegram文件发送成功: complete_invoice_pdfs\Mxlobo_2025年08月_賬單.pdf -> -1003052721567
2025-09-04 16:33:37,701 - INFO - [SUCCESS] Telegram文件发送成功: complete_invoice_pdfs\Nicegame_2025年08月_賬單.pdf -> -1002665548336
2025-09-04 16:33:39,775 - INFO - [SUCCESS] Telegram文件发送成功: complete_invoice_pdfs\PUBCGAME_2025年08月_賬單.pdf -> -1003052721567
2025-09-04 16:33:41,860 - INFO - [SUCCESS] Telegram文件发送成功: complete_invoice_pdfs\RichGroup_2025年08月_賬單.pdf -> -1003052721567
2025-09-04 16:33:43,928 - INFO - [SUCCESS] Telegram文件发送成功: complete_invoice_pdfs\slotsapi_2025年08月_賬單.pdf -> -1003052721567
2025-09-04 16:33:45,912 - INFO - [SUCCESS] Telegram文件发送成功: complete_invoice_pdfs\slotsmaker_2025年08月_賬單.pdf -> -1002995523623
2025-09-04 16:33:48,957 - INFO - [SUCCESS] 邮件发送成功: 月度账单通知 - sortebot - 2025年08月 -> poon@gaming-panda.com
2025-09-04 16:33:51,056 - INFO - [SUCCESS] Telegram文件发送成功: complete_invoice_pdfs\sortebot_2025年08月_賬單.pdf -> -1002987680134
2025-09-04 16:33:53,142 - INFO - [SUCCESS] Telegram文件发送成功: complete_invoice_pdfs\Togame_2025年08月_賬單.pdf -> -1003052721567
2025-09-04 16:33:56,059 - INFO - [SUCCESS] 邮件发送成功: 月度账单通知 - Unicorn66 - 2025年08月 -> poon@gaming-panda.com
2025-09-04 16:33:58,522 - INFO - [SUCCESS] Telegram文件发送成功: complete_invoice_pdfs\Unicorn66_2025年08月_賬單.pdf -> -1002995523623
2025-09-04 16:34:00,601 - INFO - [SUCCESS] Telegram文件发送成功: complete_invoice_pdfs\VG_2025年08月_賬單.pdf -> -1002888231635
2025-09-04 16:34:02,775 - INFO - [SUCCESS] Telegram文件发送成功: complete_invoice_pdfs\winwinbet_2025年08月_賬單.pdf -> -1002888231635
2025-09-04 17:05:34,464 - INFO - [SUCCESS] 邮件发送成功: 月度账单通知 - AAFUN - 2025年08月 -> poon@gaming-panda.com
2025-09-04 17:05:36,976 - INFO - [SUCCESS] Telegram文件发送成功: complete_invoice_pdfs\AAFUN_2025年08月_賬單.pdf -> -1003052721567
2025-09-04 17:05:39,959 - INFO - [SUCCESS] 邮件发送成功: 月度账单通知 - Betfarms - 2025年08月 -> poon@gaming-panda.com
2025-09-04 17:05:42,468 - INFO - [SUCCESS] Telegram文件发送成功: complete_invoice_pdfs\Betfarms_2025年08月_賬單.pdf -> -1002665548336
2025-09-04 17:05:44,937 - INFO - [SUCCESS] Telegram文件发送成功: complete_invoice_pdfs\Brabet_2025年08月_賬單.pdf -> -1002888231635
2025-09-04 17:05:47,469 - INFO - [SUCCESS] Telegram文件发送成功: complete_invoice_pdfs\Epoch Game_2025年08月_賬單.pdf -> -1003052721567
2025-09-04 17:05:49,572 - INFO - [SUCCESS] Telegram文件发送成功: complete_invoice_pdfs\Game Plus_2025年08月_賬單.pdf -> -1002665548336
2025-09-04 17:05:52,590 - INFO - [SUCCESS] 邮件发送成功: 月度账单通知 - JackpotParty - 2025年08月 -> poon@gaming-panda.com
2025-09-04 17:05:57,657 - INFO - [SUCCESS] Telegram文件发送成功: complete_invoice_pdfs\jayagaming_2025年08月_賬單.pdf -> -1002888231635
2025-09-04 17:05:59,702 - INFO - [SUCCESS] Telegram文件发送成功: complete_invoice_pdfs\JBgame_2025年08月_賬單.pdf -> -1003052721567
2025-09-04 17:06:01,692 - INFO - [SUCCESS] Telegram文件发送成功: complete_invoice_pdfs\Jogar_2025年08月_賬單.pdf -> -1003052721567
2025-09-04 17:06:04,385 - INFO - [SUCCESS] Telegram文件发送成功: complete_invoice_pdfs\JWgame_2025年08月_賬單.pdf -> -1003052721567
2025-09-04 17:06:07,424 - INFO - [SUCCESS] 邮件发送成功: 月度账单通知 - Mxlobo - 2025年08月 -> poon@gaming-panda.com
2025-09-04 17:06:09,473 - INFO - [SUCCESS] Telegram文件发送成功: complete_invoice_pdfs\Mxlobo_2025年08月_賬單.pdf -> -1003052721567
2025-09-04 17:06:11,582 - INFO - [SUCCESS] Telegram文件发送成功: complete_invoice_pdfs\Nicegame_2025年08月_賬單.pdf -> -1002665548336
2025-09-04 17:06:13,657 - INFO - [SUCCESS] Telegram文件发送成功: complete_invoice_pdfs\PUBCGAME_2025年08月_賬單.pdf -> -1003052721567
2025-09-04 17:06:15,755 - INFO - [SUCCESS] Telegram文件发送成功: complete_invoice_pdfs\RichGroup_2025年08月_賬單.pdf -> -1003052721567
2025-09-04 17:06:17,821 - INFO - [SUCCESS] Telegram文件发送成功: complete_invoice_pdfs\slotsapi_2025年08月_賬單.pdf -> -1003052721567
2025-09-04 17:06:19,874 - INFO - [SUCCESS] Telegram文件发送成功: complete_invoice_pdfs\slotsmaker_2025年08月_賬單.pdf -> -1002995523623
2025-09-04 17:06:22,886 - INFO - [SUCCESS] 邮件发送成功: 月度账单通知 - sortebot - 2025年08月 -> poon@gaming-panda.com
2025-09-04 17:06:24,994 - INFO - [SUCCESS] Telegram文件发送成功: complete_invoice_pdfs\sortebot_2025年08月_賬單.pdf -> -1002987680134
2025-09-04 17:06:27,572 - INFO - [SUCCESS] Telegram文件发送成功: complete_invoice_pdfs\Togame_2025年08月_賬單.pdf -> -1003052721567
2025-09-04 17:06:30,727 - INFO - [SUCCESS] 邮件发送成功: 月度账单通知 - Unicorn66 - 2025年08月 -> poon@gaming-panda.com
2025-09-04 17:06:33,234 - INFO - [SUCCESS] Telegram文件发送成功: complete_invoice_pdfs\Unicorn66_2025年08月_賬單.pdf -> -1002995523623
2025-09-04 17:06:35,568 - INFO - [SUCCESS] Telegram文件发送成功: complete_invoice_pdfs\VG_2025年08月_賬單.pdf -> -1002888231635
2025-09-04 17:06:37,639 - INFO - [SUCCESS] Telegram文件发送成功: complete_invoice_pdfs\winwinbet_2025年08月_賬單.pdf -> -1002888231635
2025-09-04 17:45:30,274 - INFO - [SUCCESS] 邮件发送成功: 月度账单通知 - AAFUN - 2025年08月 -> poon@gaming-panda.com
2025-09-04 17:45:32,833 - INFO - [SUCCESS] Telegram文件发送成功: complete_invoice_pdfs\AAFUN_202508_Bill.pdf -> -1003052721567
2025-09-04 17:45:35,847 - INFO - [SUCCESS] 邮件发送成功: 月度账单通知 - Betfarms - 2025年08月 -> poon@gaming-panda.com
2025-09-04 17:45:38,336 - INFO - [SUCCESS] Telegram文件发送成功: complete_invoice_pdfs\Betfarms_202508_Bill.pdf -> -1002665548336
2025-09-04 17:45:41,101 - INFO - [SUCCESS] Telegram文件发送成功: complete_invoice_pdfs\Brabet_202508_Bill.pdf -> -1002888231635
2025-09-04 17:45:43,130 - INFO - [SUCCESS] Telegram文件发送成功: complete_invoice_pdfs\Epoch Game_202508_Bill.pdf -> -1003052721567
2025-09-04 17:45:45,637 - INFO - [SUCCESS] Telegram文件发送成功: complete_invoice_pdfs\Game Plus_202508_Bill.pdf -> -1002665548336
2025-09-04 17:45:48,712 - INFO - [SUCCESS] 邮件发送成功: 月度账单通知 - JackpotParty - 2025年08月 -> poon@gaming-panda.com
2025-09-04 17:45:51,151 - INFO - [SUCCESS] Telegram文件发送成功: complete_invoice_pdfs\JackpotParty_202508_Bill.pdf -> -1002995523623
2025-09-04 17:45:53,201 - INFO - [SUCCESS] Telegram文件发送成功: complete_invoice_pdfs\jayagaming_202508_Bill.pdf -> -1002888231635
2025-09-04 17:45:55,483 - INFO - [SUCCESS] Telegram文件发送成功: complete_invoice_pdfs\JBgame_202508_Bill.pdf -> -1003052721567
2025-09-04 17:45:57,754 - INFO - [SUCCESS] Telegram文件发送成功: complete_invoice_pdfs\Jogar_202508_Bill.pdf -> -1003052721567
2025-09-04 17:46:00,231 - INFO - [SUCCESS] Telegram文件发送成功: complete_invoice_pdfs\JWgame_202508_Bill.pdf -> -1003052721567
2025-09-04 17:46:03,683 - INFO - [SUCCESS] 邮件发送成功: 月度账单通知 - Mxlobo - 2025年08月 -> poon@gaming-panda.com
2025-09-04 17:46:06,187 - INFO - [SUCCESS] Telegram文件发送成功: complete_invoice_pdfs\Mxlobo_202508_Bill.pdf -> -1003052721567
2025-09-04 17:46:08,280 - INFO - [SUCCESS] Telegram文件发送成功: complete_invoice_pdfs\Nicegame_202508_Bill.pdf -> -1002665548336
2025-09-04 17:46:10,678 - INFO - [SUCCESS] Telegram文件发送成功: complete_invoice_pdfs\PUBCGAME_202508_Bill.pdf -> -1003052721567
2025-09-04 17:46:12,731 - INFO - [SUCCESS] Telegram文件发送成功: complete_invoice_pdfs\RichGroup_202508_Bill.pdf -> -1003052721567
2025-09-04 17:46:14,777 - INFO - [SUCCESS] Telegram文件发送成功: complete_invoice_pdfs\slotsapi_202508_Bill.pdf -> -1003052721567
2025-09-04 17:46:16,878 - INFO - [SUCCESS] Telegram文件发送成功: complete_invoice_pdfs\slotsmaker_202508_Bill.pdf -> -1002995523623
2025-09-04 17:46:20,080 - INFO - [SUCCESS] 邮件发送成功: 月度账单通知 - sortebot - 2025年08月 -> poon@gaming-panda.com
2025-09-04 17:46:22,263 - INFO - [SUCCESS] Telegram文件发送成功: complete_invoice_pdfs\sortebot_202508_Bill.pdf -> -1002987680134
2025-09-04 17:46:24,423 - INFO - [SUCCESS] Telegram文件发送成功: complete_invoice_pdfs\Togame_202508_Bill.pdf -> -1003052721567
2025-09-04 17:46:27,745 - INFO - [SUCCESS] 邮件发送成功: 月度账单通知 - Unicorn66 - 2025年08月 -> poon@gaming-panda.com
2025-09-04 17:46:29,932 - INFO - [SUCCESS] Telegram文件发送成功: complete_invoice_pdfs\Unicorn66_202508_Bill.pdf -> -1002995523623
2025-09-04 17:46:32,084 - INFO - [SUCCESS] Telegram文件发送成功: complete_invoice_pdfs\VG_202508_Bill.pdf -> -1002888231635
2025-09-04 17:46:34,316 - INFO - [SUCCESS] Telegram文件发送成功: complete_invoice_pdfs\winwinbet_202508_Bill.pdf -> -1002888231635
2025-09-04 17:48:29,410 - INFO - [SUCCESS] 邮件发送成功: 月度账单通知 - AAFUN - 2025年07月 -> poon@gaming-panda.com
2025-09-04 17:48:31,678 - INFO - [SUCCESS] Telegram文件发送成功: complete_invoice_pdfs\AAFUN_202507_Bill.pdf -> -1003052721567
2025-09-04 17:48:35,593 - INFO - [SUCCESS] 邮件发送成功: 月度账单通知 - Betfarms - 2025年07月 -> poon@gaming-panda.com
2025-09-04 17:48:38,380 - INFO - [SUCCESS] Telegram文件发送成功: complete_invoice_pdfs\Betfarms_202507_Bill.pdf -> -1002665548336
2025-09-04 17:48:40,474 - INFO - [SUCCESS] Telegram文件发送成功: complete_invoice_pdfs\Epoch Game_202507_Bill.pdf -> -1003052721567
2025-09-04 17:48:42,784 - INFO - [SUCCESS] Telegram文件发送成功: complete_invoice_pdfs\Game Plus_202507_Bill.pdf -> -1002665548336
2025-09-04 17:48:45,009 - INFO - [SUCCESS] Telegram文件发送成功: complete_invoice_pdfs\JBgame_202507_Bill.pdf -> -1003052721567
2025-09-04 17:48:47,212 - INFO - [SUCCESS] Telegram文件发送成功: complete_invoice_pdfs\Jogar_202507_Bill.pdf -> -1003052721567
2025-09-04 17:48:50,051 - INFO - [SUCCESS] 邮件发送成功: 月度账单通知 - Mxlobo - 2025年07月 -> poon@gaming-panda.com
2025-09-04 17:48:52,500 - INFO - [SUCCESS] Telegram文件发送成功: complete_invoice_pdfs\Mxlobo_202507_Bill.pdf -> -1003052721567
2025-09-04 17:48:54,765 - INFO - [SUCCESS] Telegram文件发送成功: complete_invoice_pdfs\MxnGame777_202507_Bill.pdf -> -1003052721567
2025-09-04 17:48:56,978 - INFO - [SUCCESS] Telegram文件发送成功: complete_invoice_pdfs\Nicegame_202507_Bill.pdf -> -1002665548336
2025-09-04 17:48:59,036 - INFO - [SUCCESS] Telegram文件发送成功: complete_invoice_pdfs\PUBCGAME_202507_Bill.pdf -> -1003052721567
2025-09-04 17:49:01,132 - INFO - [SUCCESS] Telegram文件发送成功: complete_invoice_pdfs\RichGroup_202507_Bill.pdf -> -1003052721567
2025-09-04 17:49:03,400 - INFO - [SUCCESS] Telegram文件发送成功: complete_invoice_pdfs\slotsapi_202507_Bill.pdf -> -1003052721567
2025-09-04 17:49:06,613 - INFO - [SUCCESS] 邮件发送成功: 月度账单通知 - sortebot - 2025年07月 -> poon@gaming-panda.com
2025-09-04 17:49:08,692 - INFO - [SUCCESS] Telegram文件发送成功: complete_invoice_pdfs\sortebot_202507_Bill.pdf -> -1002987680134
2025-09-04 17:49:10,696 - INFO - [SUCCESS] Telegram文件发送成功: complete_invoice_pdfs\Togame_202507_Bill.pdf -> -1003052721567
2025-09-04 17:49:13,778 - INFO - [SUCCESS] 邮件发送成功: 月度账单通知 - Unicorn66 - 2025年07月 -> poon@gaming-panda.com
2025-09-04 17:49:15,788 - INFO - [SUCCESS] Telegram文件发送成功: complete_invoice_pdfs\Unicorn66_202507_Bill.pdf -> -1002995523623
2025-09-04 17:49:17,888 - INFO - [SUCCESS] Telegram文件发送成功: complete_invoice_pdfs\VG_202507_Bill.pdf -> -1002888231635
2025-09-04 17:49:20,009 - INFO - [SUCCESS] Telegram文件发送成功: complete_invoice_pdfs\winwinbet_202507_Bill.pdf -> -1002888231635
2025-09-04 19:55:10,115 - INFO - [SUCCESS] 邮件发送成功: 月度账单通知 - AAFUN - 2025年08月 -> poon@gaming-panda.com
2025-09-04 19:55:12,607 - INFO - [SUCCESS] Telegram文件发送成功: complete_invoice_pdfs\AAFUN_202508_Bill.pdf -> -1003052721567
2025-09-04 19:55:15,571 - INFO - [SUCCESS] 邮件发送成功: 月度账单通知 - Betfarms - 2025年08月 -> poon@gaming-panda.com
2025-09-04 19:55:18,004 - INFO - [SUCCESS] Telegram文件发送成功: complete_invoice_pdfs\Betfarms_202508_Bill.pdf -> -1002665548336
2025-09-04 19:55:20,435 - INFO - [SUCCESS] Telegram文件发送成功: complete_invoice_pdfs\Brabet_202508_Bill.pdf -> -1002888231635
2025-09-04 19:55:22,518 - INFO - [SUCCESS] Telegram文件发送成功: complete_invoice_pdfs\Epoch Game_202508_Bill.pdf -> -1003052721567
2025-09-04 19:55:24,542 - INFO - [SUCCESS] Telegram文件发送成功: complete_invoice_pdfs\Game Plus_202508_Bill.pdf -> -1002665548336
2025-09-04 19:55:27,423 - INFO - [SUCCESS] 邮件发送成功: 月度账单通知 - JackpotParty - 2025年08月 -> poon@gaming-panda.com
2025-09-04 19:55:29,840 - INFO - [SUCCESS] Telegram文件发送成功: complete_invoice_pdfs\JackpotParty_202508_Bill.pdf -> -1002995523623
2025-09-04 19:55:31,822 - INFO - [SUCCESS] Telegram文件发送成功: complete_invoice_pdfs\jayagaming_202508_Bill.pdf -> -1002888231635
2025-09-04 19:55:33,888 - INFO - [SUCCESS] Telegram文件发送成功: complete_invoice_pdfs\JBgame_202508_Bill.pdf -> -1003052721567
2025-09-04 19:55:35,854 - INFO - [SUCCESS] Telegram文件发送成功: complete_invoice_pdfs\Jogar_202508_Bill.pdf -> -1003052721567
2025-09-04 19:55:37,894 - INFO - [SUCCESS] Telegram文件发送成功: complete_invoice_pdfs\JWgame_202508_Bill.pdf -> -1003052721567
2025-09-04 19:55:40,762 - INFO - [SUCCESS] 邮件发送成功: 月度账单通知 - Mxlobo - 2025年08月 -> poon@gaming-panda.com
2025-09-04 19:55:42,840 - INFO - [SUCCESS] Telegram文件发送成功: complete_invoice_pdfs\Mxlobo_202508_Bill.pdf -> -1003052721567
2025-09-04 19:55:45,219 - INFO - [SUCCESS] Telegram文件发送成功: complete_invoice_pdfs\Nicegame_202508_Bill.pdf -> -1002665548336
2025-09-04 19:55:47,759 - INFO - [SUCCESS] Telegram文件发送成功: complete_invoice_pdfs\PUBCGAME_202508_Bill.pdf -> -1003052721567
2025-09-04 19:55:50,253 - INFO - [SUCCESS] Telegram文件发送成功: complete_invoice_pdfs\RichGroup_202508_Bill.pdf -> -1003052721567
2025-09-04 19:55:52,240 - INFO - [SUCCESS] Telegram文件发送成功: complete_invoice_pdfs\slotsapi_202508_Bill.pdf -> -1003052721567
2025-09-04 19:55:54,357 - INFO - [SUCCESS] Telegram文件发送成功: complete_invoice_pdfs\slotsmaker_202508_Bill.pdf -> -1002995523623
2025-09-04 19:55:57,287 - INFO - [SUCCESS] 邮件发送成功: 月度账单通知 - sortebot - 2025年08月 -> poon@gaming-panda.com
2025-09-04 19:55:59,568 - INFO - [SUCCESS] Telegram文件发送成功: complete_invoice_pdfs\sortebot_202508_Bill.pdf -> -1002987680134
2025-09-04 19:56:01,658 - INFO - [SUCCESS] Telegram文件发送成功: complete_invoice_pdfs\Togame_202508_Bill.pdf -> -1003052721567
2025-09-04 19:56:04,556 - INFO - [SUCCESS] 邮件发送成功: 月度账单通知 - Unicorn66 - 2025年08月 -> poon@gaming-panda.com
2025-09-04 19:56:06,576 - INFO - [SUCCESS] Telegram文件发送成功: complete_invoice_pdfs\Unicorn66_202508_Bill.pdf -> -1002995523623
2025-09-04 19:56:08,720 - INFO - [SUCCESS] Telegram文件发送成功: complete_invoice_pdfs\VG_202508_Bill.pdf -> -1002888231635
2025-09-04 19:56:10,822 - INFO - [SUCCESS] Telegram文件发送成功: complete_invoice_pdfs\winwinbet_202508_Bill.pdf -> -1002888231635
2025-09-04 20:29:18,409 - INFO - [SUCCESS] 邮件发送成功: 月度账单通知 - AAFUN - 2025年08月 -> poon@gaming-panda.com
2025-09-04 20:29:26,185 - INFO - [SUCCESS] 邮件发送成功: 月度账单通知 - Betfarms - 2025年08月 -> poon@gaming-panda.com
2025-09-04 20:29:49,176 - INFO - [SUCCESS] 邮件发送成功: 月度账单通知 - JackpotParty - 2025年08月 -> poon@gaming-panda.com
2025-09-04 20:29:51,714 - INFO - [SUCCESS] Telegram文件发送成功: complete_invoice_pdfs\JackpotParty_202508_Bill.pdf -> -1002995523623
2025-09-04 20:29:54,082 - INFO - [SUCCESS] Telegram文件发送成功: complete_invoice_pdfs\jayagaming_202508_Bill.pdf -> -1002888231635
2025-09-04 20:29:56,150 - INFO - [SUCCESS] Telegram文件发送成功: complete_invoice_pdfs\JBgame_202508_Bill.pdf -> -1003052721567
2025-09-04 20:29:58,658 - INFO - [SUCCESS] Telegram文件发送成功: complete_invoice_pdfs\Jogar_202508_Bill.pdf -> -1003052721567
2025-09-04 20:30:01,078 - INFO - [SUCCESS] Telegram文件发送成功: complete_invoice_pdfs\JWgame_202508_Bill.pdf -> -1003052721567
2025-09-04 20:30:04,194 - INFO - [SUCCESS] 邮件发送成功: 月度账单通知 - Mxlobo - 2025年08月 -> poon@gaming-panda.com
2025-09-04 20:30:06,775 - INFO - [SUCCESS] Telegram文件发送成功: complete_invoice_pdfs\Mxlobo_202508_Bill.pdf -> -1003052721567
2025-09-04 20:30:09,189 - INFO - [SUCCESS] Telegram文件发送成功: complete_invoice_pdfs\Nicegame_202508_Bill.pdf -> -1002665548336
2025-09-04 20:30:11,358 - INFO - [SUCCESS] Telegram文件发送成功: complete_invoice_pdfs\PUBCGAME_202508_Bill.pdf -> -1003052721567
2025-09-04 20:30:14,033 - INFO - [SUCCESS] Telegram文件发送成功: complete_invoice_pdfs\RichGroup_202508_Bill.pdf -> -1003052721567
2025-09-04 20:30:16,127 - INFO - [SUCCESS] Telegram文件发送成功: complete_invoice_pdfs\slotsapi_202508_Bill.pdf -> -1003052721567
2025-09-04 20:30:18,111 - INFO - [SUCCESS] Telegram文件发送成功: complete_invoice_pdfs\slotsmaker_202508_Bill.pdf -> -1002995523623
2025-09-04 20:30:21,042 - INFO - [SUCCESS] 邮件发送成功: 月度账单通知 - sortebot - 2025年08月 -> poon@gaming-panda.com
2025-09-04 20:30:23,111 - INFO - [SUCCESS] Telegram文件发送成功: complete_invoice_pdfs\sortebot_202508_Bill.pdf -> -1002987680134
2025-09-04 20:30:25,408 - INFO - [SUCCESS] Telegram文件发送成功: complete_invoice_pdfs\Togame_202508_Bill.pdf -> -1003052721567
2025-09-04 20:30:28,373 - INFO - [SUCCESS] 邮件发送成功: 月度账单通知 - Unicorn66 - 2025年08月 -> poon@gaming-panda.com
2025-09-04 20:30:30,470 - INFO - [SUCCESS] Telegram文件发送成功: complete_invoice_pdfs\Unicorn66_202508_Bill.pdf -> -1002995523623
2025-09-04 20:30:32,542 - INFO - [SUCCESS] Telegram文件发送成功: complete_invoice_pdfs\VG_202508_Bill.pdf -> -1002888231635
2025-09-04 20:30:34,678 - INFO - [SUCCESS] Telegram文件发送成功: complete_invoice_pdfs\winwinbet_202508_Bill.pdf -> -1002888231635
2025-09-04 21:21:38,625 - INFO - [SUCCESS] 邮件发送成功: 月度账单通知 - AAFUN - 2025年08月 -> poon@gaming-panda.com
2025-09-04 21:21:41,138 - INFO - [SUCCESS] Telegram文件发送成功: complete_invoice_pdfs\AAFUN_202508_Bill.pdf -> -1003052721567
2025-09-04 21:21:44,172 - INFO - [SUCCESS] 邮件发送成功: 月度账单通知 - Betfarms - 2025年08月 -> poon@gaming-panda.com
2025-09-04 21:21:46,624 - INFO - [SUCCESS] Telegram文件发送成功: complete_invoice_pdfs\Betfarms_202508_Bill.pdf -> -1002665548336
2025-09-04 21:21:49,143 - INFO - [SUCCESS] Telegram文件发送成功: complete_invoice_pdfs\Brabet_202508_Bill.pdf -> -1002888231635
2025-09-04 21:21:51,820 - INFO - [SUCCESS] Telegram文件发送成功: complete_invoice_pdfs\Epoch Game_202508_Bill.pdf -> -1003052721567
2025-09-04 21:21:54,003 - INFO - [SUCCESS] Telegram文件发送成功: complete_invoice_pdfs\Game Plus_202508_Bill.pdf -> -1002665548336
2025-09-04 21:21:56,957 - INFO - [SUCCESS] 邮件发送成功: 月度账单通知 - JackpotParty - 2025年08月 -> poon@gaming-panda.com
2025-09-04 21:21:59,514 - INFO - [SUCCESS] Telegram文件发送成功: complete_invoice_pdfs\JackpotParty_202508_Bill.pdf -> -1002995523623
2025-09-04 21:22:01,812 - INFO - [SUCCESS] Telegram文件发送成功: complete_invoice_pdfs\jayagaming_202508_Bill.pdf -> -1002888231635
2025-09-04 21:22:03,991 - INFO - [SUCCESS] Telegram文件发送成功: complete_invoice_pdfs\JBgame_202508_Bill.pdf -> -1003052721567
2025-09-04 21:22:07,610 - INFO - [SUCCESS] Telegram文件发送成功: complete_invoice_pdfs\Jogar_202508_Bill.pdf -> -1003052721567
2025-09-04 21:22:09,750 - INFO - [SUCCESS] Telegram文件发送成功: complete_invoice_pdfs\JWgame_202508_Bill.pdf -> -1003052721567
2025-09-04 21:22:12,636 - INFO - [SUCCESS] 邮件发送成功: 月度账单通知 - Mxlobo - 2025年08月 -> poon@gaming-panda.com
2025-09-04 21:22:15,119 - INFO - [SUCCESS] Telegram文件发送成功: complete_invoice_pdfs\Mxlobo_202508_Bill.pdf -> -1003052721567
2025-09-04 21:22:17,122 - INFO - [SUCCESS] Telegram文件发送成功: complete_invoice_pdfs\Nicegame_202508_Bill.pdf -> -1002665548336
2025-09-04 21:22:19,157 - INFO - [SUCCESS] Telegram文件发送成功: complete_invoice_pdfs\PUBCGAME_202508_Bill.pdf -> -1003052721567
2025-09-04 21:22:21,751 - INFO - [SUCCESS] Telegram文件发送成功: complete_invoice_pdfs\RichGroup_202508_Bill.pdf -> -1003052721567
2025-09-04 21:22:23,895 - INFO - [SUCCESS] Telegram文件发送成功: complete_invoice_pdfs\slotsapi_202508_Bill.pdf -> -1003052721567
2025-09-04 21:22:26,518 - INFO - [SUCCESS] Telegram文件发送成功: complete_invoice_pdfs\slotsmaker_202508_Bill.pdf -> -1002995523623
2025-09-04 21:22:29,420 - INFO - [SUCCESS] 邮件发送成功: 月度账单通知 - sortebot - 2025年08月 -> poon@gaming-panda.com
2025-09-04 21:22:31,736 - INFO - [SUCCESS] Telegram文件发送成功: complete_invoice_pdfs\sortebot_202508_Bill.pdf -> -1002987680134
2025-09-04 21:22:34,020 - INFO - [SUCCESS] Telegram文件发送成功: complete_invoice_pdfs\Togame_202508_Bill.pdf -> -1003052721567
2025-09-04 21:22:36,864 - INFO - [SUCCESS] 邮件发送成功: 月度账单通知 - Unicorn66 - 2025年08月 -> poon@gaming-panda.com
2025-09-04 21:22:40,095 - INFO - [SUCCESS] Telegram文件发送成功: complete_invoice_pdfs\Unicorn66_202508_Bill.pdf -> -1002995523623
2025-09-04 21:22:43,404 - INFO - [SUCCESS] Telegram文件发送成功: complete_invoice_pdfs\VG_202508_Bill.pdf -> -1002888231635
2025-09-04 21:22:45,796 - INFO - [SUCCESS] Telegram文件发送成功: complete_invoice_pdfs\winwinbet_202508_Bill.pdf -> -1002888231635
2025-09-04 21:29:27,655 - INFO - [SUCCESS] Telegram文件发送成功: complete_invoice_pdfs\A99AU_202508_Bill.pdf -> -1002665548336
2025-09-04 21:29:30,553 - INFO - [SUCCESS] 邮件发送成功: 月度账单通知 - AAFUN - 2025年08月 -> poon@gaming-panda.com
2025-09-04 21:29:34,140 - INFO - [SUCCESS] Telegram文件发送成功: complete_invoice_pdfs\AAFUN_202508_Bill.pdf -> -1003052721567
2025-09-04 21:29:36,997 - INFO - [SUCCESS] 邮件发送成功: 月度账单通知 - Betfarms - 2025年08月 -> poon@gaming-panda.com
2025-09-04 21:29:39,491 - INFO - [SUCCESS] Telegram文件发送成功: complete_invoice_pdfs\Betfarms_202508_Bill.pdf -> -1002665548336
2025-09-04 21:29:42,050 - INFO - [SUCCESS] Telegram文件发送成功: complete_invoice_pdfs\Brabet_202508_Bill.pdf -> -1002888231635
2025-09-04 21:29:44,785 - INFO - [SUCCESS] Telegram文件发送成功: complete_invoice_pdfs\Epoch Game_202508_Bill.pdf -> -1003052721567
2025-09-04 21:29:47,482 - INFO - [SUCCESS] Telegram文件发送成功: complete_invoice_pdfs\Game Plus_202508_Bill.pdf -> -1002665548336
2025-09-04 21:29:50,490 - INFO - [SUCCESS] 邮件发送成功: 月度账单通知 - JackpotParty - 2025年08月 -> poon@gaming-panda.com
2025-09-04 21:29:53,032 - INFO - [SUCCESS] Telegram文件发送成功: complete_invoice_pdfs\JackpotParty_202508_Bill.pdf -> -1002995523623
2025-09-04 21:29:55,556 - INFO - [SUCCESS] Telegram文件发送成功: complete_invoice_pdfs\jayagaming_202508_Bill.pdf -> -1002888231635
2025-09-04 21:29:57,665 - INFO - [SUCCESS] Telegram文件发送成功: complete_invoice_pdfs\JBgame_202508_Bill.pdf -> -1003052721567
2025-09-04 21:29:59,740 - INFO - [SUCCESS] Telegram文件发送成功: complete_invoice_pdfs\Jogar_202508_Bill.pdf -> -1003052721567
2025-09-04 21:30:01,823 - INFO - [SUCCESS] Telegram文件发送成功: complete_invoice_pdfs\JWgame_202508_Bill.pdf -> -1003052721567
2025-09-04 21:30:04,796 - INFO - [SUCCESS] 邮件发送成功: 月度账单通知 - Mxlobo - 2025年08月 -> poon@gaming-panda.com
2025-09-04 21:30:06,907 - INFO - [SUCCESS] Telegram文件发送成功: complete_invoice_pdfs\Mxlobo_202508_Bill.pdf -> -1003052721567
2025-09-04 21:30:09,546 - INFO - [SUCCESS] Telegram文件发送成功: complete_invoice_pdfs\Nicegame_202508_Bill.pdf -> -1002665548336
2025-09-04 21:30:11,719 - INFO - [SUCCESS] Telegram文件发送成功: complete_invoice_pdfs\PUBCGAME_202508_Bill.pdf -> -1003052721567
2025-09-04 21:30:13,729 - INFO - [SUCCESS] Telegram文件发送成功: complete_invoice_pdfs\RichGroup_202508_Bill.pdf -> -1003052721567
2025-09-04 21:30:15,754 - INFO - [SUCCESS] Telegram文件发送成功: complete_invoice_pdfs\slotsapi_202508_Bill.pdf -> -1003052721567
2025-09-04 21:30:17,790 - INFO - [SUCCESS] Telegram文件发送成功: complete_invoice_pdfs\slotsmaker_202508_Bill.pdf -> -1002995523623
2025-09-04 21:30:20,729 - INFO - [SUCCESS] 邮件发送成功: 月度账单通知 - sortebot - 2025年08月 -> poon@gaming-panda.com
2025-09-04 21:30:22,925 - INFO - [SUCCESS] Telegram文件发送成功: complete_invoice_pdfs\sortebot_202508_Bill.pdf -> -1002987680134
2025-09-04 21:30:25,916 - INFO - [SUCCESS] Telegram文件发送成功: complete_invoice_pdfs\Togame_202508_Bill.pdf -> -1003052721567
2025-09-04 21:30:28,881 - INFO - [SUCCESS] 邮件发送成功: 月度账单通知 - Unicorn66 - 2025年08月 -> poon@gaming-panda.com
2025-09-04 21:30:31,014 - INFO - [SUCCESS] Telegram文件发送成功: complete_invoice_pdfs\Unicorn66_202508_Bill.pdf -> -1002995523623
2025-09-04 21:30:33,214 - INFO - [SUCCESS] Telegram文件发送成功: complete_invoice_pdfs\VG_202508_Bill.pdf -> -1002888231635
2025-09-04 21:30:35,362 - INFO - [SUCCESS] Telegram文件发送成功: complete_invoice_pdfs\winwinbet_202508_Bill.pdf -> -1002888231635
2025-09-04 21:35:46,532 - INFO - [SUCCESS] Telegram文件发送成功: complete_invoice_pdfs\A99AU_202508_Bill.pdf -> -1002665548336
2025-09-04 21:35:49,394 - INFO - [SUCCESS] 邮件发送成功: 月度账单通知 - AAFUN - 2025年08月 -> poon@gaming-panda.com
2025-09-04 21:35:51,566 - INFO - [SUCCESS] Telegram文件发送成功: complete_invoice_pdfs\AAFUN_202508_Bill.pdf -> -1003052721567
2025-09-04 21:35:54,366 - INFO - [SUCCESS] 邮件发送成功: 月度账单通知 - Betfarms - 2025年08月 -> poon@gaming-panda.com
2025-09-04 21:35:56,726 - INFO - [SUCCESS] Telegram文件发送成功: complete_invoice_pdfs\Betfarms_202508_Bill.pdf -> -1002665548336
2025-09-04 21:36:00,614 - INFO - [SUCCESS] Telegram文件发送成功: complete_invoice_pdfs\Brabet_202508_Bill.pdf -> -1002888231635
2025-09-04 21:36:02,844 - INFO - [SUCCESS] Telegram文件发送成功: complete_invoice_pdfs\Epoch Game_202508_Bill.pdf -> -1003052721567
2025-09-04 21:36:06,999 - INFO - [SUCCESS] Telegram文件发送成功: complete_invoice_pdfs\Game Plus_202508_Bill.pdf -> -1002665548336
2025-09-04 21:36:10,085 - INFO - [SUCCESS] 邮件发送成功: 月度账单通知 - JackpotParty - 2025年08月 -> poon@gaming-panda.com
2025-09-04 21:36:12,823 - INFO - [SUCCESS] Telegram文件发送成功: complete_invoice_pdfs\JackpotParty_202508_Bill.pdf -> -1002995523623
2025-09-04 21:36:18,359 - INFO - [SUCCESS] Telegram文件发送成功: complete_invoice_pdfs\JBgame_202508_Bill.pdf -> -1003052721567
2025-09-04 21:36:23,509 - INFO - [SUCCESS] Telegram文件发送成功: complete_invoice_pdfs\Jogar_202508_Bill.pdf -> -1003052721567
2025-09-04 21:36:26,069 - INFO - [SUCCESS] Telegram文件发送成功: complete_invoice_pdfs\JWgame_202508_Bill.pdf -> -1003052721567
2025-09-04 21:36:28,990 - INFO - [SUCCESS] 邮件发送成功: 月度账单通知 - Mxlobo - 2025年08月 -> poon@gaming-panda.com
2025-09-04 21:36:31,143 - INFO - [SUCCESS] Telegram文件发送成功: complete_invoice_pdfs\Mxlobo_202508_Bill.pdf -> -1003052721567
2025-09-04 21:36:33,747 - INFO - [SUCCESS] Telegram文件发送成功: complete_invoice_pdfs\Nicegame_202508_Bill.pdf -> -1002665548336
2025-09-04 21:36:35,961 - INFO - [SUCCESS] Telegram文件发送成功: complete_invoice_pdfs\PUBCGAME_202508_Bill.pdf -> -1003052721567
2025-09-04 21:36:38,124 - INFO - [SUCCESS] Telegram文件发送成功: complete_invoice_pdfs\RichGroup_202508_Bill.pdf -> -1003052721567
2025-09-04 21:36:40,308 - INFO - [SUCCESS] Telegram文件发送成功: complete_invoice_pdfs\slotsapi_202508_Bill.pdf -> -1003052721567
2025-09-04 21:36:42,437 - INFO - [SUCCESS] Telegram文件发送成功: complete_invoice_pdfs\slotsmaker_202508_Bill.pdf -> -1002995523623
2025-09-04 21:36:45,398 - INFO - [SUCCESS] 邮件发送成功: 月度账单通知 - sortebot - 2025年08月 -> poon@gaming-panda.com
2025-09-04 21:36:47,519 - INFO - [SUCCESS] Telegram文件发送成功: complete_invoice_pdfs\sortebot_202508_Bill.pdf -> -1002987680134
2025-09-04 21:36:49,700 - INFO - [SUCCESS] Telegram文件发送成功: complete_invoice_pdfs\Togame_202508_Bill.pdf -> -1003052721567
2025-09-04 21:36:52,474 - INFO - [SUCCESS] 邮件发送成功: 月度账单通知 - Unicorn66 - 2025年08月 -> poon@gaming-panda.com
2025-09-04 21:36:55,029 - INFO - [SUCCESS] Telegram文件发送成功: complete_invoice_pdfs\Unicorn66_202508_Bill.pdf -> -1002995523623
2025-09-04 21:36:57,251 - INFO - [SUCCESS] Telegram文件发送成功: complete_invoice_pdfs\VG_202508_Bill.pdf -> -1002888231635
2025-09-04 21:36:59,505 - INFO - [SUCCESS] Telegram文件发送成功: complete_invoice_pdfs\winwinbet_202508_Bill.pdf -> -1002888231635
2025-09-04 21:40:45,600 - INFO - [SUCCESS] Telegram文件发送成功: complete_invoice_pdfs\A99AU_202507_Bill.pdf -> -1002665548336
2025-09-04 21:40:48,681 - INFO - [SUCCESS] 邮件发送成功: 月度账单通知 - AAFUN - 2025年07月 -> poon@gaming-panda.com
2025-09-04 21:40:50,890 - INFO - [SUCCESS] Telegram文件发送成功: complete_invoice_pdfs\AAFUN_202507_Bill.pdf -> -1003052721567
2025-09-04 21:40:53,808 - INFO - [SUCCESS] 邮件发送成功: 月度账单通知 - Betfarms - 2025年07月 -> poon@gaming-panda.com
2025-09-04 21:40:55,925 - INFO - [SUCCESS] Telegram文件发送成功: complete_invoice_pdfs\Betfarms_202507_Bill.pdf -> -1002665548336
2025-09-04 21:40:58,030 - INFO - [SUCCESS] Telegram文件发送成功: complete_invoice_pdfs\Epoch Game_202507_Bill.pdf -> -1003052721567
2025-09-04 21:41:00,212 - INFO - [SUCCESS] Telegram文件发送成功: complete_invoice_pdfs\Game Plus_202507_Bill.pdf -> -1002665548336
2025-09-04 21:41:02,327 - INFO - [SUCCESS] Telegram文件发送成功: complete_invoice_pdfs\JBgame_202507_Bill.pdf -> -1003052721567
2025-09-04 21:41:04,475 - INFO - [SUCCESS] Telegram文件发送成功: complete_invoice_pdfs\Jogar_202507_Bill.pdf -> -1003052721567
2025-09-04 21:41:07,389 - INFO - [SUCCESS] 邮件发送成功: 月度账单通知 - Mxlobo - 2025年07月 -> poon@gaming-panda.com
2025-09-04 21:41:09,619 - INFO - [SUCCESS] Telegram文件发送成功: complete_invoice_pdfs\Mxlobo_202507_Bill.pdf -> -1003052721567
2025-09-04 21:41:11,668 - INFO - [SUCCESS] Telegram文件发送成功: complete_invoice_pdfs\MxnGame777_202507_Bill.pdf -> -1003052721567
2025-09-04 21:41:13,881 - INFO - [SUCCESS] Telegram文件发送成功: complete_invoice_pdfs\Nicegame_202507_Bill.pdf -> -1002665548336
2025-09-04 21:41:16,008 - INFO - [SUCCESS] Telegram文件发送成功: complete_invoice_pdfs\PUBCGAME_202507_Bill.pdf -> -1003052721567
2025-09-04 21:41:18,082 - INFO - [SUCCESS] Telegram文件发送成功: complete_invoice_pdfs\RichGroup_202507_Bill.pdf -> -1003052721567
2025-09-04 21:41:20,190 - INFO - [SUCCESS] Telegram文件发送成功: complete_invoice_pdfs\slotsapi_202507_Bill.pdf -> -1003052721567
2025-09-04 21:41:23,099 - INFO - [SUCCESS] 邮件发送成功: 月度账单通知 - sortebot - 2025年07月 -> poon@gaming-panda.com
2025-09-04 21:41:25,299 - INFO - [SUCCESS] Telegram文件发送成功: complete_invoice_pdfs\sortebot_202507_Bill.pdf -> -1002987680134
2025-09-04 21:41:29,541 - INFO - [SUCCESS] Telegram文件发送成功: complete_invoice_pdfs\Togame_202507_Bill.pdf -> -1003052721567
2025-09-04 21:41:32,463 - INFO - [SUCCESS] 邮件发送成功: 月度账单通知 - Unicorn66 - 2025年07月 -> poon@gaming-panda.com
2025-09-04 21:41:34,707 - INFO - [SUCCESS] Telegram文件发送成功: complete_invoice_pdfs\Unicorn66_202507_Bill.pdf -> -1002995523623
2025-09-04 21:41:36,887 - INFO - [SUCCESS] Telegram文件发送成功: complete_invoice_pdfs\VG_202507_Bill.pdf -> -1002888231635
2025-09-04 21:41:39,092 - INFO - [SUCCESS] Telegram文件发送成功: complete_invoice_pdfs\winwinbet_202507_Bill.pdf -> -1002888231635
2025-09-04 21:41:44,458 - INFO - [SUCCESS] 邮件发送成功: 月度账单通知 - AAFUN - 2025年07月 -> poon@gaming-panda.com
2025-09-04 21:41:47,696 - INFO - [SUCCESS] Telegram文件发送成功: complete_invoice_pdfs\AAFUN_202507_Bill.pdf -> -1003052721567
2025-09-04 21:41:50,500 - INFO - [SUCCESS] 邮件发送成功: 月度账单通知 - Betfarms - 2025年07月 -> poon@gaming-panda.com
2025-09-04 21:41:53,319 - INFO - [SUCCESS] Telegram文件发送成功: complete_invoice_pdfs\Betfarms_202507_Bill.pdf -> -1002665548336
2025-09-04 21:41:55,400 - INFO - [SUCCESS] Telegram文件发送成功: complete_invoice_pdfs\Epoch Game_202507_Bill.pdf -> -1003052721567
2025-09-04 21:41:59,093 - INFO - [SUCCESS] Telegram文件发送成功: complete_invoice_pdfs\Game Plus_202507_Bill.pdf -> -1002665548336
2025-09-04 21:42:01,270 - INFO - [SUCCESS] Telegram文件发送成功: complete_invoice_pdfs\JBgame_202507_Bill.pdf -> -1003052721567
2025-09-04 21:42:03,455 - INFO - [SUCCESS] Telegram文件发送成功: complete_invoice_pdfs\Jogar_202507_Bill.pdf -> -1003052721567
2025-09-04 21:42:06,274 - INFO - [SUCCESS] 邮件发送成功: 月度账单通知 - Mxlobo - 2025年07月 -> poon@gaming-panda.com
2025-09-04 21:42:08,505 - INFO - [SUCCESS] Telegram文件发送成功: complete_invoice_pdfs\Mxlobo_202507_Bill.pdf -> -1003052721567
2025-09-04 21:42:10,808 - INFO - [SUCCESS] Telegram文件发送成功: complete_invoice_pdfs\MxnGame777_202507_Bill.pdf -> -1003052721567
2025-09-04 21:42:13,077 - INFO - [SUCCESS] Telegram文件发送成功: complete_invoice_pdfs\Nicegame_202507_Bill.pdf -> -1002665548336
2025-09-04 21:42:15,391 - INFO - [SUCCESS] Telegram文件发送成功: complete_invoice_pdfs\PUBCGAME_202507_Bill.pdf -> -1003052721567
2025-09-04 21:42:18,668 - INFO - [SUCCESS] Telegram文件发送成功: complete_invoice_pdfs\RichGroup_202507_Bill.pdf -> -1003052721567
2025-09-04 21:42:20,862 - INFO - [SUCCESS] Telegram文件发送成功: complete_invoice_pdfs\slotsapi_202507_Bill.pdf -> -1003052721567
2025-09-04 21:42:23,718 - INFO - [SUCCESS] 邮件发送成功: 月度账单通知 - sortebot - 2025年07月 -> poon@gaming-panda.com
2025-09-04 21:42:26,108 - INFO - [SUCCESS] Telegram文件发送成功: complete_invoice_pdfs\sortebot_202507_Bill.pdf -> -1002987680134
2025-09-04 21:42:28,310 - INFO - [SUCCESS] Telegram文件发送成功: complete_invoice_pdfs\Togame_202507_Bill.pdf -> -1003052721567
2025-09-04 21:42:31,223 - INFO - [SUCCESS] 邮件发送成功: 月度账单通知 - Unicorn66 - 2025年07月 -> poon@gaming-panda.com
2025-09-04 21:42:33,488 - INFO - [SUCCESS] Telegram文件发送成功: complete_invoice_pdfs\Unicorn66_202507_Bill.pdf -> -1002995523623
2025-09-04 21:42:35,945 - INFO - [SUCCESS] Telegram文件发送成功: complete_invoice_pdfs\VG_202507_Bill.pdf -> -1002888231635
2025-09-04 21:42:38,172 - INFO - [SUCCESS] Telegram文件发送成功: complete_invoice_pdfs\winwinbet_202507_Bill.pdf -> -1002888231635
2025-09-04 21:46:34,162 - INFO - [SUCCESS] Telegram文件发送成功: complete_invoice_pdfs\A99AU_202508_Bill.pdf -> -1002665548336
2025-09-04 21:46:37,100 - INFO - [SUCCESS] 邮件发送成功: 月度账单通知 - AAFUN - 2025年08月 -> poon@gaming-panda.com
2025-09-04 21:46:39,371 - INFO - [SUCCESS] Telegram文件发送成功: complete_invoice_pdfs\AAFUN_202508_Bill.pdf -> -1003052721567
2025-09-04 21:46:42,524 - INFO - [SUCCESS] 邮件发送成功: 月度账单通知 - Betfarms - 2025年08月 -> poon@gaming-panda.com
2025-09-04 21:46:44,881 - INFO - [SUCCESS] Telegram文件发送成功: complete_invoice_pdfs\Betfarms_202508_Bill.pdf -> -1002665548336
2025-09-04 21:46:47,359 - INFO - [SUCCESS] Telegram文件发送成功: complete_invoice_pdfs\Brabet_202508_Bill.pdf -> -1002888231635
2025-09-04 21:46:49,562 - INFO - [SUCCESS] Telegram文件发送成功: complete_invoice_pdfs\Epoch Game_202508_Bill.pdf -> -1003052721567
2025-09-04 21:46:52,703 - INFO - [SUCCESS] Telegram文件发送成功: complete_invoice_pdfs\Game Plus_202508_Bill.pdf -> -1002665548336
2025-09-04 21:46:55,719 - INFO - [SUCCESS] 邮件发送成功: 月度账单通知 - JackpotParty - 2025年08月 -> poon@gaming-panda.com
2025-09-04 21:46:59,430 - ERROR - [ERROR] Telegram文件发送失败: complete_invoice_pdfs\JackpotParty_202508_Bill.pdf -> HTTPSConnectionPool(host='api.telegram.org', port=443): Max retries exceeded with url: /bot8377174189:AAG50ZXtA946xmKh9Um-6-uXbncAZWffaSw/sendDocument (Caused by SSLError(SSLEOFError(8, '[SSL: UNEXPECTED_EOF_WHILE_READING] EOF occurred in violation of protocol (_ssl.c:1032)')))
2025-09-04 21:47:02,309 - INFO - [SUCCESS] Telegram文件发送成功: complete_invoice_pdfs\jayagaming_202508_Bill.pdf -> -1002888231635
2025-09-04 21:47:05,611 - INFO - [SUCCESS] Telegram文件发送成功: complete_invoice_pdfs\JBgame_202508_Bill.pdf -> -1003052721567
2025-09-04 21:47:07,827 - INFO - [SUCCESS] Telegram文件发送成功: complete_invoice_pdfs\Jogar_202508_Bill.pdf -> -1003052721567
2025-09-04 21:47:10,702 - INFO - [SUCCESS] Telegram文件发送成功: complete_invoice_pdfs\JWgame_202508_Bill.pdf -> -1003052721567
2025-09-04 21:47:13,753 - INFO - [SUCCESS] 邮件发送成功: 月度账单通知 - Mxlobo - 2025年08月 -> poon@gaming-panda.com
2025-09-04 21:47:16,017 - INFO - [SUCCESS] Telegram文件发送成功: complete_invoice_pdfs\Mxlobo_202508_Bill.pdf -> -1003052721567
2025-09-04 21:47:19,317 - INFO - [SUCCESS] Telegram文件发送成功: complete_invoice_pdfs\Nicegame_202508_Bill.pdf -> -1002665548336
2025-09-04 21:47:21,480 - INFO - [SUCCESS] Telegram文件发送成功: complete_invoice_pdfs\PUBCGAME_202508_Bill.pdf -> -1003052721567
2025-09-04 21:47:23,691 - INFO - [SUCCESS] Telegram文件发送成功: complete_invoice_pdfs\RichGroup_202508_Bill.pdf -> -1003052721567
2025-09-04 21:47:25,899 - INFO - [SUCCESS] Telegram文件发送成功: complete_invoice_pdfs\slotsapi_202508_Bill.pdf -> -1003052721567
2025-09-04 21:47:27,930 - INFO - [SUCCESS] Telegram文件发送成功: complete_invoice_pdfs\slotsmaker_202508_Bill.pdf -> -1002995523623
2025-09-04 21:47:30,894 - INFO - [SUCCESS] 邮件发送成功: 月度账单通知 - sortebot - 2025年08月 -> poon@gaming-panda.com
2025-09-04 21:47:33,022 - INFO - [SUCCESS] Telegram文件发送成功: complete_invoice_pdfs\sortebot_202508_Bill.pdf -> -1002987680134
2025-09-04 21:47:35,084 - INFO - [SUCCESS] Telegram文件发送成功: complete_invoice_pdfs\Togame_202508_Bill.pdf -> -1003052721567
2025-09-04 21:47:38,031 - INFO - [SUCCESS] 邮件发送成功: 月度账单通知 - Unicorn66 - 2025年08月 -> poon@gaming-panda.com
2025-09-04 21:47:41,214 - INFO - [SUCCESS] Telegram文件发送成功: complete_invoice_pdfs\Unicorn66_202508_Bill.pdf -> -1002995523623
2025-09-04 21:47:43,394 - INFO - [SUCCESS] Telegram文件发送成功: complete_invoice_pdfs\VG_202508_Bill.pdf -> -1002888231635
2025-09-04 21:47:45,565 - INFO - [SUCCESS] Telegram文件发送成功: complete_invoice_pdfs\winwinbet_202508_Bill.pdf -> -1002888231635
2025-09-04 21:53:10,225 - INFO - [SUCCESS] 邮件发送成功: 月度账单通知 - AAFUN - 2025年08月 -> poon@gaming-panda.com
2025-09-04 21:53:16,146 - INFO - [SUCCESS] 邮件发送成功: 月度账单通知 - Betfarms - 2025年08月 -> poon@gaming-panda.com
2025-09-04 21:54:55,766 - INFO - [SUCCESS] Telegram文件发送成功: complete_invoice_pdfs\A99AU_202508_Bill.pdf -> -1002665548336
2025-09-04 21:54:58,771 - INFO - [SUCCESS] 邮件发送成功: 月度账单通知 - AAFUN - 2025年08月 -> poon@gaming-panda.com
2025-09-04 21:55:04,118 - INFO - [SUCCESS] Telegram文件发送成功: complete_invoice_pdfs\AAFUN_202508_Bill.pdf -> -1003052721567
2025-09-04 21:55:06,941 - INFO - [SUCCESS] 邮件发送成功: 月度账单通知 - Betfarms - 2025年08月 -> poon@gaming-panda.com
2025-09-04 21:55:11,549 - INFO - [SUCCESS] Telegram文件发送成功: complete_invoice_pdfs\Betfarms_202508_Bill.pdf -> -1002665548336
2025-09-04 21:55:15,838 - INFO - [SUCCESS] Telegram文件发送成功: complete_invoice_pdfs\Brabet_202508_Bill.pdf -> -1002888231635
2025-09-04 21:55:20,548 - INFO - [SUCCESS] Telegram文件发送成功: complete_invoice_pdfs\Epoch Game_202508_Bill.pdf -> -1003052721567
2025-09-04 21:55:24,350 - INFO - [SUCCESS] Telegram文件发送成功: complete_invoice_pdfs\Game Plus_202508_Bill.pdf -> -1002665548336
2025-09-04 21:55:27,328 - INFO - [SUCCESS] 邮件发送成功: 月度账单通知 - JackpotParty - 2025年08月 -> poon@gaming-panda.com
2025-09-04 21:55:30,655 - INFO - [SUCCESS] Telegram文件发送成功: complete_invoice_pdfs\JackpotParty_202508_Bill.pdf -> -1002995523623
2025-09-04 21:55:34,462 - INFO - [SUCCESS] Telegram文件发送成功: complete_invoice_pdfs\jayagaming_202508_Bill.pdf -> -1002888231635
2025-09-04 21:55:37,919 - INFO - [SUCCESS] Telegram文件发送成功: complete_invoice_pdfs\JBgame_202508_Bill.pdf -> -1003052721567
2025-09-04 21:55:41,500 - INFO - [SUCCESS] Telegram文件发送成功: complete_invoice_pdfs\Jogar_202508_Bill.pdf -> -1003052721567
2025-09-04 21:55:45,192 - INFO - [SUCCESS] Telegram文件发送成功: complete_invoice_pdfs\JWgame_202508_Bill.pdf -> -1003052721567
2025-09-04 21:55:48,077 - INFO - [SUCCESS] 邮件发送成功: 月度账单通知 - Mxlobo - 2025年08月 -> poon@gaming-panda.com
2025-09-04 21:55:51,938 - INFO - [SUCCESS] Telegram文件发送成功: complete_invoice_pdfs\Mxlobo_202508_Bill.pdf -> -1003052721567
2025-09-04 21:55:56,130 - INFO - [SUCCESS] Telegram文件发送成功: complete_invoice_pdfs\Nicegame_202508_Bill.pdf -> -1002665548336
2025-09-04 21:55:59,657 - INFO - [SUCCESS] Telegram文件发送成功: complete_invoice_pdfs\PUBCGAME_202508_Bill.pdf -> -1003052721567
2025-09-04 21:56:02,605 - INFO - [SUCCESS] Telegram文件发送成功: complete_invoice_pdfs\RichGroup_202508_Bill.pdf -> -1003052721567
2025-09-04 21:56:06,066 - INFO - [SUCCESS] Telegram文件发送成功: complete_invoice_pdfs\slotsapi_202508_Bill.pdf -> -1003052721567
2025-09-04 21:56:10,553 - INFO - [SUCCESS] Telegram文件发送成功: complete_invoice_pdfs\slotsmaker_202508_Bill.pdf -> -1002995523623
2025-09-04 21:56:13,487 - INFO - [SUCCESS] 邮件发送成功: 月度账单通知 - sortebot - 2025年08月 -> poon@gaming-panda.com
2025-09-04 21:56:17,736 - INFO - [SUCCESS] Telegram文件发送成功: complete_invoice_pdfs\sortebot_202508_Bill.pdf -> -1002987680134
2025-09-04 21:56:21,135 - INFO - [SUCCESS] Telegram文件发送成功: complete_invoice_pdfs\Togame_202508_Bill.pdf -> -1003052721567
2025-09-04 21:56:24,061 - INFO - [SUCCESS] 邮件发送成功: 月度账单通知 - Unicorn66 - 2025年08月 -> poon@gaming-panda.com
2025-09-04 21:56:27,308 - INFO - [SUCCESS] Telegram文件发送成功: complete_invoice_pdfs\Unicorn66_202508_Bill.pdf -> -1002995523623
2025-09-04 21:56:30,370 - INFO - [SUCCESS] Telegram文件发送成功: complete_invoice_pdfs\VG_202508_Bill.pdf -> -1002888231635
2025-09-04 21:56:33,659 - INFO - [SUCCESS] Telegram文件发送成功: complete_invoice_pdfs\winwinbet_202508_Bill.pdf -> -1002888231635
2025-09-04 22:00:30,223 - INFO - [SUCCESS] Telegram文件发送成功: complete_invoice_pdfs\A99AU_202508_Bill.pdf -> -1002665548336
2025-09-04 22:00:33,233 - INFO - [SUCCESS] 邮件发送成功: 月度账单通知 - AAFUN - 2025年08月 -> poon@gaming-panda.com
2025-09-04 22:00:36,121 - INFO - [SUCCESS] Telegram文件发送成功: complete_invoice_pdfs\AAFUN_202508_Bill.pdf -> -1003052721567
2025-09-04 22:00:39,069 - INFO - [SUCCESS] 邮件发送成功: 月度账单通知 - Betfarms - 2025年08月 -> poon@gaming-panda.com
2025-09-04 22:00:41,429 - INFO - [SUCCESS] Telegram文件发送成功: complete_invoice_pdfs\Betfarms_202508_Bill.pdf -> -1002665548336
2025-09-04 22:00:44,146 - INFO - [SUCCESS] Telegram文件发送成功: complete_invoice_pdfs\Brabet_202508_Bill.pdf -> -1002888231635
2025-09-04 22:00:47,779 - INFO - [SUCCESS] Telegram文件发送成功: complete_invoice_pdfs\Epoch Game_202508_Bill.pdf -> -1003052721567
2025-09-04 22:00:51,621 - INFO - [SUCCESS] Telegram文件发送成功: complete_invoice_pdfs\Game Plus_202508_Bill.pdf -> -1002665548336
2025-09-04 22:00:54,530 - INFO - [SUCCESS] 邮件发送成功: 月度账单通知 - JackpotParty - 2025年08月 -> poon@gaming-panda.com
2025-09-04 22:00:58,460 - INFO - [SUCCESS] Telegram文件发送成功: complete_invoice_pdfs\JackpotParty_202508_Bill.pdf -> -1002995523623
2025-09-04 22:01:02,260 - INFO - [SUCCESS] Telegram文件发送成功: complete_invoice_pdfs\jayagaming_202508_Bill.pdf -> -1002888231635
2025-09-04 22:01:05,963 - INFO - [SUCCESS] Telegram文件发送成功: complete_invoice_pdfs\JBgame_202508_Bill.pdf -> -1003052721567
2025-09-04 22:01:09,262 - INFO - [SUCCESS] Telegram文件发送成功: complete_invoice_pdfs\Jogar_202508_Bill.pdf -> -1003052721567
2025-09-04 22:01:14,053 - INFO - [SUCCESS] Telegram文件发送成功: complete_invoice_pdfs\JWgame_202508_Bill.pdf -> -1003052721567
2025-09-04 22:01:16,889 - INFO - [SUCCESS] 邮件发送成功: 月度账单通知 - Mxlobo - 2025年08月 -> poon@gaming-panda.com
2025-09-04 22:01:20,340 - INFO - [SUCCESS] Telegram文件发送成功: complete_invoice_pdfs\Mxlobo_202508_Bill.pdf -> -1003052721567
2025-09-04 22:01:23,999 - INFO - [SUCCESS] Telegram文件发送成功: complete_invoice_pdfs\Nicegame_202508_Bill.pdf -> -1002665548336
2025-09-04 22:01:29,203 - INFO - [SUCCESS] Telegram文件发送成功: complete_invoice_pdfs\PUBCGAME_202508_Bill.pdf -> -1003052721567
2025-09-04 22:01:32,578 - INFO - [SUCCESS] Telegram文件发送成功: complete_invoice_pdfs\RichGroup_202508_Bill.pdf -> -1003052721567
2025-09-04 22:01:35,871 - INFO - [SUCCESS] Telegram文件发送成功: complete_invoice_pdfs\slotsapi_202508_Bill.pdf -> -1003052721567
2025-09-04 22:01:38,891 - INFO - [SUCCESS] Telegram文件发送成功: complete_invoice_pdfs\slotsmaker_202508_Bill.pdf -> -1002995523623
2025-09-04 22:01:41,628 - INFO - [SUCCESS] 邮件发送成功: 月度账单通知 - sortebot - 2025年08月 -> poon@gaming-panda.com
2025-09-04 22:01:44,768 - INFO - [SUCCESS] Telegram文件发送成功: complete_invoice_pdfs\sortebot_202508_Bill.pdf -> -1002987680134
2025-09-04 22:01:48,805 - INFO - [SUCCESS] Telegram文件发送成功: complete_invoice_pdfs\Togame_202508_Bill.pdf -> -1003052721567
2025-09-04 22:01:51,603 - INFO - [SUCCESS] 邮件发送成功: 月度账单通知 - Unicorn66 - 2025年08月 -> poon@gaming-panda.com
2025-09-04 22:01:54,519 - INFO - [SUCCESS] Telegram文件发送成功: complete_invoice_pdfs\Unicorn66_202508_Bill.pdf -> -1002995523623
2025-09-04 22:01:57,892 - INFO - [SUCCESS] Telegram文件发送成功: complete_invoice_pdfs\VG_202508_Bill.pdf -> -1002888231635
2025-09-04 22:02:01,236 - INFO - [SUCCESS] Telegram文件发送成功: complete_invoice_pdfs\winwinbet_202508_Bill.pdf -> -1002888231635
2025-09-05 11:09:33,357 - INFO - [SUCCESS] Telegram文件发送成功: complete_invoice_pdfs\A99AU_202508_Bill.pdf -> -1002665548336
2025-09-05 11:09:36,692 - INFO - [SUCCESS] 邮件发送成功: 月度账单通知 - AAFUN - 2025年08月 -> poon@gaming-panda.com
2025-09-05 11:09:39,781 - INFO - [SUCCESS] Telegram文件发送成功: complete_invoice_pdfs\AAFUN_202508_Bill.pdf -> -1003052721567
2025-09-05 11:09:42,894 - INFO - [SUCCESS] 邮件发送成功: 月度账单通知 - Betfarms - 2025年08月 -> poon@gaming-panda.com
2025-09-05 11:09:45,937 - INFO - [SUCCESS] Telegram文件发送成功: complete_invoice_pdfs\Betfarms_202508_Bill.pdf -> -1002665548336
2025-09-05 11:09:49,046 - INFO - [SUCCESS] Telegram文件发送成功: complete_invoice_pdfs\Brabet_202508_Bill.pdf -> -1002888231635
2025-09-05 11:09:51,798 - INFO - [SUCCESS] Telegram文件发送成功: complete_invoice_pdfs\Epoch Game_202508_Bill.pdf -> -1003052721567
2025-09-05 11:09:55,068 - INFO - [SUCCESS] Telegram文件发送成功: complete_invoice_pdfs\Game Plus_202508_Bill.pdf -> -1002665548336
2025-09-05 11:09:58,076 - INFO - [SUCCESS] 邮件发送成功: 月度账单通知 - JackpotParty - 2025年08月 -> poon@gaming-panda.com
2025-09-05 11:10:01,177 - INFO - [SUCCESS] Telegram文件发送成功: complete_invoice_pdfs\JackpotParty_202508_Bill.pdf -> -1002995523623
2025-09-05 11:10:04,277 - INFO - [SUCCESS] Telegram文件发送成功: complete_invoice_pdfs\jayagaming_202508_Bill.pdf -> -1002888231635
2025-09-05 11:10:07,369 - INFO - [SUCCESS] Telegram文件发送成功: complete_invoice_pdfs\JBgame_202508_Bill.pdf -> -1003052721567
2025-09-05 11:10:10,005 - INFO - [SUCCESS] Telegram文件发送成功: complete_invoice_pdfs\Jogar_202508_Bill.pdf -> -1003052721567
2025-09-05 11:10:12,650 - INFO - [SUCCESS] Telegram文件发送成功: complete_invoice_pdfs\JWgame_202508_Bill.pdf -> -1003052721567
2025-09-05 11:10:15,638 - INFO - [SUCCESS] 邮件发送成功: 月度账单通知 - Mxlobo - 2025年08月 -> poon@gaming-panda.com
2025-09-05 11:10:18,808 - INFO - [SUCCESS] Telegram文件发送成功: complete_invoice_pdfs\Mxlobo_202508_Bill.pdf -> -1003052721567
2025-09-05 11:10:21,625 - INFO - [SUCCESS] Telegram文件发送成功: complete_invoice_pdfs\Nicegame_202508_Bill.pdf -> -1002665548336
2025-09-05 11:10:24,274 - INFO - [SUCCESS] Telegram文件发送成功: complete_invoice_pdfs\PUBCGAME_202508_Bill.pdf -> -1003052721567
2025-09-05 11:10:27,036 - INFO - [SUCCESS] Telegram文件发送成功: complete_invoice_pdfs\RichGroup_202508_Bill.pdf -> -1003052721567
2025-09-05 11:10:29,846 - INFO - [SUCCESS] Telegram文件发送成功: complete_invoice_pdfs\slotsapi_202508_Bill.pdf -> -1003052721567
2025-09-05 11:10:32,627 - INFO - [SUCCESS] Telegram文件发送成功: complete_invoice_pdfs\slotsmaker_202508_Bill.pdf -> -1002995523623
2025-09-05 11:10:35,596 - INFO - [SUCCESS] 邮件发送成功: 月度账单通知 - sortebot - 2025年08月 -> poon@gaming-panda.com
2025-09-05 11:10:38,473 - INFO - [SUCCESS] Telegram文件发送成功: complete_invoice_pdfs\sortebot_202508_Bill.pdf -> -1002987680134
2025-09-05 11:10:41,112 - INFO - [SUCCESS] Telegram文件发送成功: complete_invoice_pdfs\Togame_202508_Bill.pdf -> -1003052721567
2025-09-05 13:06:00,379 - INFO - [SUCCESS] 邮件发送成功: 月度账单通知 - AAFUN - 2025年08月 -> poon@gaming-panda.com
2025-09-05 13:06:03,140 - INFO - [SUCCESS] Telegram文件发送成功: complete_invoice_pdfs\AAFUN_202508_Bill.pdf -> -1003052721567
2025-09-05 13:06:05,699 - INFO - [SUCCESS] Telegram文件发送成功: complete_invoice_pdfs\Brabet_202508_Bill.pdf -> -1002888231635
2025-09-05 13:09:18,249 - INFO - [SUCCESS] 邮件发送成功: 月度账单通知 - AAFUN - 2025年08月 -> poon@gaming-panda.com
2025-09-05 13:09:19,960 - INFO - [SUCCESS] Telegram文件发送成功: complete_invoice_pdfs\AAFUN_202508_Bill.pdf -> -1003052721567
2025-09-05 13:09:21,662 - INFO - [SUCCESS] Telegram文件发送成功: complete_invoice_pdfs\Brabet_202508_Bill.pdf -> -1002888231635
