2025-09-04 21:14:22,561 - INFO - ==================================================
2025-09-04 21:14:22,561 - INFO - 开始自动化月度账单处理
2025-09-04 21:14:22,561 - INFO - ==================================================
2025-09-04 21:14:22,561 - INFO - 检查前提条件...
2025-09-04 21:14:22,562 - INFO - 前提条件检查通过
2025-09-04 21:14:22,562 - INFO - 自动模式 - 当前月份：2025年09月，目标月份：2025年08月
2025-09-04 21:14:22,562 - INFO - 启动确认回调服务...
2025-09-04 21:14:25,580 - INFO - 确认回调服务启动成功
2025-09-04 21:14:25,581 - INFO - 开始执行 2025年08月 的账单流程
2025-09-04 21:14:25,581 - INFO - 步骤1：获取Lark商户信息
2025-09-04 21:14:25,583 - INFO - 执行脚本：C:\Users\poonw\AppData\Local\Microsoft\WindowsApps\PythonSoftwareFoundation.Python.3.13_qbz5n2kfra8p0\python.exe D:\cursor\Auto billing\step1_fetch_lark_merchants.py
2025-09-04 21:14:26,872 - INFO - 脚本 step1_fetch_lark_merchants.py 执行成功
2025-09-04 21:14:26,872 - INFO - 步骤2：获取邮件附件
2025-09-04 21:14:26,872 - INFO - 执行脚本：C:\Users\poonw\AppData\Local\Microsoft\WindowsApps\PythonSoftwareFoundation.Python.3.13_qbz5n2kfra8p0\python.exe D:\cursor\Auto billing\run_billing_step2.py
2025-09-04 21:14:26,948 - ERROR - 脚本 run_billing_step2.py 执行失败，返回码：1
2025-09-04 21:14:26,949 - ERROR - 错误信息：Traceback (most recent call last):
  File "D:\cursor\Auto billing\run_billing_step2.py", line 5, in <module>
    from auto_billing_workflow import AutoBillingWorkflow
ModuleNotFoundError: No module named 'auto_billing_workflow'

2025-09-04 21:14:26,949 - ERROR - 步骤2执行失败
2025-09-04 21:14:26,949 - ERROR - 自动化账单流程执行失败
2025-09-04 21:14:26,949 - INFO - 确认回调服务继续运行，等待用户确认...
2025-09-04 21:16:07,693 - INFO - ==================================================
2025-09-04 21:16:07,693 - INFO - 开始自动化月度账单处理
2025-09-04 21:16:07,693 - INFO - ==================================================
2025-09-04 21:16:07,693 - INFO - 检查前提条件...
2025-09-04 21:16:07,694 - INFO - 前提条件检查通过
2025-09-04 21:16:07,694 - INFO - 自动模式 - 当前月份：2025年09月，目标月份：2025年08月
2025-09-04 21:16:07,694 - INFO - 启动确认回调服务...
2025-09-04 21:16:10,712 - INFO - 确认回调服务启动成功
2025-09-04 21:16:10,712 - INFO - 开始执行 2025年08月 的账单流程
2025-09-04 21:16:10,712 - INFO - 设置环境变量 TARGET_YYYYMM=202508
2025-09-04 21:16:10,712 - INFO - 步骤1：获取Lark商户信息
2025-09-04 21:16:10,712 - INFO - 执行脚本：C:\Users\poonw\AppData\Local\Microsoft\WindowsApps\PythonSoftwareFoundation.Python.3.13_qbz5n2kfra8p0\python.exe D:\cursor\Auto billing\step1_fetch_lark_merchants.py
2025-09-04 21:16:11,856 - INFO - 脚本 step1_fetch_lark_merchants.py 执行成功
2025-09-04 21:16:11,857 - INFO - 步骤2：获取邮件附件
2025-09-04 21:16:11,857 - INFO - 执行脚本：C:\Users\poonw\AppData\Local\Microsoft\WindowsApps\PythonSoftwareFoundation.Python.3.13_qbz5n2kfra8p0\python.exe D:\cursor\Auto billing\step2_fetch_mail_attachment.py
2025-09-04 21:17:00,495 - INFO - 脚本 step2_fetch_mail_attachment.py 执行成功
2025-09-04 21:17:00,496 - INFO - 步骤3：生成PDF账单
2025-09-04 21:17:00,496 - INFO - 执行脚本：C:\Users\poonw\AppData\Local\Microsoft\WindowsApps\PythonSoftwareFoundation.Python.3.13_qbz5n2kfra8p0\python.exe D:\cursor\Auto billing\full_billing_pipeline.py 202508
2025-09-04 21:17:00,542 - INFO - 脚本 full_billing_pipeline.py 执行成功
2025-09-04 21:17:00,543 - INFO - 步骤4：发送确认消息
2025-09-04 21:17:00,543 - INFO - 执行脚本：C:\Users\poonw\AppData\Local\Microsoft\WindowsApps\PythonSoftwareFoundation.Python.3.13_qbz5n2kfra8p0\python.exe D:\cursor\Auto billing\send_actual_bills.py
2025-09-04 21:17:00,993 - INFO - 脚本 send_actual_bills.py 执行成功
2025-09-04 21:17:00,993 - INFO - 2025年08月账单流程执行完成
2025-09-04 21:17:00,993 - INFO - 请在Lark中确认账单，确认后系统将自动处理步骤6
2025-09-04 21:17:00,993 - INFO - 自动化账单流程执行成功！
2025-09-04 21:17:00,993 - INFO - 请在Lark中确认账单，系统将自动处理后续步骤
2025-09-04 21:17:00,993 - INFO - 确认回调服务继续运行，等待用户确认...
2025-09-04 21:26:40,448 - INFO - ==================================================
2025-09-04 21:26:40,448 - INFO - 开始自动化月度账单处理
2025-09-04 21:26:40,448 - INFO - ==================================================
2025-09-04 21:26:40,448 - INFO - 检查前提条件...
2025-09-04 21:26:40,449 - INFO - 前提条件检查通过
2025-09-04 21:26:40,449 - INFO - 自动模式 - 当前月份：2025年09月，目标月份：2025年08月
2025-09-04 21:26:40,449 - INFO - 启动确认回调服务...
2025-09-04 21:26:43,466 - INFO - 确认回调服务启动成功
2025-09-04 21:26:43,467 - ERROR - 账单流程执行异常: 'int' object has no attribute 'zfill'
2025-09-04 21:26:43,467 - ERROR - 自动化账单流程执行失败
2025-09-04 21:26:43,467 - INFO - 确认回调服务继续运行，等待用户确认...
2025-09-04 21:33:45,195 - INFO - ==================================================
2025-09-04 21:33:45,195 - INFO - 开始自动化月度账单处理
2025-09-04 21:33:45,196 - INFO - ==================================================
2025-09-04 21:33:45,196 - INFO - 检查前提条件...
2025-09-04 21:33:45,196 - INFO - 前提条件检查通过
2025-09-04 21:33:45,196 - INFO - 自动模式 - 当前月份：2025年09月，目标月份：2025年08月
2025-09-04 21:33:45,196 - INFO - 启动确认回调服务...
2025-09-04 21:33:48,213 - INFO - 确认回调服务启动成功
2025-09-04 21:33:48,214 - ERROR - 账单流程执行异常: 'int' object has no attribute 'zfill'
2025-09-04 21:33:48,214 - ERROR - 自动化账单流程执行失败
2025-09-04 21:33:48,214 - INFO - 确认回调服务继续运行，等待用户确认...
