2025-09-01 12:34:21,140 - INFO - ✅ 加载内部确认配置: internal_confirmation_config.json
2025-09-01 12:34:21,140 - INFO - 🧪 测试模式已启用 - 客户账单将发送到测试邮箱
2025-09-01 12:34:21,165 - WARNING -  * Debugger is active!
2025-09-01 12:34:21,170 - INFO -  * Debugger PIN: 684-257-920
2025-09-01 12:34:25,960 - INFO -  * Detected change in 'D:\\cursor\\Auto billing\\lark_data_fetcher.py', reloading
2025-09-01 12:34:26,006 - INFO -  * Restarting with stat
2025-09-01 12:34:26,571 - INFO - ✅ 加载内部确认配置: internal_confirmation_config.json
2025-09-01 12:34:26,572 - INFO - 🧪 测试模式已启用 - 客户账单将发送到测试邮箱
2025-09-01 12:34:26,595 - WARNING -  * Debugger is active!
2025-09-01 12:34:26,600 - INFO -  * Debugger PIN: 684-257-920
2025-09-01 12:34:34,133 - INFO -  * Detected change in 'D:\\cursor\\Auto billing\\lark_data_fetcher.py', reloading
2025-09-01 12:34:34,193 - INFO -  * Restarting with stat
2025-09-01 12:34:34,808 - INFO - ✅ 加载内部确认配置: internal_confirmation_config.json
2025-09-01 12:34:34,808 - INFO - 🧪 测试模式已启用 - 客户账单将发送到测试邮箱
2025-09-01 12:34:34,831 - WARNING -  * Debugger is active!
2025-09-01 12:34:34,835 - INFO -  * Debugger PIN: 684-257-920
2025-09-01 12:34:39,510 - INFO -  * Detected change in 'D:\\cursor\\Auto billing\\lark_data_fetcher.py', reloading
2025-09-01 12:34:39,551 - INFO -  * Restarting with stat
2025-09-01 12:34:40,117 - INFO - ✅ 加载内部确认配置: internal_confirmation_config.json
2025-09-01 12:34:40,117 - INFO - 🧪 测试模式已启用 - 客户账单将发送到测试邮箱
2025-09-01 12:34:40,140 - WARNING -  * Debugger is active!
2025-09-01 12:34:40,146 - INFO -  * Debugger PIN: 684-257-920
2025-09-01 12:34:43,598 - INFO -  * Detected change in 'D:\\cursor\\Auto billing\\lark_data_fetcher.py', reloading
2025-09-01 12:34:43,646 - INFO -  * Restarting with stat
2025-09-01 12:34:44,234 - INFO - ✅ 加载内部确认配置: internal_confirmation_config.json
2025-09-01 12:34:44,235 - INFO - 🧪 测试模式已启用 - 客户账单将发送到测试邮箱
2025-09-01 12:34:44,259 - WARNING -  * Debugger is active!
2025-09-01 12:34:44,263 - INFO -  * Debugger PIN: 684-257-920
2025-09-01 12:34:47,755 - INFO -  * Detected change in 'D:\\cursor\\Auto billing\\lark_data_fetcher.py', reloading
2025-09-01 12:34:47,810 - INFO -  * Restarting with stat
2025-09-01 12:34:48,395 - INFO - ✅ 加载内部确认配置: internal_confirmation_config.json
2025-09-01 12:34:48,395 - INFO - 🧪 测试模式已启用 - 客户账单将发送到测试邮箱
2025-09-01 12:34:48,421 - WARNING -  * Debugger is active!
2025-09-01 12:34:48,426 - INFO -  * Debugger PIN: 684-257-920
2025-09-01 12:34:53,176 - INFO -  * Detected change in 'D:\\cursor\\Auto billing\\lark_data_fetcher.py', reloading
2025-09-01 12:34:53,238 - INFO -  * Restarting with stat
2025-09-01 12:34:53,783 - INFO - ✅ 加载内部确认配置: internal_confirmation_config.json
2025-09-01 12:34:53,783 - INFO - 🧪 测试模式已启用 - 客户账单将发送到测试邮箱
2025-09-01 12:34:53,807 - WARNING -  * Debugger is active!
2025-09-01 12:34:53,812 - INFO -  * Debugger PIN: 684-257-920
2025-09-01 12:34:57,094 - INFO -  * Detected change in 'D:\\cursor\\Auto billing\\lark_data_fetcher.py', reloading
2025-09-01 12:34:57,134 - INFO -  * Restarting with stat
2025-09-01 12:34:57,716 - INFO - ✅ 加载内部确认配置: internal_confirmation_config.json
2025-09-01 12:34:57,716 - INFO - 🧪 测试模式已启用 - 客户账单将发送到测试邮箱
2025-09-01 12:34:57,739 - WARNING -  * Debugger is active!
2025-09-01 12:34:57,745 - INFO -  * Debugger PIN: 684-257-920
2025-09-01 12:35:01,126 - INFO -  * Detected change in 'D:\\cursor\\Auto billing\\lark_data_fetcher.py', reloading
2025-09-01 12:35:01,197 - INFO -  * Restarting with stat
2025-09-01 12:35:01,809 - INFO - ✅ 加载内部确认配置: internal_confirmation_config.json
2025-09-01 12:35:01,810 - INFO - 🧪 测试模式已启用 - 客户账单将发送到测试邮箱
2025-09-01 12:35:01,834 - WARNING -  * Debugger is active!
2025-09-01 12:35:01,839 - INFO -  * Debugger PIN: 684-257-920
2025-09-01 12:35:34,672 - INFO -  * Detected change in 'D:\\cursor\\Auto billing\\fetch_merchant_tables.py', reloading
2025-09-01 12:35:34,740 - INFO -  * Restarting with stat
2025-09-01 12:35:35,448 - INFO - ✅ 加载内部确认配置: internal_confirmation_config.json
2025-09-01 12:35:35,448 - INFO - 🧪 测试模式已启用 - 客户账单将发送到测试邮箱
2025-09-01 12:35:35,476 - WARNING -  * Debugger is active!
2025-09-01 12:35:35,480 - INFO -  * Debugger PIN: 684-257-920
2025-09-01 12:35:57,454 - INFO -  * Detected change in 'D:\\cursor\\Auto billing\\lark_data_fetcher.py', reloading
2025-09-01 12:35:57,497 - INFO -  * Restarting with stat
2025-09-01 12:35:58,149 - INFO - ✅ 加载内部确认配置: internal_confirmation_config.json
2025-09-01 12:35:58,150 - INFO - 🧪 测试模式已启用 - 客户账单将发送到测试邮箱
2025-09-01 12:35:58,176 - WARNING -  * Debugger is active!
2025-09-01 12:35:58,180 - INFO -  * Debugger PIN: 684-257-920
2025-09-01 12:36:01,542 - INFO -  * Detected change in 'D:\\cursor\\Auto billing\\lark_data_fetcher.py', reloading
2025-09-01 12:36:01,591 - INFO -  * Restarting with stat
2025-09-01 12:36:02,225 - INFO - ✅ 加载内部确认配置: internal_confirmation_config.json
2025-09-01 12:36:02,226 - INFO - 🧪 测试模式已启用 - 客户账单将发送到测试邮箱
2025-09-01 12:36:02,255 - WARNING -  * Debugger is active!
2025-09-01 12:36:02,260 - INFO -  * Debugger PIN: 684-257-920
2025-09-01 12:36:10,003 - INFO -  * Detected change in 'D:\\cursor\\Auto billing\\lark_data_fetcher.py', reloading
2025-09-01 12:36:10,057 - INFO -  * Restarting with stat
2025-09-01 12:36:10,684 - INFO - ✅ 加载内部确认配置: internal_confirmation_config.json
2025-09-01 12:36:10,685 - INFO - 🧪 测试模式已启用 - 客户账单将发送到测试邮箱
2025-09-01 12:36:10,711 - WARNING -  * Debugger is active!
2025-09-01 12:36:10,715 - INFO -  * Debugger PIN: 684-257-920
2025-09-01 12:36:17,027 - INFO -  * Detected change in 'D:\\cursor\\Auto billing\\fix_unicode.py', reloading
2025-09-01 12:36:17,076 - INFO -  * Restarting with stat
2025-09-01 12:36:17,669 - INFO - ✅ 加载内部确认配置: internal_confirmation_config.json
2025-09-01 12:36:17,670 - INFO - 🧪 测试模式已启用 - 客户账单将发送到测试邮箱
2025-09-01 12:36:17,696 - WARNING -  * Debugger is active!
2025-09-01 12:36:17,701 - INFO -  * Debugger PIN: 684-257-920
2025-09-01 12:36:21,188 - INFO -  * Detected change in 'D:\\cursor\\Auto billing\\lark_data_fetcher.py', reloading
2025-09-01 12:36:21,251 - INFO -  * Restarting with stat
2025-09-01 12:36:21,898 - INFO - ✅ 加载内部确认配置: internal_confirmation_config.json
2025-09-01 12:36:21,898 - INFO - 🧪 测试模式已启用 - 客户账单将发送到测试邮箱
2025-09-01 12:36:21,923 - WARNING -  * Debugger is active!
2025-09-01 12:36:21,928 - INFO -  * Debugger PIN: 684-257-920
2025-09-01 12:36:28,431 - INFO -  * Detected change in 'D:\\cursor\\Auto billing\\fetch_merchant_tables.py', reloading
2025-09-01 12:36:28,489 - INFO -  * Restarting with stat
2025-09-01 12:36:29,237 - INFO - ✅ 加载内部确认配置: internal_confirmation_config.json
2025-09-01 12:36:29,238 - INFO - 🧪 测试模式已启用 - 客户账单将发送到测试邮箱
2025-09-01 12:36:29,267 - WARNING -  * Debugger is active!
2025-09-01 12:36:29,274 - INFO -  * Debugger PIN: 684-257-920
2025-09-01 12:37:42,418 - INFO -  * Detected change in 'D:\\cursor\\Auto billing\\lark_data_fetcher.py', reloading
2025-09-01 12:37:42,474 - INFO -  * Restarting with stat
2025-09-01 12:37:43,359 - INFO - ✅ 加载内部确认配置: internal_confirmation_config.json
2025-09-01 12:37:43,360 - INFO - 🧪 测试模式已启用 - 客户账单将发送到测试邮箱
2025-09-01 12:37:43,411 - WARNING -  * Debugger is active!
2025-09-01 12:37:43,419 - INFO -  * Debugger PIN: 684-257-920
2025-09-01 12:37:44,375 - INFO -  * Detected change in 'D:\\cursor\\Auto billing\\lark_data_fetcher.py', reloading
2025-09-01 12:37:44,435 - INFO -  * Restarting with stat
2025-09-01 12:37:45,129 - INFO - ✅ 加载内部确认配置: internal_confirmation_config.json
2025-09-01 12:37:45,129 - INFO - 🧪 测试模式已启用 - 客户账单将发送到测试邮箱
2025-09-01 12:37:45,157 - WARNING -  * Debugger is active!
2025-09-01 12:37:45,164 - INFO -  * Debugger PIN: 684-257-920
2025-09-01 12:37:45,870 - INFO -  * Detected change in 'D:\\cursor\\Auto billing\\lark_data_fetcher.py', reloading
2025-09-01 12:37:45,917 - INFO -  * Restarting with stat
2025-09-01 12:37:46,518 - INFO - ✅ 加载内部确认配置: internal_confirmation_config.json
2025-09-01 12:37:46,519 - INFO - 🧪 测试模式已启用 - 客户账单将发送到测试邮箱
2025-09-01 12:37:46,543 - WARNING -  * Debugger is active!
2025-09-01 12:37:46,549 - INFO -  * Debugger PIN: 684-257-920
2025-09-01 12:37:47,244 - INFO -  * Detected change in 'D:\\cursor\\Auto billing\\lark_data_fetcher.py', reloading
2025-09-01 12:37:47,297 - INFO -  * Restarting with stat
2025-09-01 12:37:47,905 - INFO - ✅ 加载内部确认配置: internal_confirmation_config.json
2025-09-01 12:37:47,905 - INFO - 🧪 测试模式已启用 - 客户账单将发送到测试邮箱
2025-09-01 12:37:47,951 - WARNING -  * Debugger is active!
2025-09-01 12:37:47,956 - INFO -  * Debugger PIN: 684-257-920
2025-09-01 12:37:48,775 - INFO -  * Detected change in 'D:\\cursor\\Auto billing\\lark_data_fetcher.py', reloading
2025-09-01 12:37:48,825 - INFO -  * Restarting with stat
2025-09-01 12:37:49,432 - INFO - ✅ 加载内部确认配置: internal_confirmation_config.json
2025-09-01 12:37:49,433 - INFO - 🧪 测试模式已启用 - 客户账单将发送到测试邮箱
2025-09-01 12:37:49,458 - WARNING -  * Debugger is active!
2025-09-01 12:37:49,463 - INFO -  * Debugger PIN: 684-257-920
2025-09-01 12:37:50,203 - INFO -  * Detected change in 'D:\\cursor\\Auto billing\\lark_data_fetcher.py', reloading
2025-09-01 12:37:50,254 - INFO -  * Restarting with stat
2025-09-01 12:37:50,961 - INFO - ✅ 加载内部确认配置: internal_confirmation_config.json
2025-09-01 12:37:50,962 - INFO - 🧪 测试模式已启用 - 客户账单将发送到测试邮箱
2025-09-01 12:37:50,994 - WARNING -  * Debugger is active!
2025-09-01 12:37:51,000 - INFO -  * Debugger PIN: 684-257-920
2025-09-01 12:37:51,743 - INFO -  * Detected change in 'D:\\cursor\\Auto billing\\lark_data_fetcher.py', reloading
2025-09-01 12:37:51,797 - INFO -  * Restarting with stat
2025-09-01 12:37:52,401 - INFO - ✅ 加载内部确认配置: internal_confirmation_config.json
2025-09-01 12:37:52,401 - INFO - 🧪 测试模式已启用 - 客户账单将发送到测试邮箱
2025-09-01 12:37:52,428 - WARNING -  * Debugger is active!
2025-09-01 12:37:52,432 - INFO -  * Debugger PIN: 684-257-920
2025-09-01 12:37:53,156 - INFO -  * Detected change in 'D:\\cursor\\Auto billing\\lark_data_fetcher.py', reloading
2025-09-01 12:37:53,205 - INFO -  * Restarting with stat
2025-09-01 12:37:53,839 - INFO - ✅ 加载内部确认配置: internal_confirmation_config.json
2025-09-01 12:37:53,839 - INFO - 🧪 测试模式已启用 - 客户账单将发送到测试邮箱
2025-09-01 12:37:53,865 - WARNING -  * Debugger is active!
2025-09-01 12:37:53,869 - INFO -  * Debugger PIN: 684-257-920
2025-09-01 12:37:54,595 - INFO -  * Detected change in 'D:\\cursor\\Auto billing\\lark_data_fetcher.py', reloading
2025-09-01 12:37:54,639 - INFO -  * Restarting with stat
2025-09-01 12:37:55,312 - INFO - ✅ 加载内部确认配置: internal_confirmation_config.json
2025-09-01 12:37:55,313 - INFO - 🧪 测试模式已启用 - 客户账单将发送到测试邮箱
2025-09-01 12:37:55,370 - WARNING -  * Debugger is active!
2025-09-01 12:37:55,376 - INFO -  * Debugger PIN: 684-257-920
2025-09-01 12:37:56,369 - INFO -  * Detected change in 'D:\\cursor\\Auto billing\\lark_data_fetcher.py', reloading
2025-09-01 12:37:56,414 - INFO -  * Restarting with stat
2025-09-01 12:37:57,110 - INFO - ✅ 加载内部确认配置: internal_confirmation_config.json
2025-09-01 12:37:57,111 - INFO - 🧪 测试模式已启用 - 客户账单将发送到测试邮箱
2025-09-01 12:37:57,143 - WARNING -  * Debugger is active!
2025-09-01 12:37:57,148 - INFO -  * Debugger PIN: 684-257-920
2025-09-01 12:37:57,786 - INFO -  * Detected change in 'D:\\cursor\\Auto billing\\lark_data_fetcher.py', reloading
2025-09-01 12:37:57,858 - INFO -  * Restarting with stat
2025-09-01 12:37:58,493 - INFO - ✅ 加载内部确认配置: internal_confirmation_config.json
2025-09-01 12:37:58,493 - INFO - 🧪 测试模式已启用 - 客户账单将发送到测试邮箱
2025-09-01 12:37:58,518 - WARNING -  * Debugger is active!
2025-09-01 12:37:58,523 - INFO -  * Debugger PIN: 684-257-920
2025-09-01 12:37:59,115 - INFO -  * Detected change in 'D:\\cursor\\Auto billing\\lark_data_fetcher.py', reloading
2025-09-01 12:37:59,157 - INFO -  * Restarting with stat
2025-09-01 12:37:59,734 - INFO - ✅ 加载内部确认配置: internal_confirmation_config.json
2025-09-01 12:37:59,734 - INFO - 🧪 测试模式已启用 - 客户账单将发送到测试邮箱
2025-09-01 12:37:59,760 - WARNING -  * Debugger is active!
2025-09-01 12:37:59,764 - INFO -  * Debugger PIN: 684-257-920
2025-09-01 12:38:00,474 - INFO -  * Detected change in 'D:\\cursor\\Auto billing\\lark_data_fetcher.py', reloading
2025-09-01 12:38:00,520 - INFO -  * Restarting with stat
2025-09-01 12:38:01,100 - INFO - ✅ 加载内部确认配置: internal_confirmation_config.json
2025-09-01 12:38:01,100 - INFO - 🧪 测试模式已启用 - 客户账单将发送到测试邮箱
2025-09-01 12:38:01,126 - WARNING -  * Debugger is active!
2025-09-01 12:38:01,131 - INFO -  * Debugger PIN: 684-257-920
2025-09-01 12:38:01,854 - INFO -  * Detected change in 'D:\\cursor\\Auto billing\\lark_data_fetcher.py', reloading
2025-09-01 12:38:01,898 - INFO -  * Restarting with stat
2025-09-01 12:38:02,518 - INFO - ✅ 加载内部确认配置: internal_confirmation_config.json
2025-09-01 12:38:02,519 - INFO - 🧪 测试模式已启用 - 客户账单将发送到测试邮箱
2025-09-01 12:38:02,547 - WARNING -  * Debugger is active!
2025-09-01 12:38:02,553 - INFO -  * Debugger PIN: 684-257-920
2025-09-01 12:38:03,258 - INFO -  * Detected change in 'D:\\cursor\\Auto billing\\lark_data_fetcher.py', reloading
2025-09-01 12:38:03,305 - INFO -  * Restarting with stat
2025-09-01 12:38:03,905 - INFO - ✅ 加载内部确认配置: internal_confirmation_config.json
2025-09-01 12:38:03,906 - INFO - 🧪 测试模式已启用 - 客户账单将发送到测试邮箱
2025-09-01 12:38:03,931 - WARNING -  * Debugger is active!
2025-09-01 12:38:03,936 - INFO -  * Debugger PIN: 684-257-920
2025-09-01 12:38:04,585 - INFO -  * Detected change in 'D:\\cursor\\Auto billing\\lark_data_fetcher.py', reloading
2025-09-01 12:38:04,638 - INFO -  * Restarting with stat
2025-09-01 12:38:05,267 - INFO - ✅ 加载内部确认配置: internal_confirmation_config.json
2025-09-01 12:38:05,267 - INFO - 🧪 测试模式已启用 - 客户账单将发送到测试邮箱
2025-09-01 12:38:05,294 - WARNING -  * Debugger is active!
2025-09-01 12:38:05,298 - INFO -  * Debugger PIN: 684-257-920
2025-09-01 12:38:06,003 - INFO -  * Detected change in 'D:\\cursor\\Auto billing\\lark_data_fetcher.py', reloading
2025-09-01 12:38:06,058 - INFO -  * Restarting with stat
2025-09-01 12:38:06,694 - INFO - ✅ 加载内部确认配置: internal_confirmation_config.json
2025-09-01 12:38:06,694 - INFO - 🧪 测试模式已启用 - 客户账单将发送到测试邮箱
2025-09-01 12:38:06,721 - WARNING -  * Debugger is active!
2025-09-01 12:38:06,727 - INFO -  * Debugger PIN: 684-257-920
2025-09-01 12:38:07,363 - INFO -  * Detected change in 'D:\\cursor\\Auto billing\\lark_data_fetcher.py', reloading
2025-09-01 12:38:07,413 - INFO -  * Restarting with stat
2025-09-01 12:38:08,002 - INFO - ✅ 加载内部确认配置: internal_confirmation_config.json
2025-09-01 12:38:08,003 - INFO - 🧪 测试模式已启用 - 客户账单将发送到测试邮箱
2025-09-01 12:38:08,027 - WARNING -  * Debugger is active!
2025-09-01 12:38:08,033 - INFO -  * Debugger PIN: 684-257-920
2025-09-01 12:38:08,703 - INFO -  * Detected change in 'D:\\cursor\\Auto billing\\lark_data_fetcher.py', reloading
2025-09-01 12:38:08,801 - INFO -  * Restarting with stat
2025-09-01 12:38:09,592 - INFO - ✅ 加载内部确认配置: internal_confirmation_config.json
2025-09-01 12:38:09,592 - INFO - 🧪 测试模式已启用 - 客户账单将发送到测试邮箱
2025-09-01 12:38:09,626 - WARNING -  * Debugger is active!
2025-09-01 12:38:09,631 - INFO -  * Debugger PIN: 684-257-920
2025-09-01 13:32:35,998 - INFO -  * Detected change in 'D:\\cursor\\Auto billing\\auto_billing_workflow.py', reloading
2025-09-01 13:32:36,072 - INFO -  * Restarting with stat
2025-09-01 13:32:37,719 - INFO - ✅ 加载内部确认配置: internal_confirmation_config.json
2025-09-01 13:32:37,724 - INFO - 🧪 测试模式已启用 - 客户账单将发送到测试邮箱
2025-09-01 13:32:37,824 - WARNING -  * Debugger is active!
2025-09-01 13:32:37,829 - INFO -  * Debugger PIN: 684-257-920
2025-09-01 13:35:05,538 - INFO -  * Detected change in 'D:\\cursor\\Auto billing\\fix_syntax_errors.py', reloading
2025-09-01 13:35:05,910 - INFO -  * Restarting with stat
2025-09-01 13:35:07,590 - INFO - ✅ 加载内部确认配置: internal_confirmation_config.json
2025-09-01 13:35:07,915 - INFO - 🧪 测试模式已启用 - 客户账单将发送到测试邮箱
2025-09-01 13:35:08,003 - WARNING -  * Debugger is active!
2025-09-01 13:35:08,021 - INFO -  * Debugger PIN: 684-257-920
2025-09-01 13:35:17,769 - INFO -  * Detected change in 'D:\\cursor\\Auto billing\\unified_merchant_table_manager.py', reloading
2025-09-01 13:35:17,929 - INFO -  * Restarting with stat
2025-09-01 13:35:20,492 - INFO - ✅ 加载内部确认配置: internal_confirmation_config.json
2025-09-01 13:35:20,496 - INFO - 🧪 测试模式已启用 - 客户账单将发送到测试邮箱
2025-09-01 13:35:20,616 - WARNING -  * Debugger is active!
2025-09-01 13:35:20,622 - INFO -  * Debugger PIN: 684-257-920
2025-09-01 13:35:33,182 - INFO -  * Detected change in 'D:\\cursor\\Auto billing\\run_billing_step2.py', reloading
2025-09-01 13:35:33,319 - INFO -  * Restarting with stat
2025-09-01 13:35:34,461 - INFO - ✅ 加载内部确认配置: internal_confirmation_config.json
2025-09-01 13:35:34,462 - INFO - 🧪 测试模式已启用 - 客户账单将发送到测试邮箱
2025-09-01 13:35:34,494 - WARNING -  * Debugger is active!
2025-09-01 13:35:34,500 - INFO -  * Debugger PIN: 684-257-920
2025-09-01 13:35:49,915 - INFO -  * Detected change in 'D:\\cursor\\Auto billing\\auto_billing_workflow.py', reloading
2025-09-01 13:35:50,007 - INFO -  * Restarting with stat
2025-09-01 13:35:51,273 - INFO - ✅ 加载内部确认配置: internal_confirmation_config.json
2025-09-01 13:35:51,274 - INFO - 🧪 测试模式已启用 - 客户账单将发送到测试邮箱
2025-09-01 13:35:51,329 - WARNING -  * Debugger is active!
2025-09-01 13:35:51,337 - INFO -  * Debugger PIN: 684-257-920
2025-09-01 13:35:57,891 - INFO -  * Detected change in 'D:\\cursor\\Auto billing\\fix_unicode.py', reloading
2025-09-01 13:35:57,948 - INFO -  * Restarting with stat
2025-09-01 13:35:58,690 - INFO - ✅ 加载内部确认配置: internal_confirmation_config.json
2025-09-01 13:35:58,691 - INFO - 🧪 测试模式已启用 - 客户账单将发送到测试邮箱
2025-09-01 13:35:58,716 - WARNING -  * Debugger is active!
2025-09-01 13:35:58,720 - INFO -  * Debugger PIN: 684-257-920
2025-09-01 13:36:09,794 - INFO -  * Detected change in 'D:\\cursor\\Auto billing\\email_attachment_downloader.py', reloading
2025-09-01 13:36:09,865 - INFO -  * Restarting with stat
2025-09-01 13:36:10,681 - INFO - ✅ 加载内部确认配置: internal_confirmation_config.json
2025-09-01 13:36:10,682 - INFO - 🧪 测试模式已启用 - 客户账单将发送到测试邮箱
2025-09-01 13:36:10,725 - WARNING -  * Debugger is active!
2025-09-01 13:36:10,729 - INFO -  * Debugger PIN: 684-257-920
2025-09-01 13:36:31,585 - INFO -  * Detected change in 'D:\\cursor\\Auto billing\\run_billing_step3.py', reloading
2025-09-01 13:36:31,623 - INFO -  * Restarting with stat
2025-09-01 13:36:32,235 - INFO - ✅ 加载内部确认配置: internal_confirmation_config.json
2025-09-01 13:36:32,236 - INFO - 🧪 测试模式已启用 - 客户账单将发送到测试邮箱
2025-09-01 13:36:32,262 - WARNING -  * Debugger is active!
2025-09-01 13:36:32,267 - INFO -  * Debugger PIN: 684-257-920
2025-09-01 13:37:08,667 - INFO -  * Detected change in 'D:\\cursor\\Auto billing\\fetch_merchant_tables.py', reloading
2025-09-01 13:37:08,817 - INFO -  * Restarting with stat
2025-09-01 13:37:09,944 - INFO - ✅ 加载内部确认配置: internal_confirmation_config.json
2025-09-01 13:37:09,945 - INFO - 🧪 测试模式已启用 - 客户账单将发送到测试邮箱
2025-09-01 13:37:09,995 - WARNING -  * Debugger is active!
2025-09-01 13:37:10,009 - INFO -  * Debugger PIN: 684-257-920
2025-09-01 13:38:42,992 - INFO -  * Detected change in 'D:\\cursor\\Auto billing\\auto_monthly_billing_downloader.py', reloading
2025-09-01 13:38:43,034 - INFO -  * Restarting with stat
2025-09-01 13:38:43,616 - INFO - ✅ 加载内部确认配置: internal_confirmation_config.json
2025-09-01 13:38:43,616 - INFO - 🧪 测试模式已启用 - 客户账单将发送到测试邮箱
2025-09-01 13:38:43,647 - WARNING -  * Debugger is active!
2025-09-01 13:38:43,652 - INFO -  * Debugger PIN: 684-257-920
2025-09-01 13:39:06,009 - INFO -  * Detected change in 'D:\\cursor\\Auto billing\\fetch_merchant_tables.py', reloading
2025-09-01 13:39:06,099 - INFO -  * Restarting with stat
2025-09-01 13:39:07,707 - INFO - ✅ 加载内部确认配置: internal_confirmation_config.json
2025-09-01 13:39:07,708 - INFO - 🧪 测试模式已启用 - 客户账单将发送到测试邮箱
2025-09-01 13:39:07,769 - WARNING -  * Debugger is active!
2025-09-01 13:39:07,781 - INFO -  * Debugger PIN: 684-257-920
2025-09-01 13:40:04,779 - INFO -  * Detected change in 'D:\\cursor\\Auto billing\\auto_billing_workflow.py', reloading
2025-09-01 13:40:04,832 - INFO -  * Restarting with stat
2025-09-01 13:40:05,399 - INFO - ✅ 加载内部确认配置: internal_confirmation_config.json
2025-09-01 13:40:05,399 - INFO - 🧪 测试模式已启用 - 客户账单将发送到测试邮箱
2025-09-01 13:40:05,422 - WARNING -  * Debugger is active!
2025-09-01 13:40:05,428 - INFO -  * Debugger PIN: 684-257-920
2025-09-01 13:42:24,306 - INFO -  * Detected change in 'D:\\cursor\\Auto billing\\fetch_merchant_tables_fixed.py', reloading
2025-09-01 13:42:24,353 - INFO -  * Restarting with stat
2025-09-01 13:42:24,916 - INFO - ✅ 加载内部确认配置: internal_confirmation_config.json
2025-09-01 13:42:24,917 - INFO - 🧪 测试模式已启用 - 客户账单将发送到测试邮箱
2025-09-01 13:42:24,943 - WARNING -  * Debugger is active!
2025-09-01 13:42:24,948 - INFO -  * Debugger PIN: 684-257-920
2025-09-01 13:42:32,335 - INFO -  * Detected change in 'D:\\cursor\\Auto billing\\email_attachment_downloader_fixed.py', reloading
2025-09-01 13:42:32,372 - INFO -  * Restarting with stat
2025-09-01 13:42:32,942 - INFO - ✅ 加载内部确认配置: internal_confirmation_config.json
2025-09-01 13:42:32,943 - INFO - 🧪 测试模式已启用 - 客户账单将发送到测试邮箱
2025-09-01 13:42:32,968 - WARNING -  * Debugger is active!
2025-09-01 13:42:32,972 - INFO -  * Debugger PIN: 684-257-920
2025-09-01 13:42:36,313 - INFO -  * Detected change in 'D:\\cursor\\Auto billing\\auto_billing_workflow.py', reloading
2025-09-01 13:42:36,360 - INFO -  * Restarting with stat
2025-09-01 13:42:36,952 - INFO - ✅ 加载内部确认配置: internal_confirmation_config.json
2025-09-01 13:42:36,953 - INFO - 🧪 测试模式已启用 - 客户账单将发送到测试邮箱
2025-09-01 13:42:36,976 - WARNING -  * Debugger is active!
2025-09-01 13:42:36,981 - INFO -  * Debugger PIN: 684-257-920
2025-09-01 13:42:45,869 - INFO -  * Detected change in 'D:\\cursor\\Auto billing\\auto_billing_workflow.py', reloading
2025-09-01 13:42:45,930 - INFO -  * Restarting with stat
2025-09-01 13:42:46,490 - INFO - ✅ 加载内部确认配置: internal_confirmation_config.json
2025-09-01 13:42:46,490 - INFO - 🧪 测试模式已启用 - 客户账单将发送到测试邮箱
2025-09-01 13:42:46,515 - WARNING -  * Debugger is active!
2025-09-01 13:42:46,519 - INFO -  * Debugger PIN: 684-257-920
2025-09-01 13:47:38,560 - INFO -  * Detected change in 'D:\\cursor\\Auto billing\\auto_billing_workflow.py', reloading
2025-09-01 13:47:38,638 - INFO -  * Restarting with stat
2025-09-01 13:47:39,252 - INFO - ✅ 加载内部确认配置: internal_confirmation_config.json
2025-09-01 13:47:39,253 - INFO - 🧪 测试模式已启用 - 客户账单将发送到测试邮箱
2025-09-01 13:47:39,276 - WARNING -  * Debugger is active!
2025-09-01 13:47:39,280 - INFO -  * Debugger PIN: 684-257-920
2025-09-01 13:48:02,829 - INFO -  * Detected change in 'D:\\cursor\\Auto billing\\fix_unicode.py', reloading
2025-09-01 13:48:02,887 - INFO -  * Restarting with stat
2025-09-01 13:48:03,863 - INFO - ✅ 加载内部确认配置: internal_confirmation_config.json
2025-09-01 13:48:03,864 - INFO - 🧪 测试模式已启用 - 客户账单将发送到测试邮箱
2025-09-01 13:48:03,916 - WARNING -  * Debugger is active!
2025-09-01 13:48:03,922 - INFO -  * Debugger PIN: 684-257-920
2025-09-01 13:48:06,269 - INFO -  * Detected change in 'D:\\cursor\\Auto billing\\auto_monthly_billing_downloader.py', reloading
2025-09-01 13:48:06,318 - INFO -  * Restarting with stat
2025-09-01 13:48:07,000 - INFO - ✅ 加载内部确认配置: internal_confirmation_config.json
2025-09-01 13:48:07,001 - INFO - 🧪 测试模式已启用 - 客户账单将发送到测试邮箱
2025-09-01 13:48:07,027 - WARNING -  * Debugger is active!
2025-09-01 13:48:07,032 - INFO -  * Debugger PIN: 684-257-920
2025-09-01 13:48:11,339 - INFO -  * Detected change in 'D:\\cursor\\Auto billing\\dynamic_email_downloader.py', reloading
2025-09-01 13:48:11,411 - INFO -  * Restarting with stat
2025-09-01 13:48:12,129 - INFO - ✅ 加载内部确认配置: internal_confirmation_config.json
2025-09-01 13:48:12,130 - INFO - 🧪 测试模式已启用 - 客户账单将发送到测试邮箱
2025-09-01 13:48:12,160 - WARNING -  * Debugger is active!
2025-09-01 13:48:12,167 - INFO -  * Debugger PIN: 684-257-920
2025-09-01 13:48:13,718 - INFO - ✅ 加载内部确认配置: internal_confirmation_config.json
2025-09-01 13:48:13,719 - INFO - 🧪 测试模式已启用 - 客户账单将发送到测试邮箱
2025-09-01 13:48:33,077 - INFO -  * Detected change in 'D:\\cursor\\Auto billing\\simple_pdf_generator.py', reloading
2025-09-01 13:48:33,139 - INFO -  * Restarting with stat
2025-09-01 13:48:33,824 - INFO - ✅ 加载内部确认配置: internal_confirmation_config.json
2025-09-01 13:48:33,825 - INFO - 🧪 测试模式已启用 - 客户账单将发送到测试邮箱
2025-09-01 13:48:33,856 - WARNING -  * Debugger is active!
2025-09-01 13:48:33,861 - INFO -  * Debugger PIN: 684-257-920
2025-09-01 13:48:37,423 - INFO -  * Detected change in 'D:\\cursor\\Auto billing\\auto_billing_workflow.py', reloading
2025-09-01 13:48:37,503 - INFO -  * Restarting with stat
2025-09-01 13:48:38,195 - INFO - ✅ 加载内部确认配置: internal_confirmation_config.json
2025-09-01 13:48:38,195 - INFO - 🧪 测试模式已启用 - 客户账单将发送到测试邮箱
2025-09-01 13:48:38,221 - WARNING -  * Debugger is active!
2025-09-01 13:48:38,226 - INFO -  * Debugger PIN: 684-257-920
2025-09-01 13:48:38,723 - INFO - ✅ 加载内部确认配置: internal_confirmation_config.json
2025-09-01 13:48:38,724 - INFO - 🧪 测试模式已启用 - 客户账单将发送到测试邮箱
2025-09-01 13:49:03,989 - INFO - ✅ 加载内部确认配置: internal_confirmation_config.json
2025-09-01 13:49:03,990 - INFO - 🧪 测试模式已启用 - 客户账单将发送到测试邮箱
2025-09-01 13:49:39,438 - INFO - ✅ 加载内部确认配置: internal_confirmation_config.json
2025-09-01 13:49:39,438 - INFO - 🧪 测试模式已启用 - 客户账单将发送到测试邮箱
2025-09-01 13:50:08,921 - INFO -  * Detected change in 'D:\\cursor\\Auto billing\\fix_unicode.py', reloading
2025-09-01 13:50:08,975 - INFO -  * Restarting with stat
2025-09-01 13:50:10,267 - INFO - ✅ 加载内部确认配置: internal_confirmation_config.json
2025-09-01 13:50:10,350 - INFO - 🧪 测试模式已启用 - 客户账单将发送到测试邮箱
2025-09-01 13:50:10,562 - WARNING -  * Debugger is active!
2025-09-01 13:50:10,568 - INFO -  * Debugger PIN: 684-257-920
2025-09-01 13:50:12,697 - INFO -  * Detected change in 'D:\\cursor\\Auto billing\\auto_billing_workflow.py', reloading
2025-09-01 13:50:12,741 - INFO -  * Restarting with stat
2025-09-01 13:50:14,174 - INFO - ✅ 加载内部确认配置: internal_confirmation_config.json
2025-09-01 13:50:14,174 - INFO - 🧪 测试模式已启用 - 客户账单将发送到测试邮箱
2025-09-01 13:50:14,238 - WARNING -  * Debugger is active!
2025-09-01 13:50:14,245 - INFO -  * Debugger PIN: 684-257-920
2025-09-01 13:50:24,662 - INFO - ✅ 加载内部确认配置: internal_confirmation_config.json
2025-09-01 13:50:24,663 - INFO - 🧪 测试模式已启用 - 客户账单将发送到测试邮箱
2025-09-01 13:51:52,847 - INFO -  * Detected change in 'D:\\cursor\\Auto billing\\dynamic_email_downloader.py', reloading
2025-09-01 13:51:52,894 - INFO -  * Restarting with stat
2025-09-01 13:51:53,708 - INFO - ✅ 加载内部确认配置: internal_confirmation_config.json
2025-09-01 13:51:53,708 - INFO - 🧪 测试模式已启用 - 客户账单将发送到测试邮箱
2025-09-01 13:51:53,757 - WARNING -  * Debugger is active!
2025-09-01 13:51:53,763 - INFO -  * Debugger PIN: 684-257-920
2025-09-01 13:53:17,354 - INFO -  * Detected change in 'D:\\cursor\\Auto billing\\improved_confirmation_sender.py', reloading
2025-09-01 13:53:17,402 - INFO -  * Restarting with stat
2025-09-01 13:53:17,986 - INFO - ✅ 加载内部确认配置: internal_confirmation_config.json
2025-09-01 13:53:17,987 - INFO - 🧪 测试模式已启用 - 客户账单将发送到测试邮箱
2025-09-01 13:53:18,014 - WARNING -  * Debugger is active!
2025-09-01 13:53:18,018 - INFO -  * Debugger PIN: 684-257-920
2025-09-01 13:53:24,133 - INFO -  * Detected change in 'D:\\cursor\\Auto billing\\auto_billing_workflow.py', reloading
2025-09-01 13:53:24,266 - INFO -  * Restarting with stat
2025-09-01 13:53:24,895 - INFO - ✅ 加载内部确认配置: internal_confirmation_config.json
2025-09-01 13:53:24,896 - INFO - 🧪 测试模式已启用 - 客户账单将发送到测试邮箱
2025-09-01 13:53:24,921 - WARNING -  * Debugger is active!
2025-09-01 13:53:24,926 - INFO -  * Debugger PIN: 684-257-920
2025-09-01 13:55:51,830 - INFO -  * Detected change in 'D:\\cursor\\Auto billing\\quick_step3_completion.py', reloading
2025-09-01 13:55:51,910 - INFO -  * Restarting with stat
2025-09-01 13:55:52,526 - INFO - ✅ 加载内部确认配置: internal_confirmation_config.json
2025-09-01 13:55:52,527 - INFO - 🧪 测试模式已启用 - 客户账单将发送到测试邮箱
2025-09-01 13:55:52,552 - WARNING -  * Debugger is active!
2025-09-01 13:55:52,557 - INFO -  * Debugger PIN: 684-257-920
2025-09-01 13:57:18,941 - INFO -  * Detected change in 'D:\\cursor\\Auto billing\\execute_step5.py', reloading
2025-09-01 13:57:18,983 - INFO -  * Restarting with stat
2025-09-01 13:57:19,702 - INFO - ✅ 加载内部确认配置: internal_confirmation_config.json
2025-09-01 13:57:19,703 - INFO - 🧪 测试模式已启用 - 客户账单将发送到测试邮箱
2025-09-01 13:57:19,731 - WARNING -  * Debugger is active!
2025-09-01 13:57:19,736 - INFO -  * Debugger PIN: 684-257-920
2025-09-01 13:59:19,669 - INFO -  * Detected change in 'D:\\cursor\\Auto billing\\corrected_billing_workflow.py', reloading
2025-09-01 13:59:19,769 - INFO -  * Restarting with stat
2025-09-01 13:59:20,393 - INFO - ✅ 加载内部确认配置: internal_confirmation_config.json
2025-09-01 13:59:20,394 - INFO - 🧪 测试模式已启用 - 客户账单将发送到测试邮箱
2025-09-01 13:59:20,420 - WARNING -  * Debugger is active!
2025-09-01 13:59:20,425 - INFO -  * Debugger PIN: 684-257-920
2025-09-01 13:59:25,046 - INFO -  * Detected change in 'D:\\cursor\\Auto billing\\billing_command.py', reloading
2025-09-01 13:59:25,083 - INFO -  * Restarting with stat
2025-09-01 13:59:25,630 - INFO - ✅ 加载内部确认配置: internal_confirmation_config.json
2025-09-01 13:59:25,631 - INFO - 🧪 测试模式已启用 - 客户账单将发送到测试邮箱
2025-09-01 13:59:25,655 - WARNING -  * Debugger is active!
2025-09-01 13:59:25,659 - INFO -  * Debugger PIN: 684-257-920
2025-09-01 14:01:53,107 - INFO -  * Detected change in 'D:\\cursor\\Auto billing\\manual_complete_step3.py', reloading
2025-09-01 14:01:53,144 - INFO -  * Restarting with stat
2025-09-01 14:01:53,688 - INFO - ✅ 加载内部确认配置: internal_confirmation_config.json
2025-09-01 14:01:53,688 - INFO - 🧪 测试模式已启用 - 客户账单将发送到测试邮箱
2025-09-01 14:01:53,712 - WARNING -  * Debugger is active!
2025-09-01 14:01:53,716 - INFO -  * Debugger PIN: 684-257-920
2025-09-01 14:06:21,842 - INFO -  * Detected change in 'D:\\cursor\\Auto billing\\fresh_billing_workflow.py', reloading
2025-09-01 14:06:21,880 - INFO -  * Restarting with stat
2025-09-01 14:06:22,468 - INFO - ✅ 加载内部确认配置: internal_confirmation_config.json
2025-09-01 14:06:22,469 - INFO - 🧪 测试模式已启用 - 客户账单将发送到测试邮箱
2025-09-01 14:06:22,493 - WARNING -  * Debugger is active!
2025-09-01 14:06:22,498 - INFO -  * Debugger PIN: 684-257-920
2025-09-01 14:06:26,045 - INFO -  * Detected change in 'D:\\cursor\\Auto billing\\billing_command.py', reloading
2025-09-01 14:06:26,100 - INFO -  * Restarting with stat
2025-09-01 14:06:26,668 - INFO - ✅ 加载内部确认配置: internal_confirmation_config.json
2025-09-01 14:06:26,669 - INFO - 🧪 测试模式已启用 - 客户账单将发送到测试邮箱
2025-09-01 14:06:26,692 - WARNING -  * Debugger is active!
2025-09-01 14:06:26,697 - INFO -  * Debugger PIN: 684-257-920
2025-09-01 14:06:54,704 - INFO - ✅ 加载内部确认配置: internal_confirmation_config.json
2025-09-01 14:06:54,704 - INFO - 🧪 测试模式已启用 - 客户账单将发送到测试邮箱
2025-09-01 14:07:56,017 - INFO - ✅ 加载内部确认配置: internal_confirmation_config.json
2025-09-01 14:07:56,017 - INFO - 🧪 测试模式已启用 - 客户账单将发送到测试邮箱
2025-09-01 14:08:16,512 - INFO -  * Detected change in 'D:\\cursor\\Auto billing\\complete_workflow_step3.py', reloading
2025-09-01 14:08:16,564 - INFO -  * Restarting with stat
2025-09-01 14:08:17,130 - INFO - ✅ 加载内部确认配置: internal_confirmation_config.json
2025-09-01 14:08:17,132 - INFO - 🧪 测试模式已启用 - 客户账单将发送到测试邮箱
2025-09-01 14:08:17,159 - WARNING -  * Debugger is active!
2025-09-01 14:08:17,163 - INFO -  * Debugger PIN: 684-257-920
2025-09-01 14:08:20,938 - INFO - ✅ 加载内部确认配置: internal_confirmation_config.json
2025-09-01 14:08:20,938 - INFO - 🧪 测试模式已启用 - 客户账单将发送到测试邮箱
2025-09-01 14:10:17,766 - INFO -  * Detected change in 'D:\\cursor\\Auto billing\\fixed_pdf_generator.py', reloading
2025-09-01 14:10:17,806 - INFO -  * Restarting with stat
2025-09-01 14:10:18,389 - INFO - ✅ 加载内部确认配置: internal_confirmation_config.json
2025-09-01 14:10:18,390 - INFO - 🧪 测试模式已启用 - 客户账单将发送到测试邮箱
2025-09-01 14:10:18,415 - WARNING -  * Debugger is active!
2025-09-01 14:10:18,419 - INFO -  * Debugger PIN: 684-257-920
2025-09-01 14:10:21,884 - INFO -  * Detected change in 'D:\\cursor\\Auto billing\\fresh_billing_workflow.py', reloading
2025-09-01 14:10:21,925 - INFO -  * Restarting with stat
2025-09-01 14:10:22,463 - INFO - ✅ 加载内部确认配置: internal_confirmation_config.json
2025-09-01 14:10:22,463 - INFO - 🧪 测试模式已启用 - 客户账单将发送到测试邮箱
2025-09-01 14:10:22,490 - WARNING -  * Debugger is active!
2025-09-01 14:10:22,495 - INFO -  * Debugger PIN: 684-257-920
2025-09-01 14:10:47,249 - INFO - ✅ 加载内部确认配置: internal_confirmation_config.json
2025-09-01 14:10:47,249 - INFO - 🧪 测试模式已启用 - 客户账单将发送到测试邮箱
2025-09-01 14:11:08,396 - INFO -  * Detected change in 'D:\\cursor\\Auto billing\\fixed_pdf_generator.py', reloading
2025-09-01 14:11:08,431 - INFO -  * Restarting with stat
2025-09-01 14:11:08,988 - INFO - ✅ 加载内部确认配置: internal_confirmation_config.json
2025-09-01 14:11:08,989 - INFO - 🧪 测试模式已启用 - 客户账单将发送到测试邮箱
2025-09-01 14:11:09,015 - WARNING -  * Debugger is active!
2025-09-01 14:11:09,019 - INFO -  * Debugger PIN: 684-257-920
2025-09-01 14:11:12,316 - INFO -  * Detected change in 'D:\\cursor\\Auto billing\\fixed_pdf_generator.py', reloading
2025-09-01 14:11:12,357 - INFO -  * Restarting with stat
2025-09-01 14:11:12,912 - INFO - ✅ 加载内部确认配置: internal_confirmation_config.json
2025-09-01 14:11:12,913 - INFO - 🧪 测试模式已启用 - 客户账单将发送到测试邮箱
2025-09-01 14:11:12,942 - WARNING -  * Debugger is active!
2025-09-01 14:11:12,947 - INFO -  * Debugger PIN: 684-257-920
2025-09-01 14:11:25,962 - INFO -  * Detected change in 'D:\\cursor\\Auto billing\\complete_remaining_steps.py', reloading
2025-09-01 14:11:25,997 - INFO -  * Restarting with stat
2025-09-01 14:11:26,558 - INFO - ✅ 加载内部确认配置: internal_confirmation_config.json
2025-09-01 14:11:26,558 - INFO - 🧪 测试模式已启用 - 客户账单将发送到测试邮箱
2025-09-01 14:11:26,587 - WARNING -  * Debugger is active!
2025-09-01 14:11:26,592 - INFO -  * Debugger PIN: 684-257-920
2025-09-01 14:12:51,998 - INFO -  * Detected change in 'D:\\cursor\\Auto billing\\single_confirmation_sender.py', reloading
2025-09-01 14:12:52,135 - INFO -  * Restarting with stat
2025-09-01 14:12:52,929 - INFO - ✅ 加载内部确认配置: internal_confirmation_config.json
2025-09-01 14:12:52,929 - INFO - 🧪 测试模式已启用 - 客户账单将发送到测试邮箱
2025-09-01 14:12:52,964 - WARNING -  * Debugger is active!
2025-09-01 14:12:52,969 - INFO -  * Debugger PIN: 684-257-920
2025-09-01 14:13:48,963 - INFO -  * Detected change in 'D:\\cursor\\Auto billing\\final_billing_workflow.py', reloading
2025-09-01 14:13:48,999 - INFO -  * Restarting with stat
2025-09-01 14:13:49,548 - INFO - ✅ 加载内部确认配置: internal_confirmation_config.json
2025-09-01 14:13:49,548 - INFO - 🧪 测试模式已启用 - 客户账单将发送到测试邮箱
2025-09-01 14:13:49,572 - WARNING -  * Debugger is active!
2025-09-01 14:13:49,576 - INFO -  * Debugger PIN: 684-257-920
2025-09-01 14:13:52,869 - INFO -  * Detected change in 'D:\\cursor\\Auto billing\\billing_command.py', reloading
2025-09-01 14:13:52,906 - INFO -  * Restarting with stat
2025-09-01 14:13:53,461 - INFO - ✅ 加载内部确认配置: internal_confirmation_config.json
2025-09-01 14:13:53,462 - INFO - 🧪 测试模式已启用 - 客户账单将发送到测试邮箱
2025-09-01 14:13:53,486 - WARNING -  * Debugger is active!
2025-09-01 14:13:53,490 - INFO -  * Debugger PIN: 684-257-920
2025-09-01 14:20:41,319 - INFO -  * Detected change in 'D:\\cursor\\Auto billing\\complete_billing_system.py', reloading
2025-09-01 14:20:41,357 - INFO -  * Restarting with stat
2025-09-01 14:20:41,970 - INFO - ✅ 加载内部确认配置: internal_confirmation_config.json
2025-09-01 14:20:41,970 - INFO - 🧪 测试模式已启用 - 客户账单将发送到测试邮箱
2025-09-01 14:20:41,996 - WARNING -  * Debugger is active!
2025-09-01 14:20:42,001 - INFO -  * Debugger PIN: 684-257-920
2025-09-01 14:20:45,536 - INFO -  * Detected change in 'D:\\cursor\\Auto billing\\billing_command.py', reloading
2025-09-01 14:20:45,607 - INFO -  * Restarting with stat
2025-09-01 14:20:46,219 - INFO - ✅ 加载内部确认配置: internal_confirmation_config.json
2025-09-01 14:20:46,219 - INFO - 🧪 测试模式已启用 - 客户账单将发送到测试邮箱
2025-09-01 14:20:46,247 - WARNING -  * Debugger is active!
2025-09-01 14:20:46,252 - INFO -  * Debugger PIN: 684-257-920
2025-09-01 14:23:42,825 - INFO -  * Detected change in 'D:\\cursor\\Auto billing\\correct_pdf_generator.py', reloading
2025-09-01 14:23:42,885 - INFO -  * Restarting with stat
2025-09-01 14:23:43,464 - INFO - ✅ 加载内部确认配置: internal_confirmation_config.json
2025-09-01 14:23:43,465 - INFO - 🧪 测试模式已启用 - 客户账单将发送到测试邮箱
2025-09-01 14:23:43,490 - WARNING -  * Debugger is active!
2025-09-01 14:23:43,494 - INFO -  * Debugger PIN: 684-257-920
2025-09-01 14:24:15,707 - INFO -  * Detected change in 'D:\\cursor\\Auto billing\\correct_pdf_generator.py', reloading
2025-09-01 14:24:15,763 - INFO -  * Restarting with stat
2025-09-01 14:24:16,411 - INFO - ✅ 加载内部确认配置: internal_confirmation_config.json
2025-09-01 14:24:16,411 - INFO - 🧪 测试模式已启用 - 客户账单将发送到测试邮箱
2025-09-01 14:24:16,440 - WARNING -  * Debugger is active!
2025-09-01 14:24:16,444 - INFO -  * Debugger PIN: 684-257-920
2025-09-01 14:25:23,755 - INFO -  * Detected change in 'D:\\cursor\\Auto billing\\final_correct_pdf_generator.py', reloading
2025-09-01 14:25:23,868 - INFO -  * Restarting with stat
2025-09-01 14:25:24,512 - INFO - ✅ 加载内部确认配置: internal_confirmation_config.json
2025-09-01 14:25:24,512 - INFO - 🧪 测试模式已启用 - 客户账单将发送到测试邮箱
2025-09-01 14:25:24,542 - WARNING -  * Debugger is active!
2025-09-01 14:25:24,546 - INFO -  * Debugger PIN: 684-257-920
2025-09-01 14:30:04,888 - INFO -  * Detected change in 'D:\\cursor\\Auto billing\\fixed_font_pdf_generator.py', reloading
2025-09-01 14:30:04,981 - INFO -  * Restarting with stat
2025-09-01 14:30:06,012 - INFO - ✅ 加载内部确认配置: internal_confirmation_config.json
2025-09-01 14:30:06,013 - INFO - 🧪 测试模式已启用 - 客户账单将发送到测试邮箱
2025-09-01 14:30:06,055 - WARNING -  * Debugger is active!
2025-09-01 14:30:06,059 - INFO -  * Debugger PIN: 684-257-920
2025-09-01 14:32:29,931 - INFO -  * Detected change in 'D:\\cursor\\Auto billing\\comprehensive_self_check.py', reloading
2025-09-01 14:32:29,998 - INFO -  * Restarting with stat
2025-09-01 14:32:30,655 - INFO - ✅ 加载内部确认配置: internal_confirmation_config.json
2025-09-01 14:32:30,656 - INFO - 🧪 测试模式已启用 - 客户账单将发送到测试邮箱
2025-09-01 14:32:30,685 - WARNING -  * Debugger is active!
2025-09-01 14:32:30,690 - INFO -  * Debugger PIN: 684-257-920
2025-09-01 14:43:58,669 - INFO -  * Detected change in 'D:\\cursor\\Auto billing\\main_merchant_dimension_pdf_generator.py', reloading
2025-09-01 14:43:58,729 - INFO -  * Restarting with stat
2025-09-01 14:43:59,620 - INFO - ✅ 加载内部确认配置: internal_confirmation_config.json
2025-09-01 14:43:59,621 - INFO - 🧪 测试模式已启用 - 客户账单将发送到测试邮箱
2025-09-01 14:43:59,662 - WARNING -  * Debugger is active!
2025-09-01 14:43:59,670 - INFO -  * Debugger PIN: 684-257-920
2025-09-01 14:45:49,739 - INFO -  * Detected change in 'D:\\cursor\\Auto billing\\correct_main_merchant_pdf_generator.py', reloading
2025-09-01 14:45:49,791 - INFO -  * Restarting with stat
2025-09-01 14:45:50,369 - INFO - ✅ 加载内部确认配置: internal_confirmation_config.json
2025-09-01 14:45:50,370 - INFO - 🧪 测试模式已启用 - 客户账单将发送到测试邮箱
2025-09-01 14:45:50,394 - WARNING -  * Debugger is active!
2025-09-01 14:45:50,399 - INFO -  * Debugger PIN: 684-257-920
2025-09-01 14:50:29,104 - INFO -  * Detected change in 'D:\\cursor\\Auto billing\\updated_auto_billing_workflow.py', reloading
2025-09-01 14:50:29,163 - INFO -  * Restarting with stat
2025-09-01 14:50:30,005 - INFO - ✅ 加载内部确认配置: internal_confirmation_config.json
2025-09-01 14:50:30,006 - INFO - 🧪 测试模式已启用 - 客户账单将发送到测试邮箱
2025-09-01 14:50:30,051 - WARNING -  * Debugger is active!
2025-09-01 14:50:30,056 - INFO -  * Debugger PIN: 684-257-920
2025-09-01 14:50:33,477 - INFO -  * Detected change in 'D:\\cursor\\Auto billing\\auto_billing_workflow.py', reloading
2025-09-01 14:50:33,554 - INFO -  * Restarting with stat
2025-09-01 14:50:34,225 - INFO - ✅ 加载内部确认配置: internal_confirmation_config.json
2025-09-01 14:50:34,225 - INFO - 🧪 测试模式已启用 - 客户账单将发送到测试邮箱
2025-09-01 14:50:34,252 - WARNING -  * Debugger is active!
2025-09-01 14:50:34,257 - INFO -  * Debugger PIN: 684-257-920
2025-09-01 14:51:26,516 - INFO -  * Detected change in 'D:\\cursor\\Auto billing\\auto_billing_workflow.py', reloading
2025-09-01 14:51:26,557 - INFO -  * Restarting with stat
2025-09-01 14:51:27,231 - INFO - ✅ 加载内部确认配置: internal_confirmation_config.json
2025-09-01 14:51:27,232 - INFO - 🧪 测试模式已启用 - 客户账单将发送到测试邮箱
2025-09-01 14:51:27,273 - WARNING -  * Debugger is active!
2025-09-01 14:51:27,278 - INFO -  * Debugger PIN: 684-257-920
2025-09-01 14:52:31,973 - INFO -  * Detected change in 'D:\\cursor\\Auto billing\\final_correct_main_merchant_pdf_generator.py', reloading
2025-09-01 14:52:32,025 - INFO -  * Restarting with stat
2025-09-01 14:52:32,603 - INFO - ✅ 加载内部确认配置: internal_confirmation_config.json
2025-09-01 14:52:32,604 - INFO - 🧪 测试模式已启用 - 客户账单将发送到测试邮箱
2025-09-01 14:52:32,627 - WARNING -  * Debugger is active!
2025-09-01 14:52:32,632 - INFO -  * Debugger PIN: 684-257-920
2025-09-01 14:53:34,155 - INFO -  * Detected change in 'D:\\cursor\\Auto billing\\fixed_final_pdf_generator.py', reloading
2025-09-01 14:53:34,241 - INFO -  * Restarting with stat
2025-09-01 14:53:34,930 - INFO - ✅ 加载内部确认配置: internal_confirmation_config.json
2025-09-01 14:53:34,931 - INFO - 🧪 测试模式已启用 - 客户账单将发送到测试邮箱
2025-09-01 14:53:34,955 - WARNING -  * Debugger is active!
2025-09-01 14:53:34,959 - INFO -  * Debugger PIN: 684-257-920
2025-09-01 14:53:56,267 - INFO -  * Detected change in 'D:\\cursor\\Auto billing\\fixed_final_pdf_generator.py', reloading
2025-09-01 14:53:56,325 - INFO -  * Restarting with stat
2025-09-01 14:53:56,889 - INFO - ✅ 加载内部确认配置: internal_confirmation_config.json
2025-09-01 14:53:56,890 - INFO - 🧪 测试模式已启用 - 客户账单将发送到测试邮箱
2025-09-01 14:53:56,914 - WARNING -  * Debugger is active!
2025-09-01 14:53:56,919 - INFO -  * Debugger PIN: 684-257-920
2025-09-01 14:55:02,076 - INFO -  * Detected change in 'D:\\cursor\\Auto billing\\corrected_fetch_merchant_tables.py', reloading
2025-09-01 14:55:02,169 - INFO -  * Restarting with stat
2025-09-01 14:55:02,830 - INFO - ✅ 加载内部确认配置: internal_confirmation_config.json
2025-09-01 14:55:02,830 - INFO - 🧪 测试模式已启用 - 客户账单将发送到测试邮箱
2025-09-01 14:55:02,856 - WARNING -  * Debugger is active!
2025-09-01 14:55:02,860 - INFO -  * Debugger PIN: 684-257-920
2025-09-01 14:55:07,512 - INFO -  * Detected change in 'D:\\cursor\\Auto billing\\auto_billing_workflow.py', reloading
2025-09-01 14:55:07,550 - INFO -  * Restarting with stat
2025-09-01 14:55:08,130 - INFO - ✅ 加载内部确认配置: internal_confirmation_config.json
2025-09-01 14:55:08,131 - INFO - 🧪 测试模式已启用 - 客户账单将发送到测试邮箱
2025-09-01 14:55:08,159 - WARNING -  * Debugger is active!
2025-09-01 14:55:08,164 - INFO -  * Debugger PIN: 684-257-920
2025-09-01 14:55:47,950 - INFO -  * Detected change in 'D:\\cursor\\Auto billing\\workflow_compatible_pdf_generator.py', reloading
2025-09-01 14:55:48,030 - INFO -  * Restarting with stat
2025-09-01 14:55:48,879 - INFO - ✅ 加载内部确认配置: internal_confirmation_config.json
2025-09-01 14:55:48,880 - INFO - 🧪 测试模式已启用 - 客户账单将发送到测试邮箱
2025-09-01 14:55:48,910 - WARNING -  * Debugger is active!
2025-09-01 14:55:48,915 - INFO -  * Debugger PIN: 684-257-920
2025-09-01 14:55:53,682 - INFO -  * Detected change in 'D:\\cursor\\Auto billing\\auto_billing_workflow.py', reloading
2025-09-01 14:55:53,766 - INFO -  * Restarting with stat
2025-09-01 14:55:54,373 - INFO - ✅ 加载内部确认配置: internal_confirmation_config.json
2025-09-01 14:55:54,373 - INFO - 🧪 测试模式已启用 - 客户账单将发送到测试邮箱
2025-09-01 14:55:54,399 - WARNING -  * Debugger is active!
2025-09-01 14:55:54,404 - INFO -  * Debugger PIN: 684-257-920
2025-09-01 15:01:02,942 - INFO -  * Detected change in 'D:\\cursor\\Auto billing\\correct_main_merchant_confirmation_sender.py', reloading
2025-09-01 15:01:03,004 - INFO -  * Restarting with stat
2025-09-01 15:01:03,691 - INFO - ✅ 加载内部确认配置: internal_confirmation_config.json
2025-09-01 15:01:03,692 - INFO - 🧪 测试模式已启用 - 客户账单将发送到测试邮箱
2025-09-01 15:01:03,739 - WARNING -  * Debugger is active!
2025-09-01 15:01:03,743 - INFO -  * Debugger PIN: 684-257-920
2025-09-01 15:06:33,154 - INFO -  * Detected change in 'D:\\cursor\\Auto billing\\real_lark_data_fetcher.py', reloading
2025-09-01 15:06:33,214 - INFO -  * Restarting with stat
2025-09-01 15:06:33,789 - INFO - ✅ 加载内部确认配置: internal_confirmation_config.json
2025-09-01 15:06:33,789 - INFO - 🧪 测试模式已启用 - 客户账单将发送到测试邮箱
2025-09-01 15:06:33,812 - WARNING -  * Debugger is active!
2025-09-01 15:06:33,817 - INFO -  * Debugger PIN: 684-257-920
2025-09-01 15:06:53,312 - INFO -  * Detected change in 'D:\\cursor\\Auto billing\\real_lark_data_fetcher.py', reloading
2025-09-01 15:06:53,352 - INFO -  * Restarting with stat
2025-09-01 15:06:53,896 - INFO - ✅ 加载内部确认配置: internal_confirmation_config.json
2025-09-01 15:06:53,897 - INFO - 🧪 测试模式已启用 - 客户账单将发送到测试邮箱
2025-09-01 15:06:53,920 - WARNING -  * Debugger is active!
2025-09-01 15:06:53,925 - INFO -  * Debugger PIN: 684-257-920
2025-09-01 15:43:02,766 - INFO -  * Detected change in 'D:\\cursor\\Auto billing\\complete_billing_system.py', reloading
2025-09-01 15:43:02,811 - INFO -  * Restarting with stat
2025-09-01 15:43:04,757 - INFO - ✅ 加载内部确认配置: internal_confirmation_config.json
2025-09-01 15:43:04,764 - INFO - 🧪 测试模式已启用 - 客户账单将发送到测试邮箱
2025-09-01 15:43:04,891 - WARNING -  * Debugger is active!
2025-09-01 15:43:04,898 - INFO -  * Debugger PIN: 684-257-920
2025-09-01 15:45:04,699 - INFO -  * Detected change in 'D:\\cursor\\Auto billing\\complete_billing_system.py', reloading
2025-09-01 15:45:04,739 - INFO -  * Restarting with stat
2025-09-01 15:45:05,378 - INFO - ✅ 加载内部确认配置: internal_confirmation_config.json
2025-09-01 15:45:05,378 - INFO - 🧪 测试模式已启用 - 客户账单将发送到测试邮箱
2025-09-01 15:45:05,418 - WARNING -  * Debugger is active!
2025-09-01 15:45:05,422 - INFO -  * Debugger PIN: 684-257-920
2025-09-01 15:45:57,507 - INFO -  * Detected change in 'D:\\cursor\\Auto billing\\single_confirmation_sender.py', reloading
2025-09-01 15:45:57,544 - INFO -  * Restarting with stat
2025-09-01 15:45:58,077 - INFO - ✅ 加载内部确认配置: internal_confirmation_config.json
2025-09-01 15:45:58,078 - INFO - 🧪 测试模式已启用 - 客户账单将发送到测试邮箱
2025-09-01 15:45:58,101 - WARNING -  * Debugger is active!
2025-09-01 15:45:58,105 - INFO -  * Debugger PIN: 684-257-920
2025-09-01 15:46:08,272 - INFO -  * Detected change in 'D:\\cursor\\Auto billing\\single_confirmation_sender.py', reloading
2025-09-01 15:46:08,310 - INFO -  * Restarting with stat
2025-09-01 15:46:08,850 - INFO - ✅ 加载内部确认配置: internal_confirmation_config.json
2025-09-01 15:46:08,851 - INFO - 🧪 测试模式已启用 - 客户账单将发送到测试邮箱
2025-09-01 15:46:08,873 - WARNING -  * Debugger is active!
2025-09-01 15:46:08,878 - INFO -  * Debugger PIN: 684-257-920
2025-09-01 15:46:16,326 - INFO -  * Detected change in 'D:\\cursor\\Auto billing\\single_confirmation_sender.py', reloading
2025-09-01 15:46:16,364 - INFO -  * Restarting with stat
2025-09-01 15:46:16,898 - INFO - ✅ 加载内部确认配置: internal_confirmation_config.json
2025-09-01 15:46:16,899 - INFO - 🧪 测试模式已启用 - 客户账单将发送到测试邮箱
2025-09-01 15:46:16,922 - WARNING -  * Debugger is active!
2025-09-01 15:46:16,926 - INFO -  * Debugger PIN: 684-257-920
2025-09-01 15:46:31,092 - INFO -  * Detected change in 'D:\\cursor\\Auto billing\\single_confirmation_sender.py', reloading
2025-09-01 15:46:31,134 - INFO -  * Restarting with stat
2025-09-01 15:46:31,661 - INFO - ✅ 加载内部确认配置: internal_confirmation_config.json
2025-09-01 15:46:31,661 - INFO - 🧪 测试模式已启用 - 客户账单将发送到测试邮箱
2025-09-01 15:46:31,684 - WARNING -  * Debugger is active!
2025-09-01 15:46:31,690 - INFO -  * Debugger PIN: 684-257-920
2025-09-01 15:46:50,001 - INFO -  * Detected change in 'D:\\cursor\\Auto billing\\complete_billing_system.py', reloading
2025-09-01 15:46:50,039 - INFO -  * Restarting with stat
2025-09-01 15:46:50,567 - INFO - ✅ 加载内部确认配置: internal_confirmation_config.json
2025-09-01 15:46:50,568 - INFO - 🧪 测试模式已启用 - 客户账单将发送到测试邮箱
2025-09-01 15:46:50,591 - WARNING -  * Debugger is active!
2025-09-01 15:46:50,596 - INFO -  * Debugger PIN: 684-257-920
2025-09-01 15:46:57,931 - INFO -  * Detected change in 'D:\\cursor\\Auto billing\\complete_billing_system.py', reloading
2025-09-01 15:46:57,968 - INFO -  * Restarting with stat
2025-09-01 15:46:58,504 - INFO - ✅ 加载内部确认配置: internal_confirmation_config.json
2025-09-01 15:46:58,505 - INFO - 🧪 测试模式已启用 - 客户账单将发送到测试邮箱
2025-09-01 15:46:58,528 - WARNING -  * Debugger is active!
2025-09-01 15:46:58,533 - INFO -  * Debugger PIN: 684-257-920
2025-09-01 15:47:48,467 - INFO -  * Detected change in 'D:\\cursor\\Auto billing\\single_confirmation_sender.py', reloading
2025-09-01 15:47:48,514 - INFO -  * Restarting with stat
2025-09-01 15:47:49,207 - INFO - ✅ 加载内部确认配置: internal_confirmation_config.json
2025-09-01 15:47:49,210 - INFO - 🧪 测试模式已启用 - 客户账单将发送到测试邮箱
2025-09-01 15:47:49,242 - WARNING -  * Debugger is active!
2025-09-01 15:47:49,248 - INFO -  * Debugger PIN: 684-257-920
2025-09-01 15:49:18,701 - INFO -  * Detected change in 'D:\\cursor\\Auto billing\\single_confirmation_sender.py', reloading
2025-09-01 15:49:18,741 - INFO -  * Restarting with stat
2025-09-01 15:49:19,338 - INFO - ✅ 加载内部确认配置: internal_confirmation_config.json
2025-09-01 15:49:19,338 - INFO - 🧪 测试模式已启用 - 客户账单将发送到测试邮箱
2025-09-01 15:49:19,363 - WARNING -  * Debugger is active!
2025-09-01 15:49:19,368 - INFO -  * Debugger PIN: 684-257-920
2025-09-01 15:49:25,490 - INFO -  * Detected change in 'D:\\cursor\\Auto billing\\single_confirmation_sender.py', reloading
2025-09-01 15:49:25,526 - INFO -  * Restarting with stat
2025-09-01 15:49:26,060 - INFO - ✅ 加载内部确认配置: internal_confirmation_config.json
2025-09-01 15:49:26,061 - INFO - 🧪 测试模式已启用 - 客户账单将发送到测试邮箱
2025-09-01 15:49:26,085 - WARNING -  * Debugger is active!
2025-09-01 15:49:26,089 - INFO -  * Debugger PIN: 684-257-920
2025-09-01 15:50:01,103 - INFO -  * Detected change in 'D:\\cursor\\Auto billing\\single_confirmation_sender.py', reloading
2025-09-01 15:50:01,141 - INFO -  * Restarting with stat
2025-09-01 15:50:01,704 - INFO - ✅ 加载内部确认配置: internal_confirmation_config.json
2025-09-01 15:50:01,704 - INFO - 🧪 测试模式已启用 - 客户账单将发送到测试邮箱
2025-09-01 15:50:01,728 - WARNING -  * Debugger is active!
2025-09-01 15:50:01,733 - INFO -  * Debugger PIN: 684-257-920
2025-09-01 15:50:05,061 - INFO -  * Detected change in 'D:\\cursor\\Auto billing\\single_confirmation_sender.py', reloading
2025-09-01 15:50:05,098 - INFO -  * Restarting with stat
2025-09-01 15:50:05,651 - INFO - ✅ 加载内部确认配置: internal_confirmation_config.json
2025-09-01 15:50:05,651 - INFO - 🧪 测试模式已启用 - 客户账单将发送到测试邮箱
2025-09-01 15:50:05,675 - WARNING -  * Debugger is active!
2025-09-01 15:50:05,680 - INFO -  * Debugger PIN: 684-257-920
2025-09-01 15:50:07,652 - INFO -  * Detected change in 'D:\\cursor\\Auto billing\\single_confirmation_sender.py', reloading
2025-09-01 15:50:07,689 - INFO -  * Restarting with stat
2025-09-01 15:50:08,280 - INFO - ✅ 加载内部确认配置: internal_confirmation_config.json
2025-09-01 15:50:08,280 - INFO - 🧪 测试模式已启用 - 客户账单将发送到测试邮箱
2025-09-01 15:50:08,305 - WARNING -  * Debugger is active!
2025-09-01 15:50:08,310 - INFO -  * Debugger PIN: 684-257-920
2025-09-01 15:50:36,527 - INFO -  * Detected change in 'D:\\cursor\\Auto billing\\single_confirmation_sender.py', reloading
2025-09-01 15:50:36,584 - INFO -  * Restarting with stat
2025-09-01 15:50:37,165 - INFO - ✅ 加载内部确认配置: internal_confirmation_config.json
2025-09-01 15:50:37,166 - INFO - 🧪 测试模式已启用 - 客户账单将发送到测试邮箱
2025-09-01 15:50:37,195 - WARNING -  * Debugger is active!
2025-09-01 15:50:37,200 - INFO -  * Debugger PIN: 684-257-920
2025-09-01 15:51:44,288 - INFO -  * Detected change in 'D:\\cursor\\Auto billing\\single_confirmation_sender.py', reloading
2025-09-01 15:51:44,325 - INFO -  * Restarting with stat
2025-09-01 15:51:44,869 - INFO - ✅ 加载内部确认配置: internal_confirmation_config.json
2025-09-01 15:51:44,869 - INFO - 🧪 测试模式已启用 - 客户账单将发送到测试邮箱
2025-09-01 15:51:44,893 - WARNING -  * Debugger is active!
2025-09-01 15:51:44,898 - INFO -  * Debugger PIN: 684-257-920
2025-09-01 15:53:01,495 - INFO -  * Detected change in 'D:\\cursor\\Auto billing\\single_confirmation_sender.py', reloading
2025-09-01 15:53:01,552 - INFO -  * Restarting with stat
2025-09-01 15:53:02,160 - INFO - ✅ 加载内部确认配置: internal_confirmation_config.json
2025-09-01 15:53:02,160 - INFO - 🧪 测试模式已启用 - 客户账单将发送到测试邮箱
2025-09-01 15:53:02,190 - WARNING -  * Debugger is active!
2025-09-01 15:53:02,197 - INFO -  * Debugger PIN: 684-257-920
2025-09-01 15:53:53,316 - INFO -  * Detected change in 'D:\\cursor\\Auto billing\\single_confirmation_sender.py', reloading
2025-09-01 15:53:53,350 - INFO -  * Restarting with stat
2025-09-01 15:53:53,879 - INFO - ✅ 加载内部确认配置: internal_confirmation_config.json
2025-09-01 15:53:53,880 - INFO - 🧪 测试模式已启用 - 客户账单将发送到测试邮箱
2025-09-01 15:53:53,902 - WARNING -  * Debugger is active!
2025-09-01 15:53:53,906 - INFO -  * Debugger PIN: 684-257-920
2025-09-01 15:55:16,172 - INFO -  * Detected change in 'D:\\cursor\\Auto billing\\confirm_handler.py', reloading
2025-09-01 15:55:16,207 - INFO -  * Restarting with stat
2025-09-01 15:55:16,736 - INFO - ✅ 加载内部确认配置: internal_confirmation_config.json
2025-09-01 15:55:16,737 - INFO - 🧪 测试模式已启用 - 客户账单将发送到测试邮箱
2025-09-01 15:55:16,759 - WARNING -  * Debugger is active!
2025-09-01 15:55:16,764 - INFO -  * Debugger PIN: 684-257-920
2025-09-01 15:55:36,651 - INFO -  * Detected change in 'D:\\cursor\\Auto billing\\confirm_handler.py', reloading
2025-09-01 15:55:36,684 - INFO -  * Restarting with stat
2025-09-01 15:55:37,199 - INFO - ✅ 加载内部确认配置: internal_confirmation_config.json
2025-09-01 15:55:37,200 - INFO - 🧪 测试模式已启用 - 客户账单将发送到测试邮箱
2025-09-01 15:55:37,222 - WARNING -  * Debugger is active!
2025-09-01 15:55:37,226 - INFO -  * Debugger PIN: 684-257-920
2025-09-01 15:57:24,771 - INFO -  * Detected change in 'D:\\cursor\\Auto billing\\confirm_handler.py', reloading
2025-09-01 15:57:24,819 - INFO -  * Restarting with stat
2025-09-01 15:57:25,375 - INFO - ✅ 加载内部确认配置: internal_confirmation_config.json
2025-09-01 15:57:25,375 - INFO - 🧪 测试模式已启用 - 客户账单将发送到测试邮箱
2025-09-01 15:57:25,399 - WARNING -  * Debugger is active!
2025-09-01 15:57:25,403 - INFO -  * Debugger PIN: 684-257-920
2025-09-01 16:00:21,875 - INFO -  * Detected change in 'D:\\cursor\\Auto billing\\confirm_handler.py', reloading
2025-09-01 16:00:21,913 - INFO -  * Restarting with stat
2025-09-01 16:00:22,482 - INFO - ✅ 加载内部确认配置: internal_confirmation_config.json
2025-09-01 16:00:22,483 - INFO - 🧪 测试模式已启用 - 客户账单将发送到测试邮箱
2025-09-01 16:00:22,510 - WARNING -  * Debugger is active!
2025-09-01 16:00:22,515 - INFO -  * Debugger PIN: 684-257-920
2025-09-01 16:04:38,236 - INFO -  * Detected change in 'D:\\cursor\\Auto billing\\single_confirmation_sender.py', reloading
2025-09-01 16:04:38,284 - INFO -  * Restarting with stat
2025-09-01 16:04:38,960 - INFO - ✅ 加载内部确认配置: internal_confirmation_config.json
2025-09-01 16:04:38,961 - INFO - 🧪 测试模式已启用 - 客户账单将发送到测试邮箱
2025-09-01 16:04:39,007 - WARNING -  * Debugger is active!
2025-09-01 16:04:39,012 - INFO -  * Debugger PIN: 684-257-920
2025-09-01 16:05:15,262 - INFO -  * Detected change in 'D:\\cursor\\Auto billing\\single_confirmation_sender.py', reloading
2025-09-01 16:05:15,297 - INFO -  * Restarting with stat
2025-09-01 16:05:15,858 - INFO - ✅ 加载内部确认配置: internal_confirmation_config.json
2025-09-01 16:05:15,859 - INFO - 🧪 测试模式已启用 - 客户账单将发送到测试邮箱
2025-09-01 16:05:15,884 - WARNING -  * Debugger is active!
2025-09-01 16:05:15,888 - INFO -  * Debugger PIN: 684-257-920
2025-09-01 16:07:50,540 - INFO -  * Detected change in 'D:\\cursor\\Auto billing\\telegram_bot_listener.py', reloading
2025-09-01 16:07:50,578 - INFO -  * Restarting with stat
2025-09-01 16:07:51,129 - INFO - ✅ 加载内部确认配置: internal_confirmation_config.json
2025-09-01 16:07:51,130 - INFO - 🧪 测试模式已启用 - 客户账单将发送到测试邮箱
2025-09-01 16:07:51,153 - WARNING -  * Debugger is active!
2025-09-01 16:07:51,158 - INFO -  * Debugger PIN: 684-257-920
2025-09-01 16:08:15,239 - INFO -  * Detected change in 'D:\\cursor\\Auto billing\\telegram_bot_listener.py', reloading
2025-09-01 16:08:15,275 - INFO -  * Restarting with stat
2025-09-01 16:08:15,821 - INFO - ✅ 加载内部确认配置: internal_confirmation_config.json
2025-09-01 16:08:15,821 - INFO - 🧪 测试模式已启用 - 客户账单将发送到测试邮箱
2025-09-01 16:08:15,846 - WARNING -  * Debugger is active!
2025-09-01 16:08:15,851 - INFO -  * Debugger PIN: 684-257-920
2025-09-01 16:08:30,034 - INFO -  * Detected change in 'D:\\cursor\\Auto billing\\telegram_bot_listener.py', reloading
2025-09-01 16:08:30,077 - INFO -  * Restarting with stat
2025-09-01 16:08:30,698 - INFO - ✅ 加载内部确认配置: internal_confirmation_config.json
2025-09-01 16:08:30,699 - INFO - 🧪 测试模式已启用 - 客户账单将发送到测试邮箱
2025-09-01 16:08:30,722 - WARNING -  * Debugger is active!
2025-09-01 16:08:30,726 - INFO -  * Debugger PIN: 684-257-920
2025-09-01 16:12:15,968 - INFO -  * Detected change in 'D:\\cursor\\Auto billing\\install_telegram_service.py', reloading
2025-09-01 16:12:16,007 - INFO -  * Restarting with stat
2025-09-01 16:12:16,545 - INFO - ✅ 加载内部确认配置: internal_confirmation_config.json
2025-09-01 16:12:16,545 - INFO - 🧪 测试模式已启用 - 客户账单将发送到测试邮箱
2025-09-01 16:12:16,568 - WARNING -  * Debugger is active!
2025-09-01 16:12:16,573 - INFO -  * Debugger PIN: 684-257-920
2025-09-01 16:13:59,529 - INFO -  * Detected change in 'D:\\cursor\\Auto billing\\single_confirmation_sender.py', reloading
2025-09-01 16:13:59,573 - INFO -  * Restarting with stat
2025-09-01 16:14:00,129 - INFO - ✅ 加载内部确认配置: internal_confirmation_config.json
2025-09-01 16:14:00,130 - INFO - 🧪 测试模式已启用 - 客户账单将发送到测试邮箱
2025-09-01 16:14:00,154 - WARNING -  * Debugger is active!
2025-09-01 16:14:00,158 - INFO -  * Debugger PIN: 684-257-920
2025-09-01 16:14:42,098 - INFO -  * Detected change in 'D:\\cursor\\Auto billing\\on_demand_listener.py', reloading
2025-09-01 16:14:42,140 - INFO -  * Restarting with stat
2025-09-01 16:14:42,702 - INFO - ✅ 加载内部确认配置: internal_confirmation_config.json
2025-09-01 16:14:42,702 - INFO - 🧪 测试模式已启用 - 客户账单将发送到测试邮箱
2025-09-01 16:14:42,728 - WARNING -  * Debugger is active!
2025-09-01 16:14:42,734 - INFO -  * Debugger PIN: 684-257-920
2025-09-01 16:17:07,111 - INFO -  * Detected change in 'D:\\cursor\\Auto billing\\fix_network_connection.py', reloading
2025-09-01 16:17:07,148 - INFO -  * Restarting with stat
2025-09-01 16:17:07,696 - INFO - ✅ 加载内部确认配置: internal_confirmation_config.json
2025-09-01 16:17:07,697 - INFO - 🧪 测试模式已启用 - 客户账单将发送到测试邮箱
2025-09-01 16:17:07,721 - WARNING -  * Debugger is active!
2025-09-01 16:17:07,726 - INFO -  * Debugger PIN: 684-257-920
2025-09-01 16:18:15,174 - INFO -  * Detected change in 'D:\\cursor\\Auto billing\\single_confirmation_sender.py', reloading
2025-09-01 16:18:15,209 - INFO -  * Restarting with stat
2025-09-01 16:18:15,748 - INFO - ✅ 加载内部确认配置: internal_confirmation_config.json
2025-09-01 16:18:15,749 - INFO - 🧪 测试模式已启用 - 客户账单将发送到测试邮箱
2025-09-01 16:18:15,772 - WARNING -  * Debugger is active!
2025-09-01 16:18:15,776 - INFO -  * Debugger PIN: 684-257-920
2025-09-01 16:18:42,507 - INFO -  * Detected change in 'D:\\cursor\\Auto billing\\test_smart_workflow.py', reloading
2025-09-01 16:18:42,541 - INFO -  * Restarting with stat
2025-09-01 16:18:43,085 - INFO - ✅ 加载内部确认配置: internal_confirmation_config.json
2025-09-01 16:18:43,086 - INFO - 🧪 测试模式已启用 - 客户账单将发送到测试邮箱
2025-09-01 16:18:43,109 - WARNING -  * Debugger is active!
2025-09-01 16:18:43,114 - INFO -  * Debugger PIN: 684-257-920
2025-09-01 16:22:20,457 - INFO -  * Detected change in 'D:\\cursor\\Auto billing\\test_smart_workflow.py', reloading
2025-09-01 16:22:20,510 - INFO -  * Restarting with stat
2025-09-01 16:22:21,191 - INFO - ✅ 加载内部确认配置: internal_confirmation_config.json
2025-09-01 16:22:21,192 - INFO - 🧪 测试模式已启用 - 客户账单将发送到测试邮箱
2025-09-01 16:22:21,235 - WARNING -  * Debugger is active!
2025-09-01 16:22:21,240 - INFO -  * Debugger PIN: 684-257-920
2025-09-01 16:26:50,593 - INFO -  * Detected change in 'D:\\cursor\\Auto billing\\email_attachment_downloader_fixed.py', reloading
2025-09-01 16:26:50,633 - INFO -  * Restarting with stat
2025-09-01 16:26:51,243 - INFO - ✅ 加载内部确认配置: internal_confirmation_config.json
2025-09-01 16:26:51,243 - INFO - 🧪 测试模式已启用 - 客户账单将发送到测试邮箱
2025-09-01 16:26:51,284 - WARNING -  * Debugger is active!
2025-09-01 16:26:51,288 - INFO -  * Debugger PIN: 684-257-920
2025-09-01 16:27:17,721 - INFO -  * Detected change in 'D:\\cursor\\Auto billing\\auto_email_downloader.py', reloading
2025-09-01 16:27:17,758 - INFO -  * Restarting with stat
2025-09-01 16:27:18,312 - INFO - ✅ 加载内部确认配置: internal_confirmation_config.json
2025-09-01 16:27:18,313 - INFO - 🧪 测试模式已启用 - 客户账单将发送到测试邮箱
2025-09-01 16:27:18,338 - WARNING -  * Debugger is active!
2025-09-01 16:27:18,343 - INFO -  * Debugger PIN: 684-257-920
2025-09-01 16:27:23,063 - INFO -  * Detected change in 'D:\\cursor\\Auto billing\\auto_email_downloader.py', reloading
2025-09-01 16:27:23,102 - INFO -  * Restarting with stat
2025-09-01 16:27:23,650 - INFO - ✅ 加载内部确认配置: internal_confirmation_config.json
2025-09-01 16:27:23,650 - INFO - 🧪 测试模式已启用 - 客户账单将发送到测试邮箱
2025-09-01 16:27:23,675 - WARNING -  * Debugger is active!
2025-09-01 16:27:23,679 - INFO -  * Debugger PIN: 684-257-920
2025-09-01 16:31:33,372 - INFO -  * Detected change in 'D:\\cursor\\Auto billing\\auto_email_downloader.py', reloading
2025-09-01 16:31:33,425 - INFO -  * Restarting with stat
2025-09-01 16:31:34,019 - INFO - ✅ 加载内部确认配置: internal_confirmation_config.json
2025-09-01 16:31:34,020 - INFO - 🧪 测试模式已启用 - 客户账单将发送到测试邮箱
2025-09-01 16:31:34,042 - WARNING -  * Debugger is active!
2025-09-01 16:31:34,047 - INFO -  * Debugger PIN: 684-257-920
2025-09-01 16:32:00,520 - INFO -  * Detected change in 'D:\\cursor\\Auto billing\\email_attachment_downloader_fixed.py', reloading
2025-09-01 16:32:00,567 - INFO -  * Restarting with stat
2025-09-01 16:32:01,107 - INFO - ✅ 加载内部确认配置: internal_confirmation_config.json
2025-09-01 16:32:01,107 - INFO - 🧪 测试模式已启用 - 客户账单将发送到测试邮箱
2025-09-01 16:32:01,130 - WARNING -  * Debugger is active!
2025-09-01 16:32:01,135 - INFO -  * Debugger PIN: 684-257-920
2025-09-01 16:32:49,040 - INFO -  * Detected change in 'D:\\cursor\\Auto billing\\auto_email_downloader.py', reloading
2025-09-01 16:32:49,075 - INFO -  * Restarting with stat
2025-09-01 16:32:49,608 - INFO - ✅ 加载内部确认配置: internal_confirmation_config.json
2025-09-01 16:32:49,609 - INFO - 🧪 测试模式已启用 - 客户账单将发送到测试邮箱
2025-09-01 16:32:49,632 - WARNING -  * Debugger is active!
2025-09-01 16:32:49,638 - INFO -  * Debugger PIN: 684-257-920
2025-09-01 16:33:03,717 - INFO -  * Detected change in 'D:\\cursor\\Auto billing\\auto_email_downloader.py', reloading
2025-09-01 16:33:03,756 - INFO -  * Restarting with stat
2025-09-01 16:33:04,293 - INFO - ✅ 加载内部确认配置: internal_confirmation_config.json
2025-09-01 16:33:04,293 - INFO - 🧪 测试模式已启用 - 客户账单将发送到测试邮箱
2025-09-01 16:33:04,316 - WARNING -  * Debugger is active!
2025-09-01 16:33:04,320 - INFO -  * Debugger PIN: 684-257-920
2025-09-01 16:33:07,713 - INFO -  * Detected change in 'D:\\cursor\\Auto billing\\auto_email_downloader.py', reloading
2025-09-01 16:33:07,758 - INFO -  * Restarting with stat
2025-09-01 16:33:08,295 - INFO - ✅ 加载内部确认配置: internal_confirmation_config.json
2025-09-01 16:33:08,296 - INFO - 🧪 测试模式已启用 - 客户账单将发送到测试邮箱
2025-09-01 16:33:08,318 - WARNING -  * Debugger is active!
2025-09-01 16:33:08,322 - INFO -  * Debugger PIN: 684-257-920
2025-09-01 16:34:13,799 - INFO -  * Detected change in 'D:\\cursor\\Auto billing\\quick_email_downloader.py', reloading
2025-09-01 16:34:13,834 - INFO -  * Restarting with stat
2025-09-01 16:34:14,373 - INFO - ✅ 加载内部确认配置: internal_confirmation_config.json
2025-09-01 16:34:14,374 - INFO - 🧪 测试模式已启用 - 客户账单将发送到测试邮箱
2025-09-01 16:34:14,398 - WARNING -  * Debugger is active!
2025-09-01 16:34:14,402 - INFO -  * Debugger PIN: 684-257-920
2025-09-01 17:08:48,958 - INFO -  * Detected change in 'D:\\cursor\\Auto billing\\email_attachment_downloader_fixed.py', reloading
2025-09-01 17:08:49,006 - INFO -  * Restarting with stat
2025-09-01 17:08:49,941 - INFO - ✅ 加载内部确认配置: internal_confirmation_config.json
2025-09-01 17:08:49,943 - INFO - 🧪 测试模式已启用 - 客户账单将发送到测试邮箱
2025-09-01 17:08:49,986 - WARNING -  * Debugger is active!
2025-09-01 17:08:49,993 - INFO -  * Debugger PIN: 684-257-920
2025-09-01 17:09:06,878 - INFO -  * Detected change in 'D:\\cursor\\Auto billing\\auto_email_downloader.py', reloading
2025-09-01 17:09:06,916 - INFO -  * Restarting with stat
2025-09-01 17:09:07,454 - INFO - ✅ 加载内部确认配置: internal_confirmation_config.json
2025-09-01 17:09:07,454 - INFO - 🧪 测试模式已启用 - 客户账单将发送到测试邮箱
2025-09-01 17:09:07,478 - WARNING -  * Debugger is active!
2025-09-01 17:09:07,482 - INFO -  * Debugger PIN: 684-257-920
2025-09-01 17:09:10,972 - INFO -  * Detected change in 'D:\\cursor\\Auto billing\\quick_email_downloader.py', reloading
2025-09-01 17:09:11,034 - INFO -  * Restarting with stat
2025-09-01 17:09:11,591 - INFO - ✅ 加载内部确认配置: internal_confirmation_config.json
2025-09-01 17:09:11,592 - INFO - 🧪 测试模式已启用 - 客户账单将发送到测试邮箱
2025-09-01 17:09:11,616 - WARNING -  * Debugger is active!
2025-09-01 17:09:11,620 - INFO -  * Debugger PIN: 684-257-920
2025-09-01 17:11:09,793 - INFO -  * Detected change in 'D:\\cursor\\Auto billing\\auto_email_downloader.py', reloading
2025-09-01 17:11:09,832 - INFO -  * Restarting with stat
2025-09-01 17:11:10,416 - INFO - ✅ 加载内部确认配置: internal_confirmation_config.json
2025-09-01 17:11:10,417 - INFO - 🧪 测试模式已启用 - 客户账单将发送到测试邮箱
2025-09-01 17:11:10,458 - WARNING -  * Debugger is active!
2025-09-01 17:11:10,462 - INFO -  * Debugger PIN: 684-257-920
2025-09-01 17:15:20,569 - INFO -  * Detected change in 'D:\\cursor\\Auto billing\\complete_invoice_pdf_generator.py', reloading
2025-09-01 17:15:20,609 - INFO -  * Restarting with stat
2025-09-01 17:15:21,218 - INFO - ✅ 加载内部确认配置: internal_confirmation_config.json
2025-09-01 17:15:21,218 - INFO - 🧪 测试模式已启用 - 客户账单将发送到测试邮箱
2025-09-01 17:15:21,259 - WARNING -  * Debugger is active!
2025-09-01 17:15:21,264 - INFO -  * Debugger PIN: 684-257-920
2025-09-01 17:15:24,556 - INFO -  * Detected change in 'D:\\cursor\\Auto billing\\complete_invoice_pdf_generator.py', reloading
2025-09-01 17:15:24,596 - INFO -  * Restarting with stat
2025-09-01 17:15:25,136 - INFO - ✅ 加载内部确认配置: internal_confirmation_config.json
2025-09-01 17:15:25,136 - INFO - 🧪 测试模式已启用 - 客户账单将发送到测试邮箱
2025-09-01 17:15:25,159 - WARNING -  * Debugger is active!
2025-09-01 17:15:25,164 - INFO -  * Debugger PIN: 684-257-920
2025-09-01 17:15:27,232 - INFO -  * Detected change in 'D:\\cursor\\Auto billing\\complete_invoice_pdf_generator.py', reloading
2025-09-01 17:15:27,320 - INFO -  * Restarting with stat
2025-09-01 17:15:27,875 - INFO - ✅ 加载内部确认配置: internal_confirmation_config.json
2025-09-01 17:15:27,875 - INFO - 🧪 测试模式已启用 - 客户账单将发送到测试邮箱
2025-09-01 17:15:27,898 - WARNING -  * Debugger is active!
2025-09-01 17:15:27,903 - INFO -  * Debugger PIN: 684-257-920
2025-09-01 17:15:31,263 - INFO -  * Detected change in 'D:\\cursor\\Auto billing\\bill_calculator.py', reloading
2025-09-01 17:15:31,300 - INFO -  * Restarting with stat
2025-09-01 17:15:31,833 - INFO - ✅ 加载内部确认配置: internal_confirmation_config.json
2025-09-01 17:15:31,834 - INFO - 🧪 测试模式已启用 - 客户账单将发送到测试邮箱
2025-09-01 17:15:31,857 - WARNING -  * Debugger is active!
2025-09-01 17:15:31,862 - INFO -  * Debugger PIN: 684-257-920
2025-09-01 17:21:17,154 - INFO -  * Detected change in 'D:\\cursor\\Auto billing\\quick_email_downloader.py', reloading
2025-09-01 17:21:17,270 - INFO -  * Restarting with stat
2025-09-01 17:21:18,029 - INFO - ✅ 加载内部确认配置: internal_confirmation_config.json
2025-09-01 17:21:18,030 - INFO - 🧪 测试模式已启用 - 客户账单将发送到测试邮箱
2025-09-01 17:21:18,065 - WARNING -  * Debugger is active!
2025-09-01 17:21:18,072 - INFO -  * Debugger PIN: 684-257-920
2025-09-01 17:24:39,208 - INFO -  * Detected change in 'D:\\cursor\\Auto billing\\complete_invoice_pdf_generator.py', reloading
2025-09-01 17:24:39,265 - INFO -  * Restarting with stat
2025-09-01 17:24:39,954 - INFO - ✅ 加载内部确认配置: internal_confirmation_config.json
2025-09-01 17:24:39,955 - INFO - 🧪 测试模式已启用 - 客户账单将发送到测试邮箱
2025-09-01 17:24:39,999 - WARNING -  * Debugger is active!
2025-09-01 17:24:40,003 - INFO -  * Debugger PIN: 684-257-920
2025-09-01 17:24:46,026 - INFO -  * Detected change in 'D:\\cursor\\Auto billing\\complete_invoice_pdf_generator.py', reloading
2025-09-01 17:24:46,063 - INFO -  * Restarting with stat
2025-09-01 17:24:46,593 - INFO - ✅ 加载内部确认配置: internal_confirmation_config.json
2025-09-01 17:24:46,593 - INFO - 🧪 测试模式已启用 - 客户账单将发送到测试邮箱
2025-09-01 17:24:46,618 - WARNING -  * Debugger is active!
2025-09-01 17:24:46,622 - INFO -  * Debugger PIN: 684-257-920
2025-09-01 17:24:51,410 - INFO -  * Detected change in 'D:\\cursor\\Auto billing\\complete_invoice_pdf_generator.py', reloading
2025-09-01 17:24:51,458 - INFO -  * Restarting with stat
2025-09-01 17:24:52,023 - INFO - ✅ 加载内部确认配置: internal_confirmation_config.json
2025-09-01 17:24:52,023 - INFO - 🧪 测试模式已启用 - 客户账单将发送到测试邮箱
2025-09-01 17:24:52,047 - WARNING -  * Debugger is active!
2025-09-01 17:24:52,051 - INFO -  * Debugger PIN: 684-257-920
2025-09-01 17:29:02,280 - INFO -  * Detected change in 'D:\\cursor\\Auto billing\\complete_billing_system.py', reloading
2025-09-01 17:29:02,322 - INFO -  * Restarting with stat
2025-09-01 17:29:02,991 - INFO - ✅ 加载内部确认配置: internal_confirmation_config.json
2025-09-01 17:29:02,991 - INFO - 🧪 测试模式已启用 - 客户账单将发送到测试邮箱
2025-09-01 17:29:03,032 - WARNING -  * Debugger is active!
2025-09-01 17:29:03,036 - INFO -  * Debugger PIN: 684-257-920
2025-09-01 17:29:56,948 - INFO -  * Detected change in 'D:\\cursor\\Auto billing\\complete_invoice_pdf_generator.py', reloading
2025-09-01 17:29:56,994 - INFO -  * Restarting with stat
2025-09-01 17:29:57,677 - INFO - ✅ 加载内部确认配置: internal_confirmation_config.json
2025-09-01 17:29:57,677 - INFO - 🧪 测试模式已启用 - 客户账单将发送到测试邮箱
2025-09-01 17:29:57,718 - WARNING -  * Debugger is active!
2025-09-01 17:29:57,724 - INFO -  * Debugger PIN: 684-257-920
2025-09-01 17:31:59,159 - INFO -  * Detected change in 'D:\\cursor\\Auto billing\\quick_email_downloader.py', reloading
2025-09-01 17:31:59,211 - INFO -  * Restarting with stat
2025-09-01 17:31:59,890 - INFO - ✅ 加载内部确认配置: internal_confirmation_config.json
2025-09-01 17:31:59,890 - INFO - 🧪 测试模式已启用 - 客户账单将发送到测试邮箱
2025-09-01 17:31:59,923 - WARNING -  * Debugger is active!
2025-09-01 17:31:59,929 - INFO -  * Debugger PIN: 684-257-920
2025-09-01 17:32:00,789 - INFO -  * Detected change in 'D:\\cursor\\Auto billing\\fixed_merchant_data_matcher.py', reloading
2025-09-01 17:32:00,858 - INFO -  * Restarting with stat
2025-09-01 17:32:01,557 - INFO - ✅ 加载内部确认配置: internal_confirmation_config.json
2025-09-01 17:32:01,557 - INFO - 🧪 测试模式已启用 - 客户账单将发送到测试邮箱
2025-09-01 17:32:01,582 - WARNING -  * Debugger is active!
2025-09-01 17:32:01,587 - INFO -  * Debugger PIN: 684-257-920
2025-09-01 17:35:39,594 - INFO -  * Detected change in 'D:\\cursor\\Auto billing\\test_email_downloader.py', reloading
2025-09-01 17:35:39,657 - INFO -  * Restarting with stat
2025-09-01 17:35:40,359 - INFO - ✅ 加载内部确认配置: internal_confirmation_config.json
2025-09-01 17:35:40,360 - INFO - 🧪 测试模式已启用 - 客户账单将发送到测试邮箱
2025-09-01 17:35:40,387 - WARNING -  * Debugger is active!
2025-09-01 17:35:40,392 - INFO -  * Debugger PIN: 684-257-920
2025-09-01 17:35:41,138 - INFO -  * Detected change in 'D:\\cursor\\Auto billing\\complete_invoice_pdf_generator.py', reloading
2025-09-01 17:35:41,206 - INFO -  * Restarting with stat
2025-09-01 17:35:41,886 - INFO - ✅ 加载内部确认配置: internal_confirmation_config.json
2025-09-01 17:35:41,887 - INFO - 🧪 测试模式已启用 - 客户账单将发送到测试邮箱
2025-09-01 17:35:41,917 - WARNING -  * Debugger is active!
2025-09-01 17:35:41,923 - INFO -  * Debugger PIN: 684-257-920
2025-09-01 17:38:25,341 - INFO -  * Detected change in 'D:\\cursor\\Auto billing\\fixed_merchant_data_matcher.py', reloading
2025-09-01 17:38:25,398 - INFO -  * Restarting with stat
2025-09-01 17:38:26,047 - INFO - ✅ 加载内部确认配置: internal_confirmation_config.json
2025-09-01 17:38:26,047 - INFO - 🧪 测试模式已启用 - 客户账单将发送到测试邮箱
2025-09-01 17:38:26,072 - WARNING -  * Debugger is active!
2025-09-01 17:38:26,077 - INFO -  * Debugger PIN: 684-257-920
2025-09-01 17:39:27,198 - INFO -  * Detected change in 'D:\\cursor\\Auto billing\\test_email_downloader.py', reloading
2025-09-01 17:39:27,450 - INFO -  * Restarting with stat
2025-09-01 17:39:28,378 - INFO - ✅ 加载内部确认配置: internal_confirmation_config.json
2025-09-01 17:39:28,379 - INFO - 🧪 测试模式已启用 - 客户账单将发送到测试邮箱
2025-09-01 17:39:28,415 - WARNING -  * Debugger is active!
2025-09-01 17:39:28,423 - INFO -  * Debugger PIN: 684-257-920
2025-09-01 17:39:29,258 - INFO -  * Detected change in 'D:\\cursor\\Auto billing\\auto_email_downloader.py', reloading
2025-09-01 17:39:29,350 - INFO -  * Restarting with stat
2025-09-01 17:39:30,022 - INFO - ✅ 加载内部确认配置: internal_confirmation_config.json
2025-09-01 17:39:30,022 - INFO - 🧪 测试模式已启用 - 客户账单将发送到测试邮箱
2025-09-01 17:39:30,049 - WARNING -  * Debugger is active!
2025-09-01 17:39:30,054 - INFO -  * Debugger PIN: 684-257-920
